[  2%] Built target lio_sam__cpp
[ 10%] Built target lio_sam__rosidl_generator_c
[ 10%] Built target ament_cmake_python_symlink_lio_sam
[ 19%] Built target lio_sam__rosidl_typesupport_cpp
[ 27%] Built target lio_sam__rosidl_typesupport_introspection_cpp
[ 36%] Built target lio_sam__rosidl_typesupport_fastrtps_cpp
[ 44%] Built target lio_sam__rosidl_typesupport_introspection_c
[ 53%] Built target lio_sam__rosidl_typesupport_c
[ 61%] Built target lio_sam__rosidl_typesupport_fastrtps_c
[ 61%] Built target lio_sam
[35m[1mConsolidate compiler generated dependencies of target lio_sam_imageProjection[0m
[ 63%] Built target lio_sam__py
[ 70%] Built target lio_sam__rosidl_generator_py
[ 74%] Built target lio_sam_featureExtraction
[ 78%] Built target lio_sam_imuPreintegration
[ 80%] [32mBuilding CXX object CMakeFiles/lio_sam_imageProjection.dir/src/imageProjection.cpp.o[0m
[ 93%] Built target lio_sam__rosidl_typesupport_fastrtps_c__pyext
[ 93%] Built target lio_sam__rosidl_typesupport_c__pyext
[ 93%] Built target lio_sam__rosidl_typesupport_introspection_c__pyext
[ 97%] Built target lio_sam_mapOptimization
running egg_info
writing lio_sam.egg-info/PKG-INFO
writing dependency_links to lio_sam.egg-info/dependency_links.txt
writing top-level names to lio_sam.egg-info/top_level.txt
reading manifest file 'lio_sam.egg-info/SOURCES.txt'
writing manifest file 'lio_sam.egg-info/SOURCES.txt'
[ 97%] Built target ament_cmake_python_build_lio_sam_egg
[01m[K/home/rajpurkar/LIO-SAM-COLOR/src/imageProjection.cpp:[m[K In member function ‘[01m[Kvoid ImageProjection::imuHandler(sensor_msgs::msg::Imu_<std::allocator<void> >::SharedPtr)[m[K’:
[01m[K/home/rajpurkar/LIO-SAM-COLOR/src/imageProjection.cpp:182:9:[m[K [01;31m[Kerror: [m[K‘[01m[Kdebug[m[K’ was not declared in this scope
  182 |         [01;31m[Kdebug[m[K IMU data
      |         [01;31m[K^~~~~[m[K
[01m[K/home/rajpurkar/LIO-SAM-COLOR/src/imageProjection.cpp:193:9:[m[K [01;31m[Kerror: [m[K‘[01m[Ktf[m[K’ has not been declared
  193 |         [01;31m[Ktf[m[K::Quaternion orientation;
      |         [01;31m[K^~[m[K
[01m[K/home/rajpurkar/LIO-SAM-COLOR/src/imageProjection.cpp:194:9:[m[K [01;31m[Kerror: [m[K‘[01m[Ktf[m[K’ has not been declared
  194 |         [01;31m[Ktf[m[K::quaternionMsgToTF(thisImu.orientation, orientation);
      |         [01;31m[K^~[m[K
[01m[K/home/rajpurkar/LIO-SAM-COLOR/src/imageProjection.cpp:194:52:[m[K [01;31m[Kerror: [m[K‘[01m[Korientation[m[K’ was not declared in this scope
  194 |         tf::quaternionMsgToTF(thisImu.orientation, [01;31m[Korientation[m[K);
      |                                                    [01;31m[K^~~~~~~~~~~[m[K
[01m[K/home/rajpurkar/LIO-SAM-COLOR/src/imageProjection.cpp:195:9:[m[K [01;31m[Kerror: [m[K‘[01m[Ktf[m[K’ has not been declared
  195 |         [01;31m[Ktf[m[K::Matrix3x3(orientation).getRPY(imuRoll, imuPitch, imuYaw);
      |         [01;31m[K^~[m[K
gmake[2]: *** [CMakeFiles/lio_sam_imageProjection.dir/build.make:76: CMakeFiles/lio_sam_imageProjection.dir/src/imageProjection.cpp.o] Error 1
gmake[1]: *** [CMakeFiles/Makefile2:628: CMakeFiles/lio_sam_imageProjection.dir/all] Error 2
gmake: *** [Makefile:146: all] Error 2
