[0.011s] Invoking command in '/home/rajpurkar/LIO-SAM-COLOR/build/lio_sam': CMAKE_PREFIX_PATH=${CMAKE_PREFIX_PATH}:/opt/ros/humble /usr/bin/cmake --build /home/rajpurkar/LIO-SAM-COLOR/build/lio_sam -- -j16 -l16
[0.057s] [  2%] Built target lio_sam__cpp
[0.057s] [ 10%] Built target lio_sam__rosidl_generator_c
[0.063s] [ 10%] Built target ament_cmake_python_symlink_lio_sam
[0.076s] [ 19%] Built target lio_sam__rosidl_typesupport_cpp
[0.078s] [ 27%] Built target lio_sam__rosidl_typesupport_introspection_cpp
[0.079s] [ 36%] Built target lio_sam__rosidl_typesupport_fastrtps_cpp
[0.083s] [ 44%] Built target lio_sam__rosidl_typesupport_introspection_c
[0.084s] [ 53%] Built target lio_sam__rosidl_typesupport_c
[0.086s] [ 61%] Built target lio_sam__rosidl_typesupport_fastrtps_c
[0.102s] [ 61%] Built target lio_sam
[0.122s] [35m[1mConsolidate compiler generated dependencies of target lio_sam_imageProjection[0m
[0.122s] [ 63%] Built target lio_sam__py
[0.147s] [ 70%] Built target lio_sam__rosidl_generator_py
[0.149s] [ 74%] Built target lio_sam_featureExtraction
[0.154s] [ 78%] Built target lio_sam_imuPreintegration
[0.160s] [ 80%] [32mBuilding CXX object CMakeFiles/lio_sam_imageProjection.dir/src/imageProjection.cpp.o[0m
[0.172s] [ 93%] Built target lio_sam__rosidl_typesupport_fastrtps_c__pyext
[0.172s] [ 93%] Built target lio_sam__rosidl_typesupport_c__pyext
[0.173s] [ 93%] Built target lio_sam__rosidl_typesupport_introspection_c__pyext
[0.175s] [ 97%] Built target lio_sam_mapOptimization
[0.371s] running egg_info
[0.372s] writing lio_sam.egg-info/PKG-INFO
[0.372s] writing dependency_links to lio_sam.egg-info/dependency_links.txt
[0.372s] writing top-level names to lio_sam.egg-info/top_level.txt
[0.376s] reading manifest file 'lio_sam.egg-info/SOURCES.txt'
[0.376s] writing manifest file 'lio_sam.egg-info/SOURCES.txt'
[0.399s] [ 97%] Built target ament_cmake_python_build_lio_sam_egg
[7.863s] [01m[K/home/rajpurkar/LIO-SAM-COLOR/src/imageProjection.cpp:[m[K In member function ‘[01m[Kvoid ImageProjection::imuHandler(sensor_msgs::msg::Imu_<std::allocator<void> >::SharedPtr)[m[K’:
[7.863s] [01m[K/home/rajpurkar/LIO-SAM-COLOR/src/imageProjection.cpp:182:9:[m[K [01;31m[Kerror: [m[K‘[01m[Kdebug[m[K’ was not declared in this scope
[7.863s]   182 |         [01;31m[Kdebug[m[K IMU data
[7.863s]       |         [01;31m[K^~~~~[m[K
[7.864s] [01m[K/home/rajpurkar/LIO-SAM-COLOR/src/imageProjection.cpp:193:9:[m[K [01;31m[Kerror: [m[K‘[01m[Ktf[m[K’ has not been declared
[7.864s]   193 |         [01;31m[Ktf[m[K::Quaternion orientation;
[7.864s]       |         [01;31m[K^~[m[K
[7.864s] [01m[K/home/rajpurkar/LIO-SAM-COLOR/src/imageProjection.cpp:194:9:[m[K [01;31m[Kerror: [m[K‘[01m[Ktf[m[K’ has not been declared
[7.864s]   194 |         [01;31m[Ktf[m[K::quaternionMsgToTF(thisImu.orientation, orientation);
[7.864s]       |         [01;31m[K^~[m[K
[7.879s] [01m[K/home/rajpurkar/LIO-SAM-COLOR/src/imageProjection.cpp:194:52:[m[K [01;31m[Kerror: [m[K‘[01m[Korientation[m[K’ was not declared in this scope
[7.879s]   194 |         tf::quaternionMsgToTF(thisImu.orientation, [01;31m[Korientation[m[K);
[7.879s]       |                                                    [01;31m[K^~~~~~~~~~~[m[K
[7.879s] [01m[K/home/rajpurkar/LIO-SAM-COLOR/src/imageProjection.cpp:195:9:[m[K [01;31m[Kerror: [m[K‘[01m[Ktf[m[K’ has not been declared
[7.879s]   195 |         [01;31m[Ktf[m[K::Matrix3x3(orientation).getRPY(imuRoll, imuPitch, imuYaw);
[7.879s]       |         [01;31m[K^~[m[K
[16.593s] gmake[2]: *** [CMakeFiles/lio_sam_imageProjection.dir/build.make:76: CMakeFiles/lio_sam_imageProjection.dir/src/imageProjection.cpp.o] Error 1
[16.593s] gmake[1]: *** [CMakeFiles/Makefile2:628: CMakeFiles/lio_sam_imageProjection.dir/all] Error 2
[16.593s] gmake: *** [Makefile:146: all] Error 2
[16.596s] Invoked command in '/home/rajpurkar/LIO-SAM-COLOR/build/lio_sam' returned '2': CMAKE_PREFIX_PATH=${CMAKE_PREFIX_PATH}:/opt/ros/humble /usr/bin/cmake --build /home/rajpurkar/LIO-SAM-COLOR/build/lio_sam -- -j16 -l16
