[0.010s] Invoking command in '/home/rajpurkar/LIO-SAM-COLOR/build/lio_sam': CMAKE_PREFIX_PATH=${CMAKE_PREFIX_PATH}:/opt/ros/humble /usr/bin/cmake --build /home/rajpurkar/LIO-SAM-COLOR/build/lio_sam -- -j16 -l16
[0.053s] [  8%] Built target lio_sam__rosidl_generator_c
[0.053s] [ 10%] Built target lio_sam__cpp
[0.062s] [ 10%] Built target ament_cmake_python_symlink_lio_sam
[0.070s] [ 27%] Built target lio_sam__rosidl_typesupport_c
[0.070s] [ 27%] Built target lio_sam__rosidl_typesupport_introspection_c
[0.072s] [ 36%] Built target lio_sam__rosidl_typesupport_cpp
[0.074s] [ 44%] Built target lio_sam__rosidl_typesupport_introspection_cpp
[0.074s] [ 53%] Built target lio_sam__rosidl_typesupport_fastrtps_c
[0.078s] [ 61%] Built target lio_sam__rosidl_typesupport_fastrtps_cpp
[0.094s] [ 61%] Built target lio_sam
[0.109s] [ 63%] Built target lio_sam__py
[0.111s] [35m[1mConsolidate compiler generated dependencies of target lio_sam_mapOptimization[0m
[0.127s] [ 72%] Built target lio_sam_imageProjection
[0.127s] [ 74%] Built target lio_sam__rosidl_generator_py
[0.130s] [ 78%] Built target lio_sam_featureExtraction
[0.134s] [ 82%] Built target lio_sam_imuPreintegration
[0.145s] [ 89%] Built target lio_sam__rosidl_typesupport_introspection_c__pyext
[0.145s] [ 91%] Built target lio_sam__rosidl_typesupport_c__pyext
[0.149s] [ 95%] Built target lio_sam__rosidl_typesupport_fastrtps_c__pyext
[0.151s] [ 97%] [32mBuilding CXX object CMakeFiles/lio_sam_mapOptimization.dir/src/mapOptmization.cpp.o[0m
[0.314s] running egg_info
[0.315s] writing lio_sam.egg-info/PKG-INFO
[0.315s] writing dependency_links to lio_sam.egg-info/dependency_links.txt
[0.315s] writing top-level names to lio_sam.egg-info/top_level.txt
[0.318s] reading manifest file 'lio_sam.egg-info/SOURCES.txt'
[0.319s] writing manifest file 'lio_sam.egg-info/SOURCES.txt'
[0.344s] [ 97%] Built target ament_cmake_python_build_lio_sam_egg
[63.376s] [100%] [32m[1mLinking CXX executable lio_sam_mapOptimization[0m
[63.903s] /usr/bin/ld: warning: libtbb.so.2, needed by /usr/lib/x86_64-linux-gnu/libopencv_core.so.4.5.4d, may conflict with libtbb.so.12
[64.439s] [100%] Built target lio_sam_mapOptimization
[64.448s] Invoked command in '/home/rajpurkar/LIO-SAM-COLOR/build/lio_sam' returned '0': CMAKE_PREFIX_PATH=${CMAKE_PREFIX_PATH}:/opt/ros/humble /usr/bin/cmake --build /home/rajpurkar/LIO-SAM-COLOR/build/lio_sam -- -j16 -l16
[64.456s] Invoking command in '/home/rajpurkar/LIO-SAM-COLOR/build/lio_sam': CMAKE_PREFIX_PATH=${CMAKE_PREFIX_PATH}:/opt/ros/humble /usr/bin/cmake --install /home/rajpurkar/LIO-SAM-COLOR/build/lio_sam
[64.462s] -- Install configuration: "Release"
[64.462s] -- Execute custom install script
[64.462s] -- Up-to-date symlink: /home/rajpurkar/LIO-SAM-COLOR/install/lio_sam/share/ament_index/resource_index/rosidl_interfaces/lio_sam
[64.463s] -- Up-to-date symlink: /home/rajpurkar/LIO-SAM-COLOR/install/lio_sam/include/lio_sam/lio_sam/msg/cloud_info.h
[64.463s] -- Up-to-date symlink: /home/rajpurkar/LIO-SAM-COLOR/install/lio_sam/include/lio_sam/lio_sam/msg/detail/cloud_info__functions.h
[64.463s] -- Up-to-date symlink: /home/rajpurkar/LIO-SAM-COLOR/install/lio_sam/include/lio_sam/lio_sam/msg/detail/cloud_info__struct.h
[64.463s] -- Up-to-date symlink: /home/rajpurkar/LIO-SAM-COLOR/install/lio_sam/include/lio_sam/lio_sam/msg/detail/cloud_info__type_support.h
[64.463s] -- Up-to-date symlink: /home/rajpurkar/LIO-SAM-COLOR/install/lio_sam/include/lio_sam/lio_sam/msg/rosidl_generator_c__visibility_control.h
[64.463s] -- Up-to-date symlink: /home/rajpurkar/LIO-SAM-COLOR/install/lio_sam/include/lio_sam/lio_sam/srv/detail/save_map__functions.h
[64.463s] -- Up-to-date symlink: /home/rajpurkar/LIO-SAM-COLOR/install/lio_sam/include/lio_sam/lio_sam/srv/detail/save_map__struct.h
[64.463s] -- Up-to-date symlink: /home/rajpurkar/LIO-SAM-COLOR/install/lio_sam/include/lio_sam/lio_sam/srv/detail/save_map__type_support.h
[64.464s] -- Up-to-date symlink: /home/rajpurkar/LIO-SAM-COLOR/install/lio_sam/include/lio_sam/lio_sam/srv/save_map.h
[64.464s] -- Up-to-date symlink: /home/rajpurkar/LIO-SAM-COLOR/install/lio_sam/share/lio_sam/environment/library_path.sh
[64.464s] -- Up-to-date symlink: /home/rajpurkar/LIO-SAM-COLOR/install/lio_sam/share/lio_sam/environment/library_path.dsv
[64.464s] -- Up-to-date symlink: /home/rajpurkar/LIO-SAM-COLOR/install/lio_sam/include/lio_sam/lio_sam/msg/detail/cloud_info__rosidl_typesupport_fastrtps_c.h
[64.464s] -- Up-to-date symlink: /home/rajpurkar/LIO-SAM-COLOR/install/lio_sam/include/lio_sam/lio_sam/msg/rosidl_typesupport_fastrtps_c__visibility_control.h
[64.464s] -- Up-to-date symlink: /home/rajpurkar/LIO-SAM-COLOR/install/lio_sam/include/lio_sam/lio_sam/srv/detail/save_map__rosidl_typesupport_fastrtps_c.h
[64.464s] -- Up-to-date symlink: /home/rajpurkar/LIO-SAM-COLOR/install/lio_sam/include/lio_sam/lio_sam/msg/detail/cloud_info__rosidl_typesupport_introspection_c.h
[64.465s] -- Up-to-date symlink: /home/rajpurkar/LIO-SAM-COLOR/install/lio_sam/include/lio_sam/lio_sam/msg/rosidl_typesupport_introspection_c__visibility_control.h
[64.465s] -- Up-to-date symlink: /home/rajpurkar/LIO-SAM-COLOR/install/lio_sam/include/lio_sam/lio_sam/srv/detail/save_map__rosidl_typesupport_introspection_c.h
[64.465s] -- Up-to-date symlink: /home/rajpurkar/LIO-SAM-COLOR/install/lio_sam/include/lio_sam/lio_sam/msg/cloud_info.hpp
[64.465s] -- Up-to-date symlink: /home/rajpurkar/LIO-SAM-COLOR/install/lio_sam/include/lio_sam/lio_sam/msg/detail/cloud_info__builder.hpp
[64.465s] -- Up-to-date symlink: /home/rajpurkar/LIO-SAM-COLOR/install/lio_sam/include/lio_sam/lio_sam/msg/detail/cloud_info__struct.hpp
[64.465s] -- Up-to-date symlink: /home/rajpurkar/LIO-SAM-COLOR/install/lio_sam/include/lio_sam/lio_sam/msg/detail/cloud_info__traits.hpp
[64.465s] -- Up-to-date symlink: /home/rajpurkar/LIO-SAM-COLOR/install/lio_sam/include/lio_sam/lio_sam/msg/detail/cloud_info__type_support.hpp
[64.465s] -- Up-to-date symlink: /home/rajpurkar/LIO-SAM-COLOR/install/lio_sam/include/lio_sam/lio_sam/msg/rosidl_generator_cpp__visibility_control.hpp
[64.465s] -- Up-to-date symlink: /home/rajpurkar/LIO-SAM-COLOR/install/lio_sam/include/lio_sam/lio_sam/srv/detail/save_map__builder.hpp
[64.466s] -- Up-to-date symlink: /home/rajpurkar/LIO-SAM-COLOR/install/lio_sam/include/lio_sam/lio_sam/srv/detail/save_map__struct.hpp
[64.466s] -- Up-to-date symlink: /home/rajpurkar/LIO-SAM-COLOR/install/lio_sam/include/lio_sam/lio_sam/srv/detail/save_map__traits.hpp
[64.466s] -- Up-to-date symlink: /home/rajpurkar/LIO-SAM-COLOR/install/lio_sam/include/lio_sam/lio_sam/srv/detail/save_map__type_support.hpp
[64.466s] -- Up-to-date symlink: /home/rajpurkar/LIO-SAM-COLOR/install/lio_sam/include/lio_sam/lio_sam/srv/save_map.hpp
[64.466s] -- Up-to-date symlink: /home/rajpurkar/LIO-SAM-COLOR/install/lio_sam/include/lio_sam/lio_sam/msg/detail/cloud_info__rosidl_typesupport_fastrtps_cpp.hpp
[64.466s] -- Up-to-date symlink: /home/rajpurkar/LIO-SAM-COLOR/install/lio_sam/include/lio_sam/lio_sam/msg/rosidl_typesupport_fastrtps_cpp__visibility_control.h
[64.466s] -- Up-to-date symlink: /home/rajpurkar/LIO-SAM-COLOR/install/lio_sam/include/lio_sam/lio_sam/srv/detail/save_map__rosidl_typesupport_fastrtps_cpp.hpp
[64.467s] -- Up-to-date symlink: /home/rajpurkar/LIO-SAM-COLOR/install/lio_sam/include/lio_sam/lio_sam/msg/detail/cloud_info__rosidl_typesupport_introspection_cpp.hpp
[64.467s] -- Up-to-date symlink: /home/rajpurkar/LIO-SAM-COLOR/install/lio_sam/include/lio_sam/lio_sam/srv/detail/save_map__rosidl_typesupport_introspection_cpp.hpp
[64.467s] -- Up-to-date symlink: /home/rajpurkar/LIO-SAM-COLOR/install/lio_sam/share/lio_sam/environment/pythonpath.sh
[64.467s] -- Up-to-date symlink: /home/rajpurkar/LIO-SAM-COLOR/install/lio_sam/share/lio_sam/environment/pythonpath.dsv
[64.467s] -- Up-to-date symlink: /home/rajpurkar/LIO-SAM-COLOR/install/lio_sam/local/lib/python3.10/dist-packages/lio_sam-1.0.0-py3.10.egg-info/PKG-INFO
[64.467s] -- Up-to-date symlink: /home/rajpurkar/LIO-SAM-COLOR/install/lio_sam/local/lib/python3.10/dist-packages/lio_sam-1.0.0-py3.10.egg-info/SOURCES.txt
[64.467s] -- Up-to-date symlink: /home/rajpurkar/LIO-SAM-COLOR/install/lio_sam/local/lib/python3.10/dist-packages/lio_sam-1.0.0-py3.10.egg-info/dependency_links.txt
[64.467s] -- Up-to-date symlink: /home/rajpurkar/LIO-SAM-COLOR/install/lio_sam/local/lib/python3.10/dist-packages/lio_sam-1.0.0-py3.10.egg-info/top_level.txt
[64.468s] -- Up-to-date symlink: /home/rajpurkar/LIO-SAM-COLOR/install/lio_sam/local/lib/python3.10/dist-packages/lio_sam/__init__.py
[64.468s] -- Up-to-date symlink: /home/rajpurkar/LIO-SAM-COLOR/install/lio_sam/local/lib/python3.10/dist-packages/lio_sam/_lio_sam_s.ep.rosidl_typesupport_c.c
[64.468s] -- Up-to-date symlink: /home/rajpurkar/LIO-SAM-COLOR/install/lio_sam/local/lib/python3.10/dist-packages/lio_sam/_lio_sam_s.ep.rosidl_typesupport_fastrtps_c.c
[64.468s] -- Up-to-date symlink: /home/rajpurkar/LIO-SAM-COLOR/install/lio_sam/local/lib/python3.10/dist-packages/lio_sam/_lio_sam_s.ep.rosidl_typesupport_introspection_c.c
[64.468s] -- Up-to-date symlink: /home/rajpurkar/LIO-SAM-COLOR/install/lio_sam/local/lib/python3.10/dist-packages/lio_sam/liblio_sam__rosidl_generator_py.so
[64.468s] -- Up-to-date symlink: /home/rajpurkar/LIO-SAM-COLOR/install/lio_sam/local/lib/python3.10/dist-packages/lio_sam/lio_sam_s__rosidl_typesupport_c.cpython-310-x86_64-linux-gnu.so
[64.468s] -- Up-to-date symlink: /home/rajpurkar/LIO-SAM-COLOR/install/lio_sam/local/lib/python3.10/dist-packages/lio_sam/lio_sam_s__rosidl_typesupport_fastrtps_c.cpython-310-x86_64-linux-gnu.so
[64.468s] -- Up-to-date symlink: /home/rajpurkar/LIO-SAM-COLOR/install/lio_sam/local/lib/python3.10/dist-packages/lio_sam/lio_sam_s__rosidl_typesupport_introspection_c.cpython-310-x86_64-linux-gnu.so
[64.469s] -- Up-to-date symlink: /home/rajpurkar/LIO-SAM-COLOR/install/lio_sam/local/lib/python3.10/dist-packages/lio_sam/msg/__init__.py
[64.469s] -- Up-to-date symlink: /home/rajpurkar/LIO-SAM-COLOR/install/lio_sam/local/lib/python3.10/dist-packages/lio_sam/msg/_cloud_info.py
[64.469s] -- Up-to-date symlink: /home/rajpurkar/LIO-SAM-COLOR/install/lio_sam/local/lib/python3.10/dist-packages/lio_sam/msg/_cloud_info_s.c
[64.469s] -- Up-to-date symlink: /home/rajpurkar/LIO-SAM-COLOR/install/lio_sam/local/lib/python3.10/dist-packages/lio_sam/srv/__init__.py
[64.469s] -- Up-to-date symlink: /home/rajpurkar/LIO-SAM-COLOR/install/lio_sam/local/lib/python3.10/dist-packages/lio_sam/srv/_save_map.py
[64.469s] -- Up-to-date symlink: /home/rajpurkar/LIO-SAM-COLOR/install/lio_sam/local/lib/python3.10/dist-packages/lio_sam/srv/_save_map_s.c
[64.469s] -- Up-to-date symlink: /home/rajpurkar/LIO-SAM-COLOR/install/lio_sam/local/lib/python3.10/dist-packages/lio_sam/lio_sam_s__rosidl_typesupport_fastrtps_c.cpython-310-x86_64-linux-gnu.so
[64.469s] -- Up-to-date symlink: /home/rajpurkar/LIO-SAM-COLOR/install/lio_sam/local/lib/python3.10/dist-packages/lio_sam/lio_sam_s__rosidl_typesupport_introspection_c.cpython-310-x86_64-linux-gnu.so
[64.470s] -- Up-to-date symlink: /home/rajpurkar/LIO-SAM-COLOR/install/lio_sam/local/lib/python3.10/dist-packages/lio_sam/lio_sam_s__rosidl_typesupport_c.cpython-310-x86_64-linux-gnu.so
[64.470s] -- Up-to-date symlink: /home/rajpurkar/LIO-SAM-COLOR/install/lio_sam/share/lio_sam/msg/CloudInfo.idl
[64.470s] -- Up-to-date symlink: /home/rajpurkar/LIO-SAM-COLOR/install/lio_sam/share/lio_sam/srv/SaveMap.idl
[64.470s] -- Up-to-date symlink: /home/rajpurkar/LIO-SAM-COLOR/install/lio_sam/share/lio_sam/msg/CloudInfo.msg
[64.470s] -- Up-to-date symlink: /home/rajpurkar/LIO-SAM-COLOR/install/lio_sam/share/lio_sam/srv/SaveMap.srv
[64.470s] -- Up-to-date symlink: /home/rajpurkar/LIO-SAM-COLOR/install/lio_sam/share/lio_sam/srv/SaveMap_Request.msg
[64.470s] -- Up-to-date symlink: /home/rajpurkar/LIO-SAM-COLOR/install/lio_sam/share/lio_sam/srv/SaveMap_Response.msg
[64.470s] -- Up-to-date symlink: /home/rajpurkar/LIO-SAM-COLOR/install/lio_sam/share/lio_sam//launch/run.launch.py
[64.471s] -- Up-to-date symlink: /home/rajpurkar/LIO-SAM-COLOR/install/lio_sam/share/lio_sam//config/doc/demo.gif
[64.471s] -- Up-to-date symlink: /home/rajpurkar/LIO-SAM-COLOR/install/lio_sam/share/lio_sam//config/doc/demo.png
[64.471s] -- Up-to-date symlink: /home/rajpurkar/LIO-SAM-COLOR/install/lio_sam/share/lio_sam//config/doc/device-boat.png
[64.471s] -- Up-to-date symlink: /home/rajpurkar/LIO-SAM-COLOR/install/lio_sam/share/lio_sam//config/doc/device-hand-2.png
[64.471s] -- Up-to-date symlink: /home/rajpurkar/LIO-SAM-COLOR/install/lio_sam/share/lio_sam//config/doc/device-hand.png
[64.471s] -- Up-to-date symlink: /home/rajpurkar/LIO-SAM-COLOR/install/lio_sam/share/lio_sam//config/doc/device-jackal.png
[64.471s] -- Up-to-date symlink: /home/rajpurkar/LIO-SAM-COLOR/install/lio_sam/share/lio_sam//config/doc/gps-demo.gif
[64.471s] -- Up-to-date symlink: /home/rajpurkar/LIO-SAM-COLOR/install/lio_sam/share/lio_sam//config/doc/imu-debug.gif
[64.471s] -- Up-to-date symlink: /home/rajpurkar/LIO-SAM-COLOR/install/lio_sam/share/lio_sam//config/doc/imu-transform.png
[64.471s] -- Up-to-date symlink: /home/rajpurkar/LIO-SAM-COLOR/install/lio_sam/share/lio_sam//config/doc/kitti-demo.gif
[64.472s] -- Up-to-date symlink: /home/rajpurkar/LIO-SAM-COLOR/install/lio_sam/share/lio_sam//config/doc/kitti-map.png
[64.472s] -- Up-to-date symlink: /home/rajpurkar/LIO-SAM-COLOR/install/lio_sam/share/lio_sam//config/doc/kitti2bag/README.md
[64.472s] -- Up-to-date symlink: /home/rajpurkar/LIO-SAM-COLOR/install/lio_sam/share/lio_sam//config/doc/kitti2bag/kitti2bag.py
[64.472s] -- Up-to-date symlink: /home/rajpurkar/LIO-SAM-COLOR/install/lio_sam/share/lio_sam//config/doc/loop-closure-2.gif
[64.472s] -- Up-to-date symlink: /home/rajpurkar/LIO-SAM-COLOR/install/lio_sam/share/lio_sam//config/doc/loop-closure.gif
[64.472s] -- Up-to-date symlink: /home/rajpurkar/LIO-SAM-COLOR/install/lio_sam/share/lio_sam//config/doc/ouster-demo.gif
[64.472s] -- Up-to-date symlink: /home/rajpurkar/LIO-SAM-COLOR/install/lio_sam/share/lio_sam//config/doc/ouster-device.jpg
[64.472s] -- Up-to-date symlink: /home/rajpurkar/LIO-SAM-COLOR/install/lio_sam/share/lio_sam//config/doc/paper.pdf
[64.472s] -- Up-to-date symlink: /home/rajpurkar/LIO-SAM-COLOR/install/lio_sam/share/lio_sam//config/doc/system1.png
[64.472s] -- Up-to-date symlink: /home/rajpurkar/LIO-SAM-COLOR/install/lio_sam/share/lio_sam//config/params.yaml
[64.472s] -- Up-to-date symlink: /home/rajpurkar/LIO-SAM-COLOR/install/lio_sam/share/lio_sam//config/robot.urdf.xacro
[64.472s] -- Up-to-date symlink: /home/rajpurkar/LIO-SAM-COLOR/install/lio_sam/share/lio_sam//config/rviz2.rviz
[64.473s] -- Up-to-date symlink: /home/rajpurkar/LIO-SAM-COLOR/install/lio_sam/lib/lio_sam/lio_sam_imageProjection
[64.473s] -- Up-to-date symlink: /home/rajpurkar/LIO-SAM-COLOR/install/lio_sam/lib/lio_sam/lio_sam_imuPreintegration
[64.473s] -- Up-to-date symlink: /home/rajpurkar/LIO-SAM-COLOR/install/lio_sam/lib/lio_sam/lio_sam_featureExtraction
[64.473s] -- Up-to-date symlink: /home/rajpurkar/LIO-SAM-COLOR/install/lio_sam/lib/lio_sam/lio_sam_mapOptimization
[64.473s] -- Up-to-date symlink: /home/rajpurkar/LIO-SAM-COLOR/install/lio_sam/include/color_cloud/Camera.hpp
[64.473s] -- Up-to-date symlink: /home/rajpurkar/LIO-SAM-COLOR/install/lio_sam/include/color_cloud/PointCloudType.hpp
[64.473s] -- Up-to-date symlink: /home/rajpurkar/LIO-SAM-COLOR/install/lio_sam/include/color_cloud/TransformeProvider.hpp
[64.473s] -- Up-to-date symlink: /home/rajpurkar/LIO-SAM-COLOR/install/lio_sam/include/lio_sam/utility.hpp
[64.474s] -- Up-to-date symlink: /home/rajpurkar/LIO-SAM-COLOR/install/lio_sam/share/ament_index/resource_index/package_run_dependencies/lio_sam
[64.474s] -- Up-to-date symlink: /home/rajpurkar/LIO-SAM-COLOR/install/lio_sam/share/ament_index/resource_index/parent_prefix_path/lio_sam
[64.474s] -- Up-to-date symlink: /home/rajpurkar/LIO-SAM-COLOR/install/lio_sam/share/lio_sam/environment/ament_prefix_path.sh
[64.474s] -- Up-to-date symlink: /home/rajpurkar/LIO-SAM-COLOR/install/lio_sam/share/lio_sam/environment/ament_prefix_path.dsv
[64.474s] -- Up-to-date symlink: /home/rajpurkar/LIO-SAM-COLOR/install/lio_sam/share/lio_sam/environment/path.sh
[64.474s] -- Up-to-date symlink: /home/rajpurkar/LIO-SAM-COLOR/install/lio_sam/share/lio_sam/environment/path.dsv
[64.474s] -- Up-to-date symlink: /home/rajpurkar/LIO-SAM-COLOR/install/lio_sam/share/lio_sam/local_setup.bash
[64.474s] -- Up-to-date symlink: /home/rajpurkar/LIO-SAM-COLOR/install/lio_sam/share/lio_sam/local_setup.sh
[64.475s] -- Up-to-date symlink: /home/rajpurkar/LIO-SAM-COLOR/install/lio_sam/share/lio_sam/local_setup.zsh
[64.475s] -- Up-to-date symlink: /home/rajpurkar/LIO-SAM-COLOR/install/lio_sam/share/lio_sam/local_setup.dsv
[64.475s] -- Symlinking: /home/rajpurkar/LIO-SAM-COLOR/install/lio_sam/share/lio_sam/package.dsv
[64.482s] -- Up-to-date symlink: /home/rajpurkar/LIO-SAM-COLOR/install/lio_sam/share/ament_index/resource_index/packages/lio_sam
[64.482s] -- Up-to-date symlink: /home/rajpurkar/LIO-SAM-COLOR/install/lio_sam/share/lio_sam/cmake/rosidl_cmake-extras.cmake
[64.482s] -- Up-to-date symlink: /home/rajpurkar/LIO-SAM-COLOR/install/lio_sam/share/lio_sam/cmake/ament_cmake_export_dependencies-extras.cmake
[64.482s] -- Up-to-date symlink: /home/rajpurkar/LIO-SAM-COLOR/install/lio_sam/share/lio_sam/cmake/ament_cmake_export_include_directories-extras.cmake
[64.482s] -- Up-to-date symlink: /home/rajpurkar/LIO-SAM-COLOR/install/lio_sam/share/lio_sam/cmake/ament_cmake_export_libraries-extras.cmake
[64.482s] -- Up-to-date symlink: /home/rajpurkar/LIO-SAM-COLOR/install/lio_sam/share/lio_sam/cmake/ament_cmake_export_targets-extras.cmake
[64.482s] -- Up-to-date symlink: /home/rajpurkar/LIO-SAM-COLOR/install/lio_sam/share/lio_sam/cmake/rosidl_cmake_export_typesupport_targets-extras.cmake
[64.482s] -- Up-to-date symlink: /home/rajpurkar/LIO-SAM-COLOR/install/lio_sam/share/lio_sam/cmake/rosidl_cmake_export_typesupport_libraries-extras.cmake
[64.482s] -- Up-to-date symlink: /home/rajpurkar/LIO-SAM-COLOR/install/lio_sam/share/lio_sam/cmake/lio_samConfig.cmake
[64.483s] -- Up-to-date symlink: /home/rajpurkar/LIO-SAM-COLOR/install/lio_sam/share/lio_sam/cmake/lio_samConfig-version.cmake
[64.483s] -- Up-to-date symlink: /home/rajpurkar/LIO-SAM-COLOR/install/lio_sam/share/lio_sam/package.xml
[64.483s] -- Up-to-date: /home/rajpurkar/LIO-SAM-COLOR/install/lio_sam/lib/liblio_sam__rosidl_generator_c.so
[64.483s] -- Up-to-date: /home/rajpurkar/LIO-SAM-COLOR/install/lio_sam/lib/liblio_sam__rosidl_typesupport_fastrtps_c.so
[64.483s] -- Up-to-date: /home/rajpurkar/LIO-SAM-COLOR/install/lio_sam/lib/liblio_sam__rosidl_typesupport_introspection_c.so
[64.483s] -- Up-to-date: /home/rajpurkar/LIO-SAM-COLOR/install/lio_sam/lib/liblio_sam__rosidl_typesupport_c.so
[64.484s] -- Up-to-date: /home/rajpurkar/LIO-SAM-COLOR/install/lio_sam/lib/liblio_sam__rosidl_typesupport_fastrtps_cpp.so
[64.484s] -- Up-to-date: /home/rajpurkar/LIO-SAM-COLOR/install/lio_sam/lib/liblio_sam__rosidl_typesupport_introspection_cpp.so
[64.484s] -- Up-to-date: /home/rajpurkar/LIO-SAM-COLOR/install/lio_sam/lib/liblio_sam__rosidl_typesupport_cpp.so
[64.517s] Listing '/home/rajpurkar/LIO-SAM-COLOR/install/lio_sam/local/lib/python3.10/dist-packages/lio_sam'...
[64.517s] Listing '/home/rajpurkar/LIO-SAM-COLOR/install/lio_sam/local/lib/python3.10/dist-packages/lio_sam/msg'...
[64.517s] Listing '/home/rajpurkar/LIO-SAM-COLOR/install/lio_sam/local/lib/python3.10/dist-packages/lio_sam/srv'...
[64.521s] -- Up-to-date: /home/rajpurkar/LIO-SAM-COLOR/install/lio_sam/lib/liblio_sam__rosidl_generator_py.so
[64.521s] -- Up-to-date: /home/rajpurkar/LIO-SAM-COLOR/install/lio_sam/share/lio_sam/cmake/export_lio_sam__rosidl_generator_cExport.cmake
[64.521s] -- Up-to-date: /home/rajpurkar/LIO-SAM-COLOR/install/lio_sam/share/lio_sam/cmake/export_lio_sam__rosidl_generator_cExport-release.cmake
[64.521s] -- Up-to-date: /home/rajpurkar/LIO-SAM-COLOR/install/lio_sam/share/lio_sam/cmake/export_lio_sam__rosidl_typesupport_fastrtps_cExport.cmake
[64.521s] -- Up-to-date: /home/rajpurkar/LIO-SAM-COLOR/install/lio_sam/share/lio_sam/cmake/export_lio_sam__rosidl_typesupport_fastrtps_cExport-release.cmake
[64.521s] -- Up-to-date: /home/rajpurkar/LIO-SAM-COLOR/install/lio_sam/share/lio_sam/cmake/lio_sam__rosidl_typesupport_introspection_cExport.cmake
[64.521s] -- Up-to-date: /home/rajpurkar/LIO-SAM-COLOR/install/lio_sam/share/lio_sam/cmake/lio_sam__rosidl_typesupport_introspection_cExport-release.cmake
[64.522s] -- Up-to-date: /home/rajpurkar/LIO-SAM-COLOR/install/lio_sam/share/lio_sam/cmake/lio_sam__rosidl_typesupport_cExport.cmake
[64.522s] -- Up-to-date: /home/rajpurkar/LIO-SAM-COLOR/install/lio_sam/share/lio_sam/cmake/lio_sam__rosidl_typesupport_cExport-release.cmake
[64.522s] -- Up-to-date: /home/rajpurkar/LIO-SAM-COLOR/install/lio_sam/share/lio_sam/cmake/export_lio_sam__rosidl_generator_cppExport.cmake
[64.522s] -- Up-to-date: /home/rajpurkar/LIO-SAM-COLOR/install/lio_sam/share/lio_sam/cmake/export_lio_sam__rosidl_typesupport_fastrtps_cppExport.cmake
[64.522s] -- Up-to-date: /home/rajpurkar/LIO-SAM-COLOR/install/lio_sam/share/lio_sam/cmake/export_lio_sam__rosidl_typesupport_fastrtps_cppExport-release.cmake
[64.522s] -- Up-to-date: /home/rajpurkar/LIO-SAM-COLOR/install/lio_sam/share/lio_sam/cmake/lio_sam__rosidl_typesupport_introspection_cppExport.cmake
[64.522s] -- Up-to-date: /home/rajpurkar/LIO-SAM-COLOR/install/lio_sam/share/lio_sam/cmake/lio_sam__rosidl_typesupport_introspection_cppExport-release.cmake
[64.522s] -- Up-to-date: /home/rajpurkar/LIO-SAM-COLOR/install/lio_sam/share/lio_sam/cmake/lio_sam__rosidl_typesupport_cppExport.cmake
[64.522s] -- Up-to-date: /home/rajpurkar/LIO-SAM-COLOR/install/lio_sam/share/lio_sam/cmake/lio_sam__rosidl_typesupport_cppExport-release.cmake
[64.522s] -- Up-to-date: /home/rajpurkar/LIO-SAM-COLOR/install/lio_sam/share/lio_sam/cmake/export_lio_sam__rosidl_generator_pyExport.cmake
[64.522s] -- Up-to-date: /home/rajpurkar/LIO-SAM-COLOR/install/lio_sam/share/lio_sam/cmake/export_lio_sam__rosidl_generator_pyExport-release.cmake
[64.524s] Invoked command in '/home/rajpurkar/LIO-SAM-COLOR/build/lio_sam' returned '0': CMAKE_PREFIX_PATH=${CMAKE_PREFIX_PATH}:/opt/ros/humble /usr/bin/cmake --install /home/rajpurkar/LIO-SAM-COLOR/build/lio_sam
