In file included from [01m[K/opt/ros/humble/include/rclcpp/rclcpp/logging.hpp:24[m[K,
                 from [01m[K/opt/ros/humble/include/rclcpp/rclcpp/client.hpp:40[m[K,
                 from [01m[K/opt/ros/humble/include/rclcpp/rclcpp/callback_group.hpp:24[m[K,
                 from [01m[K/opt/ros/humble/include/rclcpp/rclcpp/any_executable.hpp:20[m[K,
                 from [01m[K/opt/ros/humble/include/rclcpp/rclcpp/memory_strategy.hpp:25[m[K,
                 from [01m[K/opt/ros/humble/include/rclcpp/rclcpp/memory_strategies.hpp:18[m[K,
                 from [01m[K/opt/ros/humble/include/rclcpp/rclcpp/executor_options.hpp:20[m[K,
                 from [01m[K/opt/ros/humble/include/rclcpp/rclcpp/executor.hpp:37[m[K,
                 from [01m[K/opt/ros/humble/include/rclcpp/rclcpp/executors/multi_threaded_executor.hpp:25[m[K,
                 from [01m[K/opt/ros/humble/include/rclcpp/rclcpp/executors.hpp:21[m[K,
                 from [01m[K/opt/ros/humble/include/rclcpp/rclcpp/rclcpp.hpp:155[m[K,
                 from [01m[K/home/rajpurkar/LIO-SAM-COLOR/include/lio_sam/utility.hpp:6[m[K,
                 from [01m[K/home/rajpurkar/LIO-SAM-COLOR/src/featureExtraction.cpp:1[m[K:
[01m[K/home/rajpurkar/LIO-SAM-COLOR/src/featureExtraction.cpp:[m[K In member function ‘[01m[Kvoid FeatureExtraction::laserCloudInfoHandler(lio_sam::msg::CloudInfo_<std::allocator<void> >::SharedPtr)[m[K’:
[01m[K/home/rajpurkar/LIO-SAM-COLOR/src/featureExtraction.cpp:87:41:[m[K [01;35m[Kwarning: [m[Kformat ‘[01m[K%zu[m[K’ expects argument of type ‘[01m[Ksize_t[m[K’, but argument 5 has type ‘[01m[Kuint32_t[m[K’ {aka ‘[01m[Kunsigned int[m[K’} [[01;35m[K]8;;https://gcc.gnu.org/onlinedocs/gcc/Warning-Options.html#index-Wformat=-Wformat=]8;;[m[K]
   87 |         RCLCPP_INFO(this->get_logger(), [01;35m[K"Input cloud dimensions: %.2zux%.2zux%.2zu"[m[K, [32m[KextractedCloud->width[m[K, extractedCloud->height, extractedCloud->points.size());
      |                                         [01;35m[K^~~~~~~~~~~~~~~~~~~~~~~~~~~~~~~~~~~~~~~~~~~[m[K  [32m[K~~~~~~~~~~~~~~~~~~~~~[m[K
      |                                                                                                      [32m[K|[m[K
      |                                                                                                      [32m[Kuint32_t {aka unsigned int}[m[K
[01m[K/home/rajpurkar/LIO-SAM-COLOR/src/featureExtraction.cpp:87:70:[m[K [01;36m[Knote: [m[Kformat string is defined here
   87 |         RCLCPP_INFO(this->get_logger(), "Input cloud dimensions: [01;36m[K%.2zu[m[Kx%.2zux%.2zu", extractedCloud->width, extractedCloud->height, extractedCloud->points.size());
      |                                                                  [01;36m[K~~~~^[m[K
      |                                                                      [01;36m[K|[m[K
      |                                                                      [01;36m[Klong unsigned int[m[K
      |                                                                  [32m[K%.2u[m[K
In file included from [01m[K/opt/ros/humble/include/rclcpp/rclcpp/logging.hpp:24[m[K,
                 from [01m[K/opt/ros/humble/include/rclcpp/rclcpp/client.hpp:40[m[K,
                 from [01m[K/opt/ros/humble/include/rclcpp/rclcpp/callback_group.hpp:24[m[K,
                 from [01m[K/opt/ros/humble/include/rclcpp/rclcpp/any_executable.hpp:20[m[K,
                 from [01m[K/opt/ros/humble/include/rclcpp/rclcpp/memory_strategy.hpp:25[m[K,
                 from [01m[K/opt/ros/humble/include/rclcpp/rclcpp/memory_strategies.hpp:18[m[K,
                 from [01m[K/opt/ros/humble/include/rclcpp/rclcpp/executor_options.hpp:20[m[K,
                 from [01m[K/opt/ros/humble/include/rclcpp/rclcpp/executor.hpp:37[m[K,
                 from [01m[K/opt/ros/humble/include/rclcpp/rclcpp/executors/multi_threaded_executor.hpp:25[m[K,
                 from [01m[K/opt/ros/humble/include/rclcpp/rclcpp/executors.hpp:21[m[K,
                 from [01m[K/opt/ros/humble/include/rclcpp/rclcpp/rclcpp.hpp:155[m[K,
                 from [01m[K/home/rajpurkar/LIO-SAM-COLOR/include/lio_sam/utility.hpp:6[m[K,
                 from [01m[K/home/rajpurkar/LIO-SAM-COLOR/src/featureExtraction.cpp:1[m[K:
[01m[K/home/rajpurkar/LIO-SAM-COLOR/src/featureExtraction.cpp:87:41:[m[K [01;35m[Kwarning: [m[Kformat ‘[01m[K%zu[m[K’ expects argument of type ‘[01m[Ksize_t[m[K’, but argument 6 has type ‘[01m[Kuint32_t[m[K’ {aka ‘[01m[Kunsigned int[m[K’} [[01;35m[K]8;;https://gcc.gnu.org/onlinedocs/gcc/Warning-Options.html#index-Wformat=-Wformat=]8;;[m[K]
   87 |         RCLCPP_INFO(this->get_logger(), [01;35m[K"Input cloud dimensions: %.2zux%.2zux%.2zu"[m[K, extractedCloud->width, [32m[KextractedCloud->height[m[K, extractedCloud->points.size());
      |                                         [01;35m[K^~~~~~~~~~~~~~~~~~~~~~~~~~~~~~~~~~~~~~~~~~~[m[K                         [32m[K~~~~~~~~~~~~~~~~~~~~~~[m[K
      |                                                                                                                             [32m[K|[m[K
      |                                                                                                                             [32m[Kuint32_t {aka unsigned int}[m[K
[01m[K/home/rajpurkar/LIO-SAM-COLOR/src/featureExtraction.cpp:87:76:[m[K [01;36m[Knote: [m[Kformat string is defined here
   87 |         RCLCPP_INFO(this->get_logger(), "Input cloud dimensions: %.2zux[01;36m[K%.2zu[m[Kx%.2zu", extractedCloud->width, extractedCloud->height, extractedCloud->points.size());
      |                                                                        [01;36m[K~~~~^[m[K
      |                                                                            [01;36m[K|[m[K
      |                                                                            [01;36m[Klong unsigned int[m[K
      |                                                                        [32m[K%.2u[m[K
