[0.012s] Invoking command in '/home/rajpurkar/LIO-SAM-COLOR/build/lio_sam': CMAKE_PREFIX_PATH=${CMAKE_PREFIX_PATH}:/opt/ros/humble /usr/bin/cmake --build /home/rajpurkar/LIO-SAM-COLOR/build/lio_sam -- -j16 -l16
[0.057s] [  2%] Built target lio_sam__cpp
[0.058s] [ 10%] Built target lio_sam__rosidl_generator_c
[0.067s] [ 10%] Built target ament_cmake_python_symlink_lio_sam
[0.084s] [ 19%] Built target lio_sam__rosidl_typesupport_fastrtps_cpp
[0.086s] [ 27%] Built target lio_sam__rosidl_typesupport_cpp
[0.088s] [ 36%] Built target lio_sam__rosidl_typesupport_introspection_cpp
[0.090s] [ 44%] Built target lio_sam__rosidl_typesupport_c
[0.090s] [ 53%] Built target lio_sam__rosidl_typesupport_fastrtps_c
[0.091s] [ 61%] Built target lio_sam__rosidl_typesupport_introspection_c
[0.105s] [ 61%] Built target lio_sam
[0.125s] [ 63%] Built target lio_sam__py
[0.143s] [ 68%] Built target lio_sam_featureExtraction
[0.146s] [ 70%] [32mBuilding CXX object CMakeFiles/lio_sam_imageProjection.dir/src/imageProjection.cpp.o[0m
[0.148s] [ 80%] Built target lio_sam_imuPreintegration
[0.148s] [ 80%] Built target lio_sam__rosidl_generator_py
[0.149s] [ 85%] Built target lio_sam_mapOptimization
[0.164s] [ 97%] Built target lio_sam__rosidl_typesupport_fastrtps_c__pyext
[0.164s] [ 97%] Built target lio_sam__rosidl_typesupport_c__pyext
[0.164s] [ 97%] Built target lio_sam__rosidl_typesupport_introspection_c__pyext
[0.336s] running egg_info
[0.337s] writing lio_sam.egg-info/PKG-INFO
[0.337s] writing dependency_links to lio_sam.egg-info/dependency_links.txt
[0.337s] writing top-level names to lio_sam.egg-info/top_level.txt
[0.340s] reading manifest file 'lio_sam.egg-info/SOURCES.txt'
[0.340s] writing manifest file 'lio_sam.egg-info/SOURCES.txt'
[0.364s] [ 97%] Built target ament_cmake_python_build_lio_sam_egg
[27.180s] [100%] [32m[1mLinking CXX executable lio_sam_imageProjection[0m
[27.648s] [100%] Built target lio_sam_imageProjection
[27.658s] Invoked command in '/home/rajpurkar/LIO-SAM-COLOR/build/lio_sam' returned '0': CMAKE_PREFIX_PATH=${CMAKE_PREFIX_PATH}:/opt/ros/humble /usr/bin/cmake --build /home/rajpurkar/LIO-SAM-COLOR/build/lio_sam -- -j16 -l16
[27.666s] Invoking command in '/home/rajpurkar/LIO-SAM-COLOR/build/lio_sam': CMAKE_PREFIX_PATH=${CMAKE_PREFIX_PATH}:/opt/ros/humble /usr/bin/cmake --install /home/rajpurkar/LIO-SAM-COLOR/build/lio_sam
[27.673s] -- Install configuration: "Release"
[27.673s] -- Execute custom install script
[27.673s] -- Up-to-date symlink: /home/rajpurkar/LIO-SAM-COLOR/install/lio_sam/share/ament_index/resource_index/rosidl_interfaces/lio_sam
[27.674s] -- Up-to-date symlink: /home/rajpurkar/LIO-SAM-COLOR/install/lio_sam/include/lio_sam/lio_sam/msg/cloud_info.h
[27.674s] -- Up-to-date symlink: /home/rajpurkar/LIO-SAM-COLOR/install/lio_sam/include/lio_sam/lio_sam/msg/detail/cloud_info__functions.h
[27.675s] -- Up-to-date symlink: /home/rajpurkar/LIO-SAM-COLOR/install/lio_sam/include/lio_sam/lio_sam/msg/detail/cloud_info__struct.h
[27.676s] -- Up-to-date symlink: /home/rajpurkar/LIO-SAM-COLOR/install/lio_sam/include/lio_sam/lio_sam/msg/detail/cloud_info__type_support.h
[27.676s] -- Up-to-date symlink: /home/rajpurkar/LIO-SAM-COLOR/install/lio_sam/include/lio_sam/lio_sam/msg/rosidl_generator_c__visibility_control.h
[27.676s] -- Up-to-date symlink: /home/rajpurkar/LIO-SAM-COLOR/install/lio_sam/include/lio_sam/lio_sam/srv/detail/save_map__functions.h
[27.676s] -- Up-to-date symlink: /home/rajpurkar/LIO-SAM-COLOR/install/lio_sam/include/lio_sam/lio_sam/srv/detail/save_map__struct.h
[27.676s] -- Up-to-date symlink: /home/rajpurkar/LIO-SAM-COLOR/install/lio_sam/include/lio_sam/lio_sam/srv/detail/save_map__type_support.h
[27.676s] -- Up-to-date symlink: /home/rajpurkar/LIO-SAM-COLOR/install/lio_sam/include/lio_sam/lio_sam/srv/save_map.h
[27.676s] -- Up-to-date symlink: /home/rajpurkar/LIO-SAM-COLOR/install/lio_sam/share/lio_sam/environment/library_path.sh
[27.676s] -- Up-to-date symlink: /home/rajpurkar/LIO-SAM-COLOR/install/lio_sam/share/lio_sam/environment/library_path.dsv
[27.677s] -- Up-to-date symlink: /home/rajpurkar/LIO-SAM-COLOR/install/lio_sam/include/lio_sam/lio_sam/msg/detail/cloud_info__rosidl_typesupport_fastrtps_c.h
[27.677s] -- Up-to-date symlink: /home/rajpurkar/LIO-SAM-COLOR/install/lio_sam/include/lio_sam/lio_sam/msg/rosidl_typesupport_fastrtps_c__visibility_control.h
[27.677s] -- Up-to-date symlink: /home/rajpurkar/LIO-SAM-COLOR/install/lio_sam/include/lio_sam/lio_sam/srv/detail/save_map__rosidl_typesupport_fastrtps_c.h
[27.677s] -- Up-to-date symlink: /home/rajpurkar/LIO-SAM-COLOR/install/lio_sam/include/lio_sam/lio_sam/msg/detail/cloud_info__rosidl_typesupport_introspection_c.h
[27.677s] -- Up-to-date symlink: /home/rajpurkar/LIO-SAM-COLOR/install/lio_sam/include/lio_sam/lio_sam/msg/rosidl_typesupport_introspection_c__visibility_control.h
[27.677s] -- Up-to-date symlink: /home/rajpurkar/LIO-SAM-COLOR/install/lio_sam/include/lio_sam/lio_sam/srv/detail/save_map__rosidl_typesupport_introspection_c.h
[27.677s] -- Up-to-date symlink: /home/rajpurkar/LIO-SAM-COLOR/install/lio_sam/include/lio_sam/lio_sam/msg/cloud_info.hpp
[27.678s] -- Up-to-date symlink: /home/rajpurkar/LIO-SAM-COLOR/install/lio_sam/include/lio_sam/lio_sam/msg/detail/cloud_info__builder.hpp
[27.678s] -- Up-to-date symlink: /home/rajpurkar/LIO-SAM-COLOR/install/lio_sam/include/lio_sam/lio_sam/msg/detail/cloud_info__struct.hpp
[27.678s] -- Up-to-date symlink: /home/rajpurkar/LIO-SAM-COLOR/install/lio_sam/include/lio_sam/lio_sam/msg/detail/cloud_info__traits.hpp
[27.678s] -- Up-to-date symlink: /home/rajpurkar/LIO-SAM-COLOR/install/lio_sam/include/lio_sam/lio_sam/msg/detail/cloud_info__type_support.hpp
[27.678s] -- Up-to-date symlink: /home/rajpurkar/LIO-SAM-COLOR/install/lio_sam/include/lio_sam/lio_sam/msg/rosidl_generator_cpp__visibility_control.hpp
[27.678s] -- Up-to-date symlink: /home/rajpurkar/LIO-SAM-COLOR/install/lio_sam/include/lio_sam/lio_sam/srv/detail/save_map__builder.hpp
[27.678s] -- Up-to-date symlink: /home/rajpurkar/LIO-SAM-COLOR/install/lio_sam/include/lio_sam/lio_sam/srv/detail/save_map__struct.hpp
[27.678s] -- Up-to-date symlink: /home/rajpurkar/LIO-SAM-COLOR/install/lio_sam/include/lio_sam/lio_sam/srv/detail/save_map__traits.hpp
[27.678s] -- Up-to-date symlink: /home/rajpurkar/LIO-SAM-COLOR/install/lio_sam/include/lio_sam/lio_sam/srv/detail/save_map__type_support.hpp
[27.679s] -- Up-to-date symlink: /home/rajpurkar/LIO-SAM-COLOR/install/lio_sam/include/lio_sam/lio_sam/srv/save_map.hpp
[27.679s] -- Up-to-date symlink: /home/rajpurkar/LIO-SAM-COLOR/install/lio_sam/include/lio_sam/lio_sam/msg/detail/cloud_info__rosidl_typesupport_fastrtps_cpp.hpp
[27.680s] -- Up-to-date symlink: /home/rajpurkar/LIO-SAM-COLOR/install/lio_sam/include/lio_sam/lio_sam/msg/rosidl_typesupport_fastrtps_cpp__visibility_control.h
[27.680s] -- Up-to-date symlink: /home/rajpurkar/LIO-SAM-COLOR/install/lio_sam/include/lio_sam/lio_sam/srv/detail/save_map__rosidl_typesupport_fastrtps_cpp.hpp
[27.680s] -- Up-to-date symlink: /home/rajpurkar/LIO-SAM-COLOR/install/lio_sam/include/lio_sam/lio_sam/msg/detail/cloud_info__rosidl_typesupport_introspection_cpp.hpp
[27.680s] -- Up-to-date symlink: /home/rajpurkar/LIO-SAM-COLOR/install/lio_sam/include/lio_sam/lio_sam/srv/detail/save_map__rosidl_typesupport_introspection_cpp.hpp
[27.680s] -- Up-to-date symlink: /home/rajpurkar/LIO-SAM-COLOR/install/lio_sam/share/lio_sam/environment/pythonpath.sh
[27.680s] -- Up-to-date symlink: /home/rajpurkar/LIO-SAM-COLOR/install/lio_sam/share/lio_sam/environment/pythonpath.dsv
[27.680s] -- Up-to-date symlink: /home/rajpurkar/LIO-SAM-COLOR/install/lio_sam/local/lib/python3.10/dist-packages/lio_sam-1.0.0-py3.10.egg-info/PKG-INFO
[27.681s] -- Up-to-date symlink: /home/rajpurkar/LIO-SAM-COLOR/install/lio_sam/local/lib/python3.10/dist-packages/lio_sam-1.0.0-py3.10.egg-info/SOURCES.txt
[27.681s] -- Up-to-date symlink: /home/rajpurkar/LIO-SAM-COLOR/install/lio_sam/local/lib/python3.10/dist-packages/lio_sam-1.0.0-py3.10.egg-info/dependency_links.txt
[27.681s] -- Up-to-date symlink: /home/rajpurkar/LIO-SAM-COLOR/install/lio_sam/local/lib/python3.10/dist-packages/lio_sam-1.0.0-py3.10.egg-info/top_level.txt
[27.681s] -- Up-to-date symlink: /home/rajpurkar/LIO-SAM-COLOR/install/lio_sam/local/lib/python3.10/dist-packages/lio_sam/__init__.py
[27.681s] -- Up-to-date symlink: /home/rajpurkar/LIO-SAM-COLOR/install/lio_sam/local/lib/python3.10/dist-packages/lio_sam/_lio_sam_s.ep.rosidl_typesupport_c.c
[27.681s] -- Up-to-date symlink: /home/rajpurkar/LIO-SAM-COLOR/install/lio_sam/local/lib/python3.10/dist-packages/lio_sam/_lio_sam_s.ep.rosidl_typesupport_fastrtps_c.c
[27.681s] -- Up-to-date symlink: /home/rajpurkar/LIO-SAM-COLOR/install/lio_sam/local/lib/python3.10/dist-packages/lio_sam/_lio_sam_s.ep.rosidl_typesupport_introspection_c.c
[27.681s] -- Up-to-date symlink: /home/rajpurkar/LIO-SAM-COLOR/install/lio_sam/local/lib/python3.10/dist-packages/lio_sam/liblio_sam__rosidl_generator_py.so
[27.681s] -- Up-to-date symlink: /home/rajpurkar/LIO-SAM-COLOR/install/lio_sam/local/lib/python3.10/dist-packages/lio_sam/lio_sam_s__rosidl_typesupport_c.cpython-310-x86_64-linux-gnu.so
[27.682s] -- Up-to-date symlink: /home/rajpurkar/LIO-SAM-COLOR/install/lio_sam/local/lib/python3.10/dist-packages/lio_sam/lio_sam_s__rosidl_typesupport_fastrtps_c.cpython-310-x86_64-linux-gnu.so
[27.682s] -- Up-to-date symlink: /home/rajpurkar/LIO-SAM-COLOR/install/lio_sam/local/lib/python3.10/dist-packages/lio_sam/lio_sam_s__rosidl_typesupport_introspection_c.cpython-310-x86_64-linux-gnu.so
[27.682s] -- Up-to-date symlink: /home/rajpurkar/LIO-SAM-COLOR/install/lio_sam/local/lib/python3.10/dist-packages/lio_sam/msg/__init__.py
[27.682s] -- Up-to-date symlink: /home/rajpurkar/LIO-SAM-COLOR/install/lio_sam/local/lib/python3.10/dist-packages/lio_sam/msg/_cloud_info.py
[27.682s] -- Up-to-date symlink: /home/rajpurkar/LIO-SAM-COLOR/install/lio_sam/local/lib/python3.10/dist-packages/lio_sam/msg/_cloud_info_s.c
[27.682s] -- Up-to-date symlink: /home/rajpurkar/LIO-SAM-COLOR/install/lio_sam/local/lib/python3.10/dist-packages/lio_sam/srv/__init__.py
[27.682s] -- Up-to-date symlink: /home/rajpurkar/LIO-SAM-COLOR/install/lio_sam/local/lib/python3.10/dist-packages/lio_sam/srv/_save_map.py
[27.682s] -- Up-to-date symlink: /home/rajpurkar/LIO-SAM-COLOR/install/lio_sam/local/lib/python3.10/dist-packages/lio_sam/srv/_save_map_s.c
[27.683s] -- Up-to-date symlink: /home/rajpurkar/LIO-SAM-COLOR/install/lio_sam/local/lib/python3.10/dist-packages/lio_sam/lio_sam_s__rosidl_typesupport_fastrtps_c.cpython-310-x86_64-linux-gnu.so
[27.683s] -- Up-to-date symlink: /home/rajpurkar/LIO-SAM-COLOR/install/lio_sam/local/lib/python3.10/dist-packages/lio_sam/lio_sam_s__rosidl_typesupport_introspection_c.cpython-310-x86_64-linux-gnu.so
[27.683s] -- Up-to-date symlink: /home/rajpurkar/LIO-SAM-COLOR/install/lio_sam/local/lib/python3.10/dist-packages/lio_sam/lio_sam_s__rosidl_typesupport_c.cpython-310-x86_64-linux-gnu.so
[27.684s] -- Up-to-date symlink: /home/rajpurkar/LIO-SAM-COLOR/install/lio_sam/share/lio_sam/msg/CloudInfo.idl
[27.684s] -- Up-to-date symlink: /home/rajpurkar/LIO-SAM-COLOR/install/lio_sam/share/lio_sam/srv/SaveMap.idl
[27.684s] -- Up-to-date symlink: /home/rajpurkar/LIO-SAM-COLOR/install/lio_sam/share/lio_sam/msg/CloudInfo.msg
[27.684s] -- Up-to-date symlink: /home/rajpurkar/LIO-SAM-COLOR/install/lio_sam/share/lio_sam/srv/SaveMap.srv
[27.684s] -- Up-to-date symlink: /home/rajpurkar/LIO-SAM-COLOR/install/lio_sam/share/lio_sam/srv/SaveMap_Request.msg
[27.684s] -- Up-to-date symlink: /home/rajpurkar/LIO-SAM-COLOR/install/lio_sam/share/lio_sam/srv/SaveMap_Response.msg
[27.684s] -- Up-to-date symlink: /home/rajpurkar/LIO-SAM-COLOR/install/lio_sam/share/lio_sam//launch/run.launch.py
[27.685s] -- Up-to-date symlink: /home/rajpurkar/LIO-SAM-COLOR/install/lio_sam/share/lio_sam//config/doc/demo.gif
[27.685s] -- Up-to-date symlink: /home/rajpurkar/LIO-SAM-COLOR/install/lio_sam/share/lio_sam//config/doc/demo.png
[27.685s] -- Up-to-date symlink: /home/rajpurkar/LIO-SAM-COLOR/install/lio_sam/share/lio_sam//config/doc/device-boat.png
[27.685s] -- Up-to-date symlink: /home/rajpurkar/LIO-SAM-COLOR/install/lio_sam/share/lio_sam//config/doc/device-hand-2.png
[27.685s] -- Up-to-date symlink: /home/rajpurkar/LIO-SAM-COLOR/install/lio_sam/share/lio_sam//config/doc/device-hand.png
[27.685s] -- Up-to-date symlink: /home/rajpurkar/LIO-SAM-COLOR/install/lio_sam/share/lio_sam//config/doc/device-jackal.png
[27.685s] -- Up-to-date symlink: /home/rajpurkar/LIO-SAM-COLOR/install/lio_sam/share/lio_sam//config/doc/gps-demo.gif
[27.685s] -- Up-to-date symlink: /home/rajpurkar/LIO-SAM-COLOR/install/lio_sam/share/lio_sam//config/doc/imu-debug.gif
[27.685s] -- Up-to-date symlink: /home/rajpurkar/LIO-SAM-COLOR/install/lio_sam/share/lio_sam//config/doc/imu-transform.png
[27.685s] -- Up-to-date symlink: /home/rajpurkar/LIO-SAM-COLOR/install/lio_sam/share/lio_sam//config/doc/kitti-demo.gif
[27.685s] -- Up-to-date symlink: /home/rajpurkar/LIO-SAM-COLOR/install/lio_sam/share/lio_sam//config/doc/kitti-map.png
[27.685s] -- Up-to-date symlink: /home/rajpurkar/LIO-SAM-COLOR/install/lio_sam/share/lio_sam//config/doc/kitti2bag/README.md
[27.685s] -- Up-to-date symlink: /home/rajpurkar/LIO-SAM-COLOR/install/lio_sam/share/lio_sam//config/doc/kitti2bag/kitti2bag.py
[27.686s] -- Up-to-date symlink: /home/rajpurkar/LIO-SAM-COLOR/install/lio_sam/share/lio_sam//config/doc/loop-closure-2.gif
[27.686s] -- Up-to-date symlink: /home/rajpurkar/LIO-SAM-COLOR/install/lio_sam/share/lio_sam//config/doc/loop-closure.gif
[27.686s] -- Up-to-date symlink: /home/rajpurkar/LIO-SAM-COLOR/install/lio_sam/share/lio_sam//config/doc/ouster-demo.gif
[27.686s] -- Up-to-date symlink: /home/rajpurkar/LIO-SAM-COLOR/install/lio_sam/share/lio_sam//config/doc/ouster-device.jpg
[27.686s] -- Up-to-date symlink: /home/rajpurkar/LIO-SAM-COLOR/install/lio_sam/share/lio_sam//config/doc/paper.pdf
[27.686s] -- Up-to-date symlink: /home/rajpurkar/LIO-SAM-COLOR/install/lio_sam/share/lio_sam//config/doc/system1.png
[27.686s] -- Up-to-date symlink: /home/rajpurkar/LIO-SAM-COLOR/install/lio_sam/share/lio_sam//config/params.yaml
[27.686s] -- Up-to-date symlink: /home/rajpurkar/LIO-SAM-COLOR/install/lio_sam/share/lio_sam//config/robot.urdf.xacro
[27.686s] -- Up-to-date symlink: /home/rajpurkar/LIO-SAM-COLOR/install/lio_sam/share/lio_sam//config/rviz2.rviz
[27.686s] -- Up-to-date symlink: /home/rajpurkar/LIO-SAM-COLOR/install/lio_sam/lib/lio_sam/lio_sam_imageProjection
[27.686s] -- Up-to-date symlink: /home/rajpurkar/LIO-SAM-COLOR/install/lio_sam/lib/lio_sam/lio_sam_imuPreintegration
[27.686s] -- Up-to-date symlink: /home/rajpurkar/LIO-SAM-COLOR/install/lio_sam/lib/lio_sam/lio_sam_featureExtraction
[27.687s] -- Up-to-date symlink: /home/rajpurkar/LIO-SAM-COLOR/install/lio_sam/lib/lio_sam/lio_sam_mapOptimization
[27.687s] -- Up-to-date symlink: /home/rajpurkar/LIO-SAM-COLOR/install/lio_sam/include/color_cloud/Camera.hpp
[27.687s] -- Up-to-date symlink: /home/rajpurkar/LIO-SAM-COLOR/install/lio_sam/include/color_cloud/PointCloudType.hpp
[27.687s] -- Up-to-date symlink: /home/rajpurkar/LIO-SAM-COLOR/install/lio_sam/include/color_cloud/TransformeProvider.hpp
[27.687s] -- Up-to-date symlink: /home/rajpurkar/LIO-SAM-COLOR/install/lio_sam/include/lio_sam/utility.hpp
[27.687s] -- Up-to-date symlink: /home/rajpurkar/LIO-SAM-COLOR/install/lio_sam/share/ament_index/resource_index/package_run_dependencies/lio_sam
[27.687s] -- Up-to-date symlink: /home/rajpurkar/LIO-SAM-COLOR/install/lio_sam/share/ament_index/resource_index/parent_prefix_path/lio_sam
[27.688s] -- Up-to-date symlink: /home/rajpurkar/LIO-SAM-COLOR/install/lio_sam/share/lio_sam/environment/ament_prefix_path.sh
[27.688s] -- Up-to-date symlink: /home/rajpurkar/LIO-SAM-COLOR/install/lio_sam/share/lio_sam/environment/ament_prefix_path.dsv
[27.688s] -- Up-to-date symlink: /home/rajpurkar/LIO-SAM-COLOR/install/lio_sam/share/lio_sam/environment/path.sh
[27.688s] -- Up-to-date symlink: /home/rajpurkar/LIO-SAM-COLOR/install/lio_sam/share/lio_sam/environment/path.dsv
[27.688s] -- Up-to-date symlink: /home/rajpurkar/LIO-SAM-COLOR/install/lio_sam/share/lio_sam/local_setup.bash
[27.689s] -- Up-to-date symlink: /home/rajpurkar/LIO-SAM-COLOR/install/lio_sam/share/lio_sam/local_setup.sh
[27.689s] -- Up-to-date symlink: /home/rajpurkar/LIO-SAM-COLOR/install/lio_sam/share/lio_sam/local_setup.zsh
[27.689s] -- Up-to-date symlink: /home/rajpurkar/LIO-SAM-COLOR/install/lio_sam/share/lio_sam/local_setup.dsv
[27.689s] -- Symlinking: /home/rajpurkar/LIO-SAM-COLOR/install/lio_sam/share/lio_sam/package.dsv
[27.696s] -- Up-to-date symlink: /home/rajpurkar/LIO-SAM-COLOR/install/lio_sam/share/ament_index/resource_index/packages/lio_sam
[27.696s] -- Up-to-date symlink: /home/rajpurkar/LIO-SAM-COLOR/install/lio_sam/share/lio_sam/cmake/rosidl_cmake-extras.cmake
[27.696s] -- Up-to-date symlink: /home/rajpurkar/LIO-SAM-COLOR/install/lio_sam/share/lio_sam/cmake/ament_cmake_export_dependencies-extras.cmake
[27.697s] -- Up-to-date symlink: /home/rajpurkar/LIO-SAM-COLOR/install/lio_sam/share/lio_sam/cmake/ament_cmake_export_include_directories-extras.cmake
[27.697s] -- Up-to-date symlink: /home/rajpurkar/LIO-SAM-COLOR/install/lio_sam/share/lio_sam/cmake/ament_cmake_export_libraries-extras.cmake
[27.697s] -- Up-to-date symlink: /home/rajpurkar/LIO-SAM-COLOR/install/lio_sam/share/lio_sam/cmake/ament_cmake_export_targets-extras.cmake
[27.697s] -- Up-to-date symlink: /home/rajpurkar/LIO-SAM-COLOR/install/lio_sam/share/lio_sam/cmake/rosidl_cmake_export_typesupport_targets-extras.cmake
[27.697s] -- Up-to-date symlink: /home/rajpurkar/LIO-SAM-COLOR/install/lio_sam/share/lio_sam/cmake/rosidl_cmake_export_typesupport_libraries-extras.cmake
[27.697s] -- Up-to-date symlink: /home/rajpurkar/LIO-SAM-COLOR/install/lio_sam/share/lio_sam/cmake/lio_samConfig.cmake
[27.697s] -- Up-to-date symlink: /home/rajpurkar/LIO-SAM-COLOR/install/lio_sam/share/lio_sam/cmake/lio_samConfig-version.cmake
[27.697s] -- Up-to-date symlink: /home/rajpurkar/LIO-SAM-COLOR/install/lio_sam/share/lio_sam/package.xml
[27.697s] -- Up-to-date: /home/rajpurkar/LIO-SAM-COLOR/install/lio_sam/lib/liblio_sam__rosidl_generator_c.so
[27.698s] -- Up-to-date: /home/rajpurkar/LIO-SAM-COLOR/install/lio_sam/lib/liblio_sam__rosidl_typesupport_fastrtps_c.so
[27.698s] -- Up-to-date: /home/rajpurkar/LIO-SAM-COLOR/install/lio_sam/lib/liblio_sam__rosidl_typesupport_introspection_c.so
[27.698s] -- Up-to-date: /home/rajpurkar/LIO-SAM-COLOR/install/lio_sam/lib/liblio_sam__rosidl_typesupport_c.so
[27.698s] -- Up-to-date: /home/rajpurkar/LIO-SAM-COLOR/install/lio_sam/lib/liblio_sam__rosidl_typesupport_fastrtps_cpp.so
[27.699s] -- Up-to-date: /home/rajpurkar/LIO-SAM-COLOR/install/lio_sam/lib/liblio_sam__rosidl_typesupport_introspection_cpp.so
[27.699s] -- Up-to-date: /home/rajpurkar/LIO-SAM-COLOR/install/lio_sam/lib/liblio_sam__rosidl_typesupport_cpp.so
[27.727s] Listing '/home/rajpurkar/LIO-SAM-COLOR/install/lio_sam/local/lib/python3.10/dist-packages/lio_sam'...
[27.727s] Listing '/home/rajpurkar/LIO-SAM-COLOR/install/lio_sam/local/lib/python3.10/dist-packages/lio_sam/msg'...
[27.727s] Listing '/home/rajpurkar/LIO-SAM-COLOR/install/lio_sam/local/lib/python3.10/dist-packages/lio_sam/srv'...
[27.730s] -- Up-to-date: /home/rajpurkar/LIO-SAM-COLOR/install/lio_sam/lib/liblio_sam__rosidl_generator_py.so
[27.731s] -- Up-to-date: /home/rajpurkar/LIO-SAM-COLOR/install/lio_sam/share/lio_sam/cmake/export_lio_sam__rosidl_generator_cExport.cmake
[27.731s] -- Up-to-date: /home/rajpurkar/LIO-SAM-COLOR/install/lio_sam/share/lio_sam/cmake/export_lio_sam__rosidl_generator_cExport-release.cmake
[27.731s] -- Up-to-date: /home/rajpurkar/LIO-SAM-COLOR/install/lio_sam/share/lio_sam/cmake/export_lio_sam__rosidl_typesupport_fastrtps_cExport.cmake
[27.731s] -- Up-to-date: /home/rajpurkar/LIO-SAM-COLOR/install/lio_sam/share/lio_sam/cmake/export_lio_sam__rosidl_typesupport_fastrtps_cExport-release.cmake
[27.731s] -- Up-to-date: /home/rajpurkar/LIO-SAM-COLOR/install/lio_sam/share/lio_sam/cmake/lio_sam__rosidl_typesupport_introspection_cExport.cmake
[27.731s] -- Up-to-date: /home/rajpurkar/LIO-SAM-COLOR/install/lio_sam/share/lio_sam/cmake/lio_sam__rosidl_typesupport_introspection_cExport-release.cmake
[27.731s] -- Up-to-date: /home/rajpurkar/LIO-SAM-COLOR/install/lio_sam/share/lio_sam/cmake/lio_sam__rosidl_typesupport_cExport.cmake
[27.731s] -- Up-to-date: /home/rajpurkar/LIO-SAM-COLOR/install/lio_sam/share/lio_sam/cmake/lio_sam__rosidl_typesupport_cExport-release.cmake
[27.731s] -- Up-to-date: /home/rajpurkar/LIO-SAM-COLOR/install/lio_sam/share/lio_sam/cmake/export_lio_sam__rosidl_generator_cppExport.cmake
[27.731s] -- Up-to-date: /home/rajpurkar/LIO-SAM-COLOR/install/lio_sam/share/lio_sam/cmake/export_lio_sam__rosidl_typesupport_fastrtps_cppExport.cmake
[27.731s] -- Up-to-date: /home/rajpurkar/LIO-SAM-COLOR/install/lio_sam/share/lio_sam/cmake/export_lio_sam__rosidl_typesupport_fastrtps_cppExport-release.cmake
[27.732s] -- Up-to-date: /home/rajpurkar/LIO-SAM-COLOR/install/lio_sam/share/lio_sam/cmake/lio_sam__rosidl_typesupport_introspection_cppExport.cmake
[27.732s] -- Up-to-date: /home/rajpurkar/LIO-SAM-COLOR/install/lio_sam/share/lio_sam/cmake/lio_sam__rosidl_typesupport_introspection_cppExport-release.cmake
[27.732s] -- Up-to-date: /home/rajpurkar/LIO-SAM-COLOR/install/lio_sam/share/lio_sam/cmake/lio_sam__rosidl_typesupport_cppExport.cmake
[27.732s] -- Up-to-date: /home/rajpurkar/LIO-SAM-COLOR/install/lio_sam/share/lio_sam/cmake/lio_sam__rosidl_typesupport_cppExport-release.cmake
[27.732s] -- Up-to-date: /home/rajpurkar/LIO-SAM-COLOR/install/lio_sam/share/lio_sam/cmake/export_lio_sam__rosidl_generator_pyExport.cmake
[27.732s] -- Up-to-date: /home/rajpurkar/LIO-SAM-COLOR/install/lio_sam/share/lio_sam/cmake/export_lio_sam__rosidl_generator_pyExport-release.cmake
[27.733s] Invoked command in '/home/rajpurkar/LIO-SAM-COLOR/build/lio_sam' returned '0': CMAKE_PREFIX_PATH=${CMAKE_PREFIX_PATH}:/opt/ros/humble /usr/bin/cmake --install /home/rajpurkar/LIO-SAM-COLOR/build/lio_sam
