[0.080s] DEBUG:colcon:Command line arguments: ['/usr/bin/colcon', 'build']
[0.080s] DEBUG:colcon:Parsed command line arguments: Namespace(log_base=None, log_level=None, verb_name='build', build_base='build', install_base='install', merge_install=False, symlink_install=False, test_result_base=None, continue_on_error=False, executor='parallel', parallel_workers=16, event_handlers=None, ignore_user_meta=False, metas=['./colcon.meta'], base_paths=['.'], packages_ignore=None, packages_ignore_regex=None, paths=None, packages_up_to=None, packages_up_to_regex=None, packages_above=None, packages_above_and_dependencies=None, packages_above_depth=None, packages_select_by_dep=None, packages_skip_by_dep=None, packages_skip_up_to=None, packages_select_build_failed=False, packages_skip_build_finished=False, packages_select_test_failures=False, packages_skip_test_passed=False, packages_select=None, packages_skip=None, packages_select_regex=None, packages_skip_regex=None, packages_start=None, packages_end=None, allow_overriding=[], cmake_args=None, cmake_target=None, cmake_target_skip_unavailable=False, cmake_clean_cache=False, cmake_clean_first=False, cmake_force_configure=False, ament_cmake_args=None, catkin_cmake_args=None, catkin_skip_building_tests=False, mixin_files=None, mixin=None, verb_parser=<colcon_mixin.mixin.mixin_argument.MixinArgumentDecorator object at 0x732209523ca0>, verb_extension=<colcon_core.verb.build.BuildVerb object at 0x7322096a5660>, main=<bound method BuildVerb.main of <colcon_core.verb.build.BuildVerb object at 0x7322096a5660>>, mixin_verb=('build',))
[0.222s] Level 1:colcon.colcon_core.package_discovery:discover_packages(colcon_meta) check parameters
[0.222s] Level 1:colcon.colcon_core.package_discovery:discover_packages(recursive) check parameters
[0.222s] Level 1:colcon.colcon_core.package_discovery:discover_packages(ignore) check parameters
[0.222s] Level 1:colcon.colcon_core.package_discovery:discover_packages(path) check parameters
[0.222s] Level 1:colcon.colcon_core.package_discovery:discover_packages(colcon_meta) discover
[0.222s] Level 1:colcon.colcon_core.package_discovery:discover_packages(recursive) discover
[0.222s] INFO:colcon.colcon_core.package_discovery:Crawling recursively for packages in '/home/rajpurkar/CNI_Custom_LIO-SLAM-COLOUR_isaacsim/ros2_ws'
[0.223s] Level 1:colcon.colcon_core.package_identification:_identify(.) by extensions ['ignore', 'ignore_ament_install']
[0.223s] Level 1:colcon.colcon_core.package_identification:_identify(.) by extension 'ignore'
[0.223s] Level 1:colcon.colcon_core.package_identification:_identify(.) by extension 'ignore_ament_install'
[0.223s] Level 1:colcon.colcon_core.package_identification:_identify(.) by extensions ['colcon_pkg']
[0.223s] Level 1:colcon.colcon_core.package_identification:_identify(.) by extension 'colcon_pkg'
[0.223s] Level 1:colcon.colcon_core.package_identification:_identify(.) by extensions ['colcon_meta']
[0.223s] Level 1:colcon.colcon_core.package_identification:_identify(.) by extension 'colcon_meta'
[0.223s] Level 1:colcon.colcon_core.package_identification:_identify(.) by extensions ['ros']
[0.223s] Level 1:colcon.colcon_core.package_identification:_identify(.) by extension 'ros'
[0.235s] Level 1:colcon.colcon_core.package_identification:_identify(.) by extensions ['cmake', 'python']
[0.235s] Level 1:colcon.colcon_core.package_identification:_identify(.) by extension 'cmake'
[0.235s] Level 1:colcon.colcon_core.package_identification:_identify(.) by extension 'python'
[0.235s] Level 1:colcon.colcon_core.package_identification:_identify(.) by extensions ['python_setup_py']
[0.235s] Level 1:colcon.colcon_core.package_identification:_identify(.) by extension 'python_setup_py'
[0.235s] Level 1:colcon.colcon_core.package_identification:_identify(build) by extensions ['ignore', 'ignore_ament_install']
[0.235s] Level 1:colcon.colcon_core.package_identification:_identify(build) by extension 'ignore'
[0.235s] Level 1:colcon.colcon_core.package_identification:_identify(build) ignored
[0.236s] Level 1:colcon.colcon_core.package_identification:_identify(install) by extensions ['ignore', 'ignore_ament_install']
[0.236s] Level 1:colcon.colcon_core.package_identification:_identify(install) by extension 'ignore'
[0.236s] Level 1:colcon.colcon_core.package_identification:_identify(install) ignored
[0.236s] Level 1:colcon.colcon_core.package_identification:_identify(log) by extensions ['ignore', 'ignore_ament_install']
[0.236s] Level 1:colcon.colcon_core.package_identification:_identify(log) by extension 'ignore'
[0.236s] Level 1:colcon.colcon_core.package_identification:_identify(log) ignored
[0.236s] Level 1:colcon.colcon_core.package_identification:_identify(src) by extensions ['ignore', 'ignore_ament_install']
[0.236s] Level 1:colcon.colcon_core.package_identification:_identify(src) by extension 'ignore'
[0.236s] Level 1:colcon.colcon_core.package_identification:_identify(src) by extension 'ignore_ament_install'
[0.236s] Level 1:colcon.colcon_core.package_identification:_identify(src) by extensions ['colcon_pkg']
[0.236s] Level 1:colcon.colcon_core.package_identification:_identify(src) by extension 'colcon_pkg'
[0.237s] Level 1:colcon.colcon_core.package_identification:_identify(src) by extensions ['colcon_meta']
[0.237s] Level 1:colcon.colcon_core.package_identification:_identify(src) by extension 'colcon_meta'
[0.237s] Level 1:colcon.colcon_core.package_identification:_identify(src) by extensions ['ros']
[0.237s] Level 1:colcon.colcon_core.package_identification:_identify(src) by extension 'ros'
[0.237s] Level 1:colcon.colcon_core.package_identification:_identify(src) by extensions ['cmake', 'python']
[0.237s] Level 1:colcon.colcon_core.package_identification:_identify(src) by extension 'cmake'
[0.237s] Level 1:colcon.colcon_core.package_identification:_identify(src) by extension 'python'
[0.237s] Level 1:colcon.colcon_core.package_identification:_identify(src) by extensions ['python_setup_py']
[0.237s] Level 1:colcon.colcon_core.package_identification:_identify(src) by extension 'python_setup_py'
[0.237s] Level 1:colcon.colcon_core.package_identification:_identify(src/isaac_sim_pointcloud_tool) by extensions ['ignore', 'ignore_ament_install']
[0.237s] Level 1:colcon.colcon_core.package_identification:_identify(src/isaac_sim_pointcloud_tool) by extension 'ignore'
[0.237s] Level 1:colcon.colcon_core.package_identification:_identify(src/isaac_sim_pointcloud_tool) by extension 'ignore_ament_install'
[0.237s] Level 1:colcon.colcon_core.package_identification:_identify(src/isaac_sim_pointcloud_tool) by extensions ['colcon_pkg']
[0.237s] Level 1:colcon.colcon_core.package_identification:_identify(src/isaac_sim_pointcloud_tool) by extension 'colcon_pkg'
[0.237s] Level 1:colcon.colcon_core.package_identification:_identify(src/isaac_sim_pointcloud_tool) by extensions ['colcon_meta']
[0.237s] Level 1:colcon.colcon_core.package_identification:_identify(src/isaac_sim_pointcloud_tool) by extension 'colcon_meta'
[0.238s] Level 1:colcon.colcon_core.package_identification:_identify(src/isaac_sim_pointcloud_tool) by extensions ['ros']
[0.238s] Level 1:colcon.colcon_core.package_identification:_identify(src/isaac_sim_pointcloud_tool) by extension 'ros'
[0.239s] DEBUG:colcon.colcon_core.package_identification:Package 'src/isaac_sim_pointcloud_tool' with type 'ros.ament_cmake' and name 'isaac_sim_pointcloud_tool'
[0.239s] Level 1:colcon.colcon_core.package_discovery:discover_packages(recursive) using defaults
[0.239s] Level 1:colcon.colcon_core.package_discovery:discover_packages(ignore) discover
[0.239s] Level 1:colcon.colcon_core.package_discovery:discover_packages(ignore) using defaults
[0.239s] Level 1:colcon.colcon_core.package_discovery:discover_packages(path) discover
[0.239s] Level 1:colcon.colcon_core.package_discovery:discover_packages(path) using defaults
[0.253s] Level 1:colcon.colcon_core.package_discovery:discover_packages(prefix_path) check parameters
[0.253s] Level 1:colcon.colcon_core.package_discovery:discover_packages(prefix_path) discover
[0.255s] DEBUG:colcon.colcon_installed_package_information.package_discovery:Found 468 installed packages in /opt/ros/humble
[0.256s] Level 1:colcon.colcon_core.package_discovery:discover_packages(prefix_path) using defaults
[0.294s] Level 5:colcon.colcon_core.verb:set package 'isaac_sim_pointcloud_tool' build argument 'cmake_args' from command line to 'None'
[0.295s] Level 5:colcon.colcon_core.verb:set package 'isaac_sim_pointcloud_tool' build argument 'cmake_target' from command line to 'None'
[0.295s] Level 5:colcon.colcon_core.verb:set package 'isaac_sim_pointcloud_tool' build argument 'cmake_target_skip_unavailable' from command line to 'False'
[0.295s] Level 5:colcon.colcon_core.verb:set package 'isaac_sim_pointcloud_tool' build argument 'cmake_clean_cache' from command line to 'False'
[0.295s] Level 5:colcon.colcon_core.verb:set package 'isaac_sim_pointcloud_tool' build argument 'cmake_clean_first' from command line to 'False'
[0.295s] Level 5:colcon.colcon_core.verb:set package 'isaac_sim_pointcloud_tool' build argument 'cmake_force_configure' from command line to 'False'
[0.295s] Level 5:colcon.colcon_core.verb:set package 'isaac_sim_pointcloud_tool' build argument 'ament_cmake_args' from command line to 'None'
[0.295s] Level 5:colcon.colcon_core.verb:set package 'isaac_sim_pointcloud_tool' build argument 'catkin_cmake_args' from command line to 'None'
[0.295s] Level 5:colcon.colcon_core.verb:set package 'isaac_sim_pointcloud_tool' build argument 'catkin_skip_building_tests' from command line to 'False'
[0.295s] DEBUG:colcon.colcon_core.verb:Building package 'isaac_sim_pointcloud_tool' with the following arguments: {'ament_cmake_args': None, 'build_base': '/home/rajpurkar/CNI_Custom_LIO-SLAM-COLOUR_isaacsim/ros2_ws/build/isaac_sim_pointcloud_tool', 'catkin_cmake_args': None, 'catkin_skip_building_tests': False, 'cmake_args': None, 'cmake_clean_cache': False, 'cmake_clean_first': False, 'cmake_force_configure': False, 'cmake_target': None, 'cmake_target_skip_unavailable': False, 'install_base': '/home/rajpurkar/CNI_Custom_LIO-SLAM-COLOUR_isaacsim/ros2_ws/install/isaac_sim_pointcloud_tool', 'merge_install': False, 'path': '/home/rajpurkar/CNI_Custom_LIO-SLAM-COLOUR_isaacsim/ros2_ws/src/isaac_sim_pointcloud_tool', 'symlink_install': False, 'test_result_base': None}
[0.295s] INFO:colcon.colcon_core.executor:Executing jobs using 'parallel' executor
[0.296s] DEBUG:colcon.colcon_parallel_executor.executor.parallel:run_until_complete
[0.296s] INFO:colcon.colcon_ros.task.ament_cmake.build:Building ROS package in '/home/rajpurkar/CNI_Custom_LIO-SLAM-COLOUR_isaacsim/ros2_ws/src/isaac_sim_pointcloud_tool' with build type 'ament_cmake'
[0.296s] INFO:colcon.colcon_cmake.task.cmake.build:Building CMake package in '/home/rajpurkar/CNI_Custom_LIO-SLAM-COLOUR_isaacsim/ros2_ws/src/isaac_sim_pointcloud_tool'
[0.297s] INFO:colcon.colcon_core.plugin_system:Skipping extension 'colcon_core.shell.bat': Not used on non-Windows systems
[0.297s] INFO:colcon.colcon_core.shell:Skip shell extension 'powershell' for command environment: Not usable outside of PowerShell
[0.298s] DEBUG:colcon.colcon_core.shell:Skip shell extension 'dsv' for command environment
[0.304s] DEBUG:colcon.colcon_core.event_handler.log_command:Invoking command in '/home/rajpurkar/CNI_Custom_LIO-SLAM-COLOUR_isaacsim/ros2_ws/build/isaac_sim_pointcloud_tool': CMAKE_PREFIX_PATH=/opt/ros/humble CONDA_PROMPT_MODIFIER=(base) /usr/bin/cmake --build /home/rajpurkar/CNI_Custom_LIO-SLAM-COLOUR_isaacsim/ros2_ws/build/isaac_sim_pointcloud_tool -- -j16 -l16
[0.352s] DEBUG:colcon.colcon_core.event_handler.log_command:Invoked command in '/home/rajpurkar/CNI_Custom_LIO-SLAM-COLOUR_isaacsim/ros2_ws/build/isaac_sim_pointcloud_tool' returned '0': CMAKE_PREFIX_PATH=/opt/ros/humble CONDA_PROMPT_MODIFIER=(base) /usr/bin/cmake --build /home/rajpurkar/CNI_Custom_LIO-SLAM-COLOUR_isaacsim/ros2_ws/build/isaac_sim_pointcloud_tool -- -j16 -l16
[0.358s] DEBUG:colcon.colcon_core.event_handler.log_command:Invoking command in '/home/rajpurkar/CNI_Custom_LIO-SLAM-COLOUR_isaacsim/ros2_ws/build/isaac_sim_pointcloud_tool': CMAKE_PREFIX_PATH=/opt/ros/humble CONDA_PROMPT_MODIFIER=(base) /usr/bin/cmake --install /home/rajpurkar/CNI_Custom_LIO-SLAM-COLOUR_isaacsim/ros2_ws/build/isaac_sim_pointcloud_tool
[0.364s] Level 1:colcon.colcon_core.environment:create_environment_scripts_only(isaac_sim_pointcloud_tool)
[0.365s] DEBUG:colcon.colcon_core.event_handler.log_command:Invoked command in '/home/rajpurkar/CNI_Custom_LIO-SLAM-COLOUR_isaacsim/ros2_ws/build/isaac_sim_pointcloud_tool' returned '0': CMAKE_PREFIX_PATH=/opt/ros/humble CONDA_PROMPT_MODIFIER=(base) /usr/bin/cmake --install /home/rajpurkar/CNI_Custom_LIO-SLAM-COLOUR_isaacsim/ros2_ws/build/isaac_sim_pointcloud_tool
[0.366s] Level 1:colcon.colcon_core.environment:checking '/home/rajpurkar/CNI_Custom_LIO-SLAM-COLOUR_isaacsim/ros2_ws/install/isaac_sim_pointcloud_tool' for CMake module files
[0.367s] Level 1:colcon.colcon_core.environment:checking '/home/rajpurkar/CNI_Custom_LIO-SLAM-COLOUR_isaacsim/ros2_ws/install/isaac_sim_pointcloud_tool' for CMake config files
[0.367s] Level 1:colcon.colcon_core.shell:create_environment_hook('isaac_sim_pointcloud_tool', 'cmake_prefix_path')
[0.367s] INFO:colcon.colcon_core.shell:Creating environment hook '/home/rajpurkar/CNI_Custom_LIO-SLAM-COLOUR_isaacsim/ros2_ws/install/isaac_sim_pointcloud_tool/share/isaac_sim_pointcloud_tool/hook/cmake_prefix_path.ps1'
[0.367s] INFO:colcon.colcon_core.shell:Creating environment descriptor '/home/rajpurkar/CNI_Custom_LIO-SLAM-COLOUR_isaacsim/ros2_ws/install/isaac_sim_pointcloud_tool/share/isaac_sim_pointcloud_tool/hook/cmake_prefix_path.dsv'
[0.368s] INFO:colcon.colcon_core.shell:Creating environment hook '/home/rajpurkar/CNI_Custom_LIO-SLAM-COLOUR_isaacsim/ros2_ws/install/isaac_sim_pointcloud_tool/share/isaac_sim_pointcloud_tool/hook/cmake_prefix_path.sh'
[0.368s] Level 1:colcon.colcon_core.environment:checking '/home/rajpurkar/CNI_Custom_LIO-SLAM-COLOUR_isaacsim/ros2_ws/install/isaac_sim_pointcloud_tool/lib'
[0.368s] Level 1:colcon.colcon_core.environment:checking '/home/rajpurkar/CNI_Custom_LIO-SLAM-COLOUR_isaacsim/ros2_ws/install/isaac_sim_pointcloud_tool/bin'
[0.368s] Level 1:colcon.colcon_core.environment:checking '/home/rajpurkar/CNI_Custom_LIO-SLAM-COLOUR_isaacsim/ros2_ws/install/isaac_sim_pointcloud_tool/lib/pkgconfig/isaac_sim_pointcloud_tool.pc'
[0.369s] Level 1:colcon.colcon_core.environment:checking '/home/rajpurkar/CNI_Custom_LIO-SLAM-COLOUR_isaacsim/ros2_ws/install/isaac_sim_pointcloud_tool/lib/python3.10/site-packages'
[0.369s] Level 1:colcon.colcon_core.environment:checking '/home/rajpurkar/CNI_Custom_LIO-SLAM-COLOUR_isaacsim/ros2_ws/install/isaac_sim_pointcloud_tool/bin'
[0.369s] INFO:colcon.colcon_core.shell:Creating package script '/home/rajpurkar/CNI_Custom_LIO-SLAM-COLOUR_isaacsim/ros2_ws/install/isaac_sim_pointcloud_tool/share/isaac_sim_pointcloud_tool/package.ps1'
[0.369s] INFO:colcon.colcon_core.shell:Creating package descriptor '/home/rajpurkar/CNI_Custom_LIO-SLAM-COLOUR_isaacsim/ros2_ws/install/isaac_sim_pointcloud_tool/share/isaac_sim_pointcloud_tool/package.dsv'
[0.370s] INFO:colcon.colcon_core.shell:Creating package script '/home/rajpurkar/CNI_Custom_LIO-SLAM-COLOUR_isaacsim/ros2_ws/install/isaac_sim_pointcloud_tool/share/isaac_sim_pointcloud_tool/package.sh'
[0.370s] INFO:colcon.colcon_core.shell:Creating package script '/home/rajpurkar/CNI_Custom_LIO-SLAM-COLOUR_isaacsim/ros2_ws/install/isaac_sim_pointcloud_tool/share/isaac_sim_pointcloud_tool/package.bash'
[0.371s] INFO:colcon.colcon_core.shell:Creating package script '/home/rajpurkar/CNI_Custom_LIO-SLAM-COLOUR_isaacsim/ros2_ws/install/isaac_sim_pointcloud_tool/share/isaac_sim_pointcloud_tool/package.zsh'
[0.372s] Level 1:colcon.colcon_core.environment:create_file_with_runtime_dependencies(/home/rajpurkar/CNI_Custom_LIO-SLAM-COLOUR_isaacsim/ros2_ws/install/isaac_sim_pointcloud_tool/share/colcon-core/packages/isaac_sim_pointcloud_tool)
[0.372s] Level 1:colcon.colcon_core.environment:create_environment_scripts_only(isaac_sim_pointcloud_tool)
[0.372s] Level 1:colcon.colcon_core.environment:checking '/home/rajpurkar/CNI_Custom_LIO-SLAM-COLOUR_isaacsim/ros2_ws/install/isaac_sim_pointcloud_tool' for CMake module files
[0.372s] Level 1:colcon.colcon_core.environment:checking '/home/rajpurkar/CNI_Custom_LIO-SLAM-COLOUR_isaacsim/ros2_ws/install/isaac_sim_pointcloud_tool' for CMake config files
[0.372s] Level 1:colcon.colcon_core.shell:create_environment_hook('isaac_sim_pointcloud_tool', 'cmake_prefix_path')
[0.373s] INFO:colcon.colcon_core.shell:Creating environment hook '/home/rajpurkar/CNI_Custom_LIO-SLAM-COLOUR_isaacsim/ros2_ws/install/isaac_sim_pointcloud_tool/share/isaac_sim_pointcloud_tool/hook/cmake_prefix_path.ps1'
[0.373s] INFO:colcon.colcon_core.shell:Creating environment descriptor '/home/rajpurkar/CNI_Custom_LIO-SLAM-COLOUR_isaacsim/ros2_ws/install/isaac_sim_pointcloud_tool/share/isaac_sim_pointcloud_tool/hook/cmake_prefix_path.dsv'
[0.373s] INFO:colcon.colcon_core.shell:Creating environment hook '/home/rajpurkar/CNI_Custom_LIO-SLAM-COLOUR_isaacsim/ros2_ws/install/isaac_sim_pointcloud_tool/share/isaac_sim_pointcloud_tool/hook/cmake_prefix_path.sh'
[0.374s] Level 1:colcon.colcon_core.environment:checking '/home/rajpurkar/CNI_Custom_LIO-SLAM-COLOUR_isaacsim/ros2_ws/install/isaac_sim_pointcloud_tool/lib'
[0.374s] Level 1:colcon.colcon_core.environment:checking '/home/rajpurkar/CNI_Custom_LIO-SLAM-COLOUR_isaacsim/ros2_ws/install/isaac_sim_pointcloud_tool/bin'
[0.374s] Level 1:colcon.colcon_core.environment:checking '/home/rajpurkar/CNI_Custom_LIO-SLAM-COLOUR_isaacsim/ros2_ws/install/isaac_sim_pointcloud_tool/lib/pkgconfig/isaac_sim_pointcloud_tool.pc'
[0.374s] Level 1:colcon.colcon_core.environment:checking '/home/rajpurkar/CNI_Custom_LIO-SLAM-COLOUR_isaacsim/ros2_ws/install/isaac_sim_pointcloud_tool/lib/python3.10/site-packages'
[0.374s] Level 1:colcon.colcon_core.environment:checking '/home/rajpurkar/CNI_Custom_LIO-SLAM-COLOUR_isaacsim/ros2_ws/install/isaac_sim_pointcloud_tool/bin'
[0.374s] INFO:colcon.colcon_core.shell:Creating package script '/home/rajpurkar/CNI_Custom_LIO-SLAM-COLOUR_isaacsim/ros2_ws/install/isaac_sim_pointcloud_tool/share/isaac_sim_pointcloud_tool/package.ps1'
[0.375s] INFO:colcon.colcon_core.shell:Creating package descriptor '/home/rajpurkar/CNI_Custom_LIO-SLAM-COLOUR_isaacsim/ros2_ws/install/isaac_sim_pointcloud_tool/share/isaac_sim_pointcloud_tool/package.dsv'
[0.375s] INFO:colcon.colcon_core.shell:Creating package script '/home/rajpurkar/CNI_Custom_LIO-SLAM-COLOUR_isaacsim/ros2_ws/install/isaac_sim_pointcloud_tool/share/isaac_sim_pointcloud_tool/package.sh'
[0.375s] INFO:colcon.colcon_core.shell:Creating package script '/home/rajpurkar/CNI_Custom_LIO-SLAM-COLOUR_isaacsim/ros2_ws/install/isaac_sim_pointcloud_tool/share/isaac_sim_pointcloud_tool/package.bash'
[0.376s] INFO:colcon.colcon_core.shell:Creating package script '/home/rajpurkar/CNI_Custom_LIO-SLAM-COLOUR_isaacsim/ros2_ws/install/isaac_sim_pointcloud_tool/share/isaac_sim_pointcloud_tool/package.zsh'
[0.376s] Level 1:colcon.colcon_core.environment:create_file_with_runtime_dependencies(/home/rajpurkar/CNI_Custom_LIO-SLAM-COLOUR_isaacsim/ros2_ws/install/isaac_sim_pointcloud_tool/share/colcon-core/packages/isaac_sim_pointcloud_tool)
[0.376s] DEBUG:colcon.colcon_parallel_executor.executor.parallel:closing loop
[0.376s] DEBUG:colcon.colcon_parallel_executor.executor.parallel:loop closed
[0.376s] DEBUG:colcon.colcon_parallel_executor.executor.parallel:run_until_complete finished with '0'
[0.376s] DEBUG:colcon.colcon_core.event_reactor:joining thread
[0.380s] INFO:colcon.colcon_core.plugin_system:Skipping extension 'colcon_notification.desktop_notification.terminal_notifier': Not used on non-Darwin systems
[0.380s] INFO:colcon.colcon_core.plugin_system:Skipping extension 'colcon_notification.desktop_notification.win32': Not used on non-Windows systems
[0.380s] INFO:colcon.colcon_notification.desktop_notification:Sending desktop notification using 'notify2'
[0.387s] DEBUG:colcon.colcon_core.event_reactor:joined thread
[0.387s] INFO:colcon.colcon_core.shell:Creating prefix script '/home/rajpurkar/CNI_Custom_LIO-SLAM-COLOUR_isaacsim/ros2_ws/install/local_setup.ps1'
[0.388s] INFO:colcon.colcon_core.shell:Creating prefix util module '/home/rajpurkar/CNI_Custom_LIO-SLAM-COLOUR_isaacsim/ros2_ws/install/_local_setup_util_ps1.py'
[0.389s] INFO:colcon.colcon_core.shell:Creating prefix chain script '/home/rajpurkar/CNI_Custom_LIO-SLAM-COLOUR_isaacsim/ros2_ws/install/setup.ps1'
[0.389s] INFO:colcon.colcon_core.shell:Creating prefix script '/home/rajpurkar/CNI_Custom_LIO-SLAM-COLOUR_isaacsim/ros2_ws/install/local_setup.sh'
[0.390s] INFO:colcon.colcon_core.shell:Creating prefix util module '/home/rajpurkar/CNI_Custom_LIO-SLAM-COLOUR_isaacsim/ros2_ws/install/_local_setup_util_sh.py'
[0.390s] INFO:colcon.colcon_core.shell:Creating prefix chain script '/home/rajpurkar/CNI_Custom_LIO-SLAM-COLOUR_isaacsim/ros2_ws/install/setup.sh'
[0.391s] INFO:colcon.colcon_core.shell:Creating prefix script '/home/rajpurkar/CNI_Custom_LIO-SLAM-COLOUR_isaacsim/ros2_ws/install/local_setup.bash'
[0.391s] INFO:colcon.colcon_core.shell:Creating prefix chain script '/home/rajpurkar/CNI_Custom_LIO-SLAM-COLOUR_isaacsim/ros2_ws/install/setup.bash'
[0.392s] INFO:colcon.colcon_core.shell:Creating prefix script '/home/rajpurkar/CNI_Custom_LIO-SLAM-COLOUR_isaacsim/ros2_ws/install/local_setup.zsh'
[0.392s] INFO:colcon.colcon_core.shell:Creating prefix chain script '/home/rajpurkar/CNI_Custom_LIO-SLAM-COLOUR_isaacsim/ros2_ws/install/setup.zsh'
