[0.104s] DEBUG:colcon:Command line arguments: ['/usr/bin/colcon', 'build']
[0.104s] DEBUG:colcon:Parsed command line arguments: Namespace(log_base=None, log_level=None, verb_name='build', build_base='build', install_base='install', merge_install=False, symlink_install=False, test_result_base=None, continue_on_error=False, executor='parallel', parallel_workers=16, event_handlers=None, ignore_user_meta=False, metas=['./colcon.meta'], base_paths=['.'], packages_ignore=None, packages_ignore_regex=None, paths=None, packages_up_to=None, packages_up_to_regex=None, packages_above=None, packages_above_and_dependencies=None, packages_above_depth=None, packages_select_by_dep=None, packages_skip_by_dep=None, packages_skip_up_to=None, packages_select_build_failed=False, packages_skip_build_finished=False, packages_select_test_failures=False, packages_skip_test_passed=False, packages_select=None, packages_skip=None, packages_select_regex=None, packages_skip_regex=None, packages_start=None, packages_end=None, allow_overriding=[], cmake_args=None, cmake_target=None, cmake_target_skip_unavailable=False, cmake_clean_cache=False, cmake_clean_first=False, cmake_force_configure=False, ament_cmake_args=None, catkin_cmake_args=None, catkin_skip_building_tests=False, mixin_files=None, mixin=None, verb_parser=<colcon_mixin.mixin.mixin_argument.MixinArgumentDecorator object at 0x78f538d6b9d0>, verb_extension=<colcon_core.verb.build.BuildVerb object at 0x78f538ea1390>, main=<bound method BuildVerb.main of <colcon_core.verb.build.BuildVerb object at 0x78f538ea1390>>, mixin_verb=('build',))
[0.335s] Level 1:colcon.colcon_core.package_discovery:discover_packages(colcon_meta) check parameters
[0.335s] Level 1:colcon.colcon_core.package_discovery:discover_packages(recursive) check parameters
[0.335s] Level 1:colcon.colcon_core.package_discovery:discover_packages(ignore) check parameters
[0.335s] Level 1:colcon.colcon_core.package_discovery:discover_packages(path) check parameters
[0.335s] Level 1:colcon.colcon_core.package_discovery:discover_packages(colcon_meta) discover
[0.335s] Level 1:colcon.colcon_core.package_discovery:discover_packages(recursive) discover
[0.335s] INFO:colcon.colcon_core.package_discovery:Crawling recursively for packages in '/home/rajpurkar/LIO-SAM-COLOR'
[0.335s] Level 1:colcon.colcon_core.package_identification:_identify(.) by extensions ['ignore', 'ignore_ament_install']
[0.335s] Level 1:colcon.colcon_core.package_identification:_identify(.) by extension 'ignore'
[0.335s] Level 1:colcon.colcon_core.package_identification:_identify(.) by extension 'ignore_ament_install'
[0.335s] Level 1:colcon.colcon_core.package_identification:_identify(.) by extensions ['colcon_pkg']
[0.335s] Level 1:colcon.colcon_core.package_identification:_identify(.) by extension 'colcon_pkg'
[0.335s] Level 1:colcon.colcon_core.package_identification:_identify(.) by extensions ['colcon_meta']
[0.336s] Level 1:colcon.colcon_core.package_identification:_identify(.) by extension 'colcon_meta'
[0.336s] Level 1:colcon.colcon_core.package_identification:_identify(.) by extensions ['ros']
[0.336s] Level 1:colcon.colcon_core.package_identification:_identify(.) by extension 'ros'
[0.356s] DEBUG:colcon.colcon_core.package_identification:Package '.' with type 'ros.ament_cmake' and name 'lio_sam'
[0.356s] Level 1:colcon.colcon_core.package_discovery:discover_packages(recursive) using defaults
[0.356s] Level 1:colcon.colcon_core.package_discovery:discover_packages(ignore) discover
[0.356s] Level 1:colcon.colcon_core.package_discovery:discover_packages(ignore) using defaults
[0.356s] Level 1:colcon.colcon_core.package_discovery:discover_packages(path) discover
[0.356s] Level 1:colcon.colcon_core.package_discovery:discover_packages(path) using defaults
[0.374s] Level 1:colcon.colcon_core.package_discovery:discover_packages(prefix_path) check parameters
[0.375s] Level 1:colcon.colcon_core.package_discovery:discover_packages(prefix_path) discover
[0.376s] DEBUG:colcon.colcon_installed_package_information.package_discovery:Found 1 installed packages in /home/rajpurkar/LIO-SAM-COLOR/install
[0.377s] DEBUG:colcon.colcon_installed_package_information.package_discovery:Found 4 installed packages in /home/rajpurkar/ros2_ws/install
[0.378s] DEBUG:colcon.colcon_installed_package_information.package_discovery:Found 468 installed packages in /opt/ros/humble
[0.380s] Level 1:colcon.colcon_core.package_discovery:discover_packages(prefix_path) using defaults
[0.432s] Level 5:colcon.colcon_core.verb:set package 'lio_sam' build argument 'cmake_args' from command line to 'None'
[0.432s] Level 5:colcon.colcon_core.verb:set package 'lio_sam' build argument 'cmake_target' from command line to 'None'
[0.432s] Level 5:colcon.colcon_core.verb:set package 'lio_sam' build argument 'cmake_target_skip_unavailable' from command line to 'False'
[0.432s] Level 5:colcon.colcon_core.verb:set package 'lio_sam' build argument 'cmake_clean_cache' from command line to 'False'
[0.432s] Level 5:colcon.colcon_core.verb:set package 'lio_sam' build argument 'cmake_clean_first' from command line to 'False'
[0.432s] Level 5:colcon.colcon_core.verb:set package 'lio_sam' build argument 'cmake_force_configure' from command line to 'False'
[0.432s] Level 5:colcon.colcon_core.verb:set package 'lio_sam' build argument 'ament_cmake_args' from command line to 'None'
[0.432s] Level 5:colcon.colcon_core.verb:set package 'lio_sam' build argument 'catkin_cmake_args' from command line to 'None'
[0.432s] Level 5:colcon.colcon_core.verb:set package 'lio_sam' build argument 'catkin_skip_building_tests' from command line to 'False'
[0.432s] DEBUG:colcon.colcon_core.verb:Building package 'lio_sam' with the following arguments: {'ament_cmake_args': None, 'build_base': '/home/rajpurkar/LIO-SAM-COLOR/build/lio_sam', 'catkin_cmake_args': None, 'catkin_skip_building_tests': False, 'cmake_args': None, 'cmake_clean_cache': False, 'cmake_clean_first': False, 'cmake_force_configure': False, 'cmake_target': None, 'cmake_target_skip_unavailable': False, 'install_base': '/home/rajpurkar/LIO-SAM-COLOR/install/lio_sam', 'merge_install': False, 'path': '/home/rajpurkar/LIO-SAM-COLOR', 'symlink_install': False, 'test_result_base': None}
[0.432s] INFO:colcon.colcon_core.executor:Executing jobs using 'parallel' executor
[0.433s] DEBUG:colcon.colcon_parallel_executor.executor.parallel:run_until_complete
[0.434s] INFO:colcon.colcon_ros.task.ament_cmake.build:Building ROS package in '/home/rajpurkar/LIO-SAM-COLOR' with build type 'ament_cmake'
[0.434s] INFO:colcon.colcon_cmake.task.cmake.build:Building CMake package in '/home/rajpurkar/LIO-SAM-COLOR'
[0.436s] INFO:colcon.colcon_core.plugin_system:Skipping extension 'colcon_core.shell.bat': Not used on non-Windows systems
[0.436s] INFO:colcon.colcon_core.shell:Skip shell extension 'powershell' for command environment: Not usable outside of PowerShell
[0.436s] DEBUG:colcon.colcon_core.shell:Skip shell extension 'dsv' for command environment
[0.447s] DEBUG:colcon.colcon_core.event_handler.log_command:Invoking command in '/home/rajpurkar/LIO-SAM-COLOR/build/lio_sam': CMAKE_PREFIX_PATH=${CMAKE_PREFIX_PATH}:/opt/ros/humble /usr/bin/cmake --build /home/rajpurkar/LIO-SAM-COLOR/build/lio_sam -- -j16 -l16
[66.326s] DEBUG:colcon.colcon_core.event_handler.log_command:Invoked command in '/home/rajpurkar/LIO-SAM-COLOR/build/lio_sam' returned '0': CMAKE_PREFIX_PATH=${CMAKE_PREFIX_PATH}:/opt/ros/humble /usr/bin/cmake --build /home/rajpurkar/LIO-SAM-COLOR/build/lio_sam -- -j16 -l16
[66.334s] DEBUG:colcon.colcon_core.event_handler.log_command:Invoking command in '/home/rajpurkar/LIO-SAM-COLOR/build/lio_sam': CMAKE_PREFIX_PATH=${CMAKE_PREFIX_PATH}:/opt/ros/humble /usr/bin/cmake --install /home/rajpurkar/LIO-SAM-COLOR/build/lio_sam
[66.397s] Level 1:colcon.colcon_core.environment:create_environment_scripts_only(lio_sam)
[66.397s] DEBUG:colcon.colcon_core.event_handler.log_command:Invoked command in '/home/rajpurkar/LIO-SAM-COLOR/build/lio_sam' returned '0': CMAKE_PREFIX_PATH=${CMAKE_PREFIX_PATH}:/opt/ros/humble /usr/bin/cmake --install /home/rajpurkar/LIO-SAM-COLOR/build/lio_sam
[66.399s] Level 1:colcon.colcon_core.environment:checking '/home/rajpurkar/LIO-SAM-COLOR/install/lio_sam' for CMake module files
[66.399s] Level 1:colcon.colcon_core.environment:checking '/home/rajpurkar/LIO-SAM-COLOR/install/lio_sam' for CMake config files
[66.400s] Level 1:colcon.colcon_core.shell:create_environment_hook('lio_sam', 'cmake_prefix_path')
[66.400s] INFO:colcon.colcon_core.shell:Creating environment hook '/home/rajpurkar/LIO-SAM-COLOR/install/lio_sam/share/lio_sam/hook/cmake_prefix_path.ps1'
[66.401s] INFO:colcon.colcon_core.shell:Creating environment descriptor '/home/rajpurkar/LIO-SAM-COLOR/install/lio_sam/share/lio_sam/hook/cmake_prefix_path.dsv'
[66.401s] INFO:colcon.colcon_core.shell:Creating environment hook '/home/rajpurkar/LIO-SAM-COLOR/install/lio_sam/share/lio_sam/hook/cmake_prefix_path.sh'
[66.402s] Level 1:colcon.colcon_core.environment:checking '/home/rajpurkar/LIO-SAM-COLOR/install/lio_sam/lib'
[66.402s] Level 1:colcon.colcon_core.shell:create_environment_hook('lio_sam', 'ld_library_path_lib')
[66.402s] INFO:colcon.colcon_core.shell:Creating environment hook '/home/rajpurkar/LIO-SAM-COLOR/install/lio_sam/share/lio_sam/hook/ld_library_path_lib.ps1'
[66.402s] INFO:colcon.colcon_core.shell:Creating environment descriptor '/home/rajpurkar/LIO-SAM-COLOR/install/lio_sam/share/lio_sam/hook/ld_library_path_lib.dsv'
[66.403s] INFO:colcon.colcon_core.shell:Creating environment hook '/home/rajpurkar/LIO-SAM-COLOR/install/lio_sam/share/lio_sam/hook/ld_library_path_lib.sh'
[66.403s] Level 1:colcon.colcon_core.environment:checking '/home/rajpurkar/LIO-SAM-COLOR/install/lio_sam/bin'
[66.403s] Level 1:colcon.colcon_core.environment:checking '/home/rajpurkar/LIO-SAM-COLOR/install/lio_sam/lib/pkgconfig/lio_sam.pc'
[66.403s] Level 1:colcon.colcon_core.environment:checking '/home/rajpurkar/LIO-SAM-COLOR/install/lio_sam/lib/python3.10/site-packages'
[66.403s] Level 1:colcon.colcon_core.environment:checking '/home/rajpurkar/LIO-SAM-COLOR/install/lio_sam/bin'
[66.404s] INFO:colcon.colcon_core.shell:Creating package script '/home/rajpurkar/LIO-SAM-COLOR/install/lio_sam/share/lio_sam/package.ps1'
[66.404s] INFO:colcon.colcon_core.shell:Creating package descriptor '/home/rajpurkar/LIO-SAM-COLOR/install/lio_sam/share/lio_sam/package.dsv'
[66.405s] INFO:colcon.colcon_core.shell:Creating package script '/home/rajpurkar/LIO-SAM-COLOR/install/lio_sam/share/lio_sam/package.sh'
[66.406s] INFO:colcon.colcon_core.shell:Creating package script '/home/rajpurkar/LIO-SAM-COLOR/install/lio_sam/share/lio_sam/package.bash'
[66.406s] INFO:colcon.colcon_core.shell:Creating package script '/home/rajpurkar/LIO-SAM-COLOR/install/lio_sam/share/lio_sam/package.zsh'
[66.407s] Level 1:colcon.colcon_core.environment:create_file_with_runtime_dependencies(/home/rajpurkar/LIO-SAM-COLOR/install/lio_sam/share/colcon-core/packages/lio_sam)
[66.407s] Level 1:colcon.colcon_core.environment:create_environment_scripts_only(lio_sam)
[66.408s] Level 1:colcon.colcon_core.environment:checking '/home/rajpurkar/LIO-SAM-COLOR/install/lio_sam' for CMake module files
[66.408s] Level 1:colcon.colcon_core.environment:checking '/home/rajpurkar/LIO-SAM-COLOR/install/lio_sam' for CMake config files
[66.409s] Level 1:colcon.colcon_core.shell:create_environment_hook('lio_sam', 'cmake_prefix_path')
[66.409s] INFO:colcon.colcon_core.shell:Creating environment hook '/home/rajpurkar/LIO-SAM-COLOR/install/lio_sam/share/lio_sam/hook/cmake_prefix_path.ps1'
[66.409s] INFO:colcon.colcon_core.shell:Creating environment descriptor '/home/rajpurkar/LIO-SAM-COLOR/install/lio_sam/share/lio_sam/hook/cmake_prefix_path.dsv'
[66.409s] INFO:colcon.colcon_core.shell:Creating environment hook '/home/rajpurkar/LIO-SAM-COLOR/install/lio_sam/share/lio_sam/hook/cmake_prefix_path.sh'
[66.410s] Level 1:colcon.colcon_core.environment:checking '/home/rajpurkar/LIO-SAM-COLOR/install/lio_sam/lib'
[66.410s] Level 1:colcon.colcon_core.shell:create_environment_hook('lio_sam', 'ld_library_path_lib')
[66.410s] INFO:colcon.colcon_core.shell:Creating environment hook '/home/rajpurkar/LIO-SAM-COLOR/install/lio_sam/share/lio_sam/hook/ld_library_path_lib.ps1'
[66.410s] INFO:colcon.colcon_core.shell:Creating environment descriptor '/home/rajpurkar/LIO-SAM-COLOR/install/lio_sam/share/lio_sam/hook/ld_library_path_lib.dsv'
[66.411s] INFO:colcon.colcon_core.shell:Creating environment hook '/home/rajpurkar/LIO-SAM-COLOR/install/lio_sam/share/lio_sam/hook/ld_library_path_lib.sh'
[66.411s] Level 1:colcon.colcon_core.environment:checking '/home/rajpurkar/LIO-SAM-COLOR/install/lio_sam/bin'
[66.411s] Level 1:colcon.colcon_core.environment:checking '/home/rajpurkar/LIO-SAM-COLOR/install/lio_sam/lib/pkgconfig/lio_sam.pc'
[66.411s] Level 1:colcon.colcon_core.environment:checking '/home/rajpurkar/LIO-SAM-COLOR/install/lio_sam/lib/python3.10/site-packages'
[66.412s] Level 1:colcon.colcon_core.environment:checking '/home/rajpurkar/LIO-SAM-COLOR/install/lio_sam/bin'
[66.412s] INFO:colcon.colcon_core.shell:Creating package script '/home/rajpurkar/LIO-SAM-COLOR/install/lio_sam/share/lio_sam/package.ps1'
[66.412s] INFO:colcon.colcon_core.shell:Creating package descriptor '/home/rajpurkar/LIO-SAM-COLOR/install/lio_sam/share/lio_sam/package.dsv'
[66.413s] INFO:colcon.colcon_core.shell:Creating package script '/home/rajpurkar/LIO-SAM-COLOR/install/lio_sam/share/lio_sam/package.sh'
[66.413s] INFO:colcon.colcon_core.shell:Creating package script '/home/rajpurkar/LIO-SAM-COLOR/install/lio_sam/share/lio_sam/package.bash'
[66.413s] INFO:colcon.colcon_core.shell:Creating package script '/home/rajpurkar/LIO-SAM-COLOR/install/lio_sam/share/lio_sam/package.zsh'
[66.414s] Level 1:colcon.colcon_core.environment:create_file_with_runtime_dependencies(/home/rajpurkar/LIO-SAM-COLOR/install/lio_sam/share/colcon-core/packages/lio_sam)
[66.414s] DEBUG:colcon.colcon_parallel_executor.executor.parallel:closing loop
[66.414s] DEBUG:colcon.colcon_parallel_executor.executor.parallel:loop closed
[66.414s] DEBUG:colcon.colcon_parallel_executor.executor.parallel:run_until_complete finished with '0'
[66.414s] DEBUG:colcon.colcon_core.event_reactor:joining thread
[66.418s] INFO:colcon.colcon_core.plugin_system:Skipping extension 'colcon_notification.desktop_notification.terminal_notifier': Not used on non-Darwin systems
[66.418s] INFO:colcon.colcon_core.plugin_system:Skipping extension 'colcon_notification.desktop_notification.win32': Not used on non-Windows systems
[66.419s] INFO:colcon.colcon_notification.desktop_notification:Sending desktop notification using 'notify2'
[66.428s] DEBUG:colcon.colcon_core.event_reactor:joined thread
[66.429s] INFO:colcon.colcon_core.shell:Creating prefix script '/home/rajpurkar/LIO-SAM-COLOR/install/local_setup.ps1'
[66.430s] INFO:colcon.colcon_core.shell:Creating prefix util module '/home/rajpurkar/LIO-SAM-COLOR/install/_local_setup_util_ps1.py'
[66.431s] INFO:colcon.colcon_core.shell:Creating prefix chain script '/home/rajpurkar/LIO-SAM-COLOR/install/setup.ps1'
[66.432s] INFO:colcon.colcon_core.shell:Creating prefix script '/home/rajpurkar/LIO-SAM-COLOR/install/local_setup.sh'
[66.432s] INFO:colcon.colcon_core.shell:Creating prefix util module '/home/rajpurkar/LIO-SAM-COLOR/install/_local_setup_util_sh.py'
[66.433s] INFO:colcon.colcon_core.shell:Creating prefix chain script '/home/rajpurkar/LIO-SAM-COLOR/install/setup.sh'
[66.434s] INFO:colcon.colcon_core.shell:Creating prefix script '/home/rajpurkar/LIO-SAM-COLOR/install/local_setup.bash'
[66.434s] INFO:colcon.colcon_core.shell:Creating prefix chain script '/home/rajpurkar/LIO-SAM-COLOR/install/setup.bash'
[66.435s] INFO:colcon.colcon_core.shell:Creating prefix script '/home/rajpurkar/LIO-SAM-COLOR/install/local_setup.zsh'
[66.436s] INFO:colcon.colcon_core.shell:Creating prefix chain script '/home/rajpurkar/LIO-SAM-COLOR/install/setup.zsh'
