[ 10%] Built target lio_sam__rosidl_generator_c
[ 10%] Built target lio_sam__cpp
[ 10%] Built target ament_cmake_python_symlink_lio_sam
[ 19%] Built target lio_sam__rosidl_typesupport_c
[ 27%] Built target lio_sam__rosidl_typesupport_fastrtps_cpp
[ 44%] Built target lio_sam__rosidl_typesupport_introspection_cpp
[ 44%] Built target lio_sam__rosidl_typesupport_introspection_c
[ 53%] Built target lio_sam__rosidl_typesupport_fastrtps_c
[ 61%] Built target lio_sam__rosidl_typesupport_cpp
[ 61%] Built target lio_sam
[ 63%] Built target lio_sam__py
[35m[1mConsolidate compiler generated dependencies of target lio_sam_imuPreintegration[0m
[ 68%] Built target lio_sam_featureExtraction
[ 72%] Built target lio_sam_imageProjection
[ 78%] Built target lio_sam__rosidl_generator_py
[ 82%] Built target lio_sam_mapOptimization
[ 95%] Built target lio_sam__rosidl_typesupport_fastrtps_c__pyext
[ 95%] Built target lio_sam__rosidl_typesupport_introspection_c__pyext
[ 95%] Built target lio_sam__rosidl_typesupport_c__pyext
[ 97%] [32mBuilding CXX object CMakeFiles/lio_sam_imuPreintegration.dir/src/imuPreintegration.cpp.o[0m
running egg_info
writing lio_sam.egg-info/PKG-INFO
writing dependency_links to lio_sam.egg-info/dependency_links.txt
writing top-level names to lio_sam.egg-info/top_level.txt
reading manifest file 'lio_sam.egg-info/SOURCES.txt'
writing manifest file 'lio_sam.egg-info/SOURCES.txt'
[ 97%] Built target ament_cmake_python_build_lio_sam_egg
[01m[K/home/rajpurkar/LIO-SAM-COLOR/src/imuPreintegration.cpp:[m[K In member function ‘[01m[Kvoid TransformFusion::imuOdometryHandler(nav_msgs::msg::Odometry_<std::allocator<void> >::SharedPtr)[m[K’:
[01m[K/home/rajpurkar/LIO-SAM-COLOR/src/imuPreintegration.cpp:136:9:[m[K [01;31m[Kerror: [m[K‘[01m[Kpublish[m[K’ was not declared in this scope
  136 |         [01;31m[Kpublish[m[K tf
      |         [01;31m[K^~~~~~~[m[K
gmake[2]: *** [CMakeFiles/lio_sam_imuPreintegration.dir/build.make:76: CMakeFiles/lio_sam_imuPreintegration.dir/src/imuPreintegration.cpp.o] Error 1
gmake[1]: *** [CMakeFiles/Makefile2:656: CMakeFiles/lio_sam_imuPreintegration.dir/all] Error 2
gmake: *** [Makefile:146: all] Error 2
