In file included from [01m[K/opt/ros/humble/include/rclcpp/rclcpp/logging.hpp:24[m[K,
                 from [01m[K/opt/ros/humble/include/rclcpp/rclcpp/client.hpp:40[m[K,
                 from [01m[K/opt/ros/humble/include/rclcpp/rclcpp/callback_group.hpp:24[m[K,
                 from [01m[K/opt/ros/humble/include/rclcpp/rclcpp/any_executable.hpp:20[m[K,
                 from [01m[K/opt/ros/humble/include/rclcpp/rclcpp/memory_strategy.hpp:25[m[K,
                 from [01m[K/opt/ros/humble/include/rclcpp/rclcpp/memory_strategies.hpp:18[m[K,
                 from [01m[K/opt/ros/humble/include/rclcpp/rclcpp/executor_options.hpp:20[m[K,
                 from [01m[K/opt/ros/humble/include/rclcpp/rclcpp/executor.hpp:37[m[K,
                 from [01m[K/opt/ros/humble/include/rclcpp/rclcpp/executors/multi_threaded_executor.hpp:25[m[K,
                 from [01m[K/opt/ros/humble/include/rclcpp/rclcpp/executors.hpp:21[m[K,
                 from [01m[K/opt/ros/humble/include/rclcpp/rclcpp/rclcpp.hpp:155[m[K,
                 from [01m[K/home/rajpurkar/LIO-SAM-COLOR/include/lio_sam/utility.hpp:6[m[K,
                 from [01m[K/home/rajpurkar/LIO-SAM-COLOR/src/featureExtraction.cpp:1[m[K:
[01m[K/home/rajpurkar/LIO-SAM-COLOR/src/featureExtraction.cpp:[m[K In member function ‘[01m[Kvoid FeatureExtraction::laserCloudInfoHandler(lio_sam::msg::CloudInfo_<std::allocator<void> >::SharedPtr)[m[K’:
[01m[K/home/rajpurkar/LIO-SAM-COLOR/src/featureExtraction.cpp:83:41:[m[K [01;35m[Kwarning: [m[Kformat ‘[01m[K%d[m[K’ expects argument of type ‘[01m[Kint[m[K’, but argument 5 has type ‘[01m[Kstd::size_t[m[K’ {aka ‘[01m[Klong unsigned int[m[K’} [[01;35m[K]8;;https://gcc.gnu.org/onlinedocs/gcc/Warning-Options.html#index-Wformat=-Wformat=]8;;[m[K]
   83 |         RCLCPP_INFO(this->get_logger(), [01;35m[K"Extracted Features: Corners=%zu, Surfaces=%zu[m[K",[32m[K cornerCloud->size([m[K), surfaceCloud->size());
      |                                         [01;35m[K^~~~~~~~~~~~~~~~~~~~~~~~~~~~~~~~~~~~~~~~~~~~~~[m[K  [32m[K~~~~~~~~~~~~~~~~~~~[m[K
      |                                                                                                          [32m[K|[m[K
      |                                                                                                          [32m[Kstd::size_t {aka long unsigned int}[m[K
[01m[K/home/rajpurkar/LIO-SAM-COLOR/src/featureExtraction.cpp:83:71:[m[K [01;36m[Knote: [m[Kformat string is defined here
   83 |         RCLCPP_INFO(this->get_logger(), "Extracted Features: Corners=[01;36m[K%z[m[Ku, Surfaces=%zu", cornerCloud->size(), surfaceCloud->size());
      |                                                                      [01;36m[K~^[m[K
      |                                                                       [01;36m[K|[m[K
      |                                                                       [01;36m[Kint[m[K
      |                                                                      [32m[K%ld[m[K
gmake[2]: *** [CMakeFiles/lio_sam_featureExtraction.dir/build.make:76: CMakeFiles/lio_sam_featureExtraction.dir/src/featureExtraction.cpp.o] Interrupt
gmake[1]: *** [CMakeFiles/Makefile2:600: CMakeFiles/lio_sam_featureExtraction.dir/all] Interrupt
gmake: *** [Makefile:146: all] Interrupt
