[  2%] Built target lio_sam__cpp
[ 10%] Built target lio_sam__rosidl_generator_c
[ 10%] Built target ament_cmake_python_symlink_lio_sam
[ 38%] Built target lio_sam__rosidl_typesupport_c
[ 38%] Built target lio_sam__rosidl_typesupport_cpp
[ 44%] Built target lio_sam__rosidl_typesupport_introspection_cpp
[ 44%] Built target lio_sam__rosidl_typesupport_fastrtps_cpp
[ 55%] Built target lio_sam__rosidl_typesupport_fastrtps_c
[ 61%] Built target lio_sam__rosidl_typesupport_introspection_c
[ 61%] Built target lio_sam
[35m[1mConsolidate compiler generated dependencies of target lio_sam_featureExtraction[0m
[ 63%] Built target lio_sam__py
[ 68%] Built target lio_sam_imageProjection
[ 72%] Built target lio_sam_mapOptimization
[ 76%] Built target lio_sam_imuPreintegration
[ 82%] Built target lio_sam__rosidl_generator_py
[ 85%] [32mBuilding CXX object CMakeFiles/lio_sam_featureExtraction.dir/src/featureExtraction.cpp.o[0m
[ 89%] Built target lio_sam__rosidl_typesupport_fastrtps_c__pyext
[ 93%] Built target lio_sam__rosidl_typesupport_introspection_c__pyext
[ 97%] Built target lio_sam__rosidl_typesupport_c__pyext
running egg_info
writing lio_sam.egg-info/PKG-INFO
writing dependency_links to lio_sam.egg-info/dependency_links.txt
writing top-level names to lio_sam.egg-info/top_level.txt
reading manifest file 'lio_sam.egg-info/SOURCES.txt'
writing manifest file 'lio_sam.egg-info/SOURCES.txt'
[ 97%] Built target ament_cmake_python_build_lio_sam_egg
