[0.130s] DEBUG:colcon:Command line arguments: ['/usr/bin/colcon', 'build']
[0.130s] DEBUG:colcon:Parsed command line arguments: Namespace(log_base=None, log_level=None, verb_name='build', build_base='build', install_base='install', merge_install=False, symlink_install=False, test_result_base=None, continue_on_error=False, executor='parallel', parallel_workers=16, event_handlers=None, ignore_user_meta=False, metas=['./colcon.meta'], base_paths=['.'], packages_ignore=None, packages_ignore_regex=None, paths=None, packages_up_to=None, packages_up_to_regex=None, packages_above=None, packages_above_and_dependencies=None, packages_above_depth=None, packages_select_by_dep=None, packages_skip_by_dep=None, packages_skip_up_to=None, packages_select_build_failed=False, packages_skip_build_finished=False, packages_select_test_failures=False, packages_skip_test_passed=False, packages_select=None, packages_skip=None, packages_select_regex=None, packages_skip_regex=None, packages_start=None, packages_end=None, allow_overriding=[], cmake_args=None, cmake_target=None, cmake_target_skip_unavailable=False, cmake_clean_cache=False, cmake_clean_first=False, cmake_force_configure=False, ament_cmake_args=None, catkin_cmake_args=None, catkin_skip_building_tests=False, mixin_files=None, mixin=None, verb_parser=<colcon_mixin.mixin.mixin_argument.MixinArgumentDecorator object at 0x7903365672e0>, verb_extension=<colcon_core.verb.build.BuildVerb object at 0x7903366b0ca0>, main=<bound method BuildVerb.main of <colcon_core.verb.build.BuildVerb object at 0x7903366b0ca0>>, mixin_verb=('build',))
[0.324s] Level 1:colcon.colcon_core.package_discovery:discover_packages(colcon_meta) check parameters
[0.324s] Level 1:colcon.colcon_core.package_discovery:discover_packages(recursive) check parameters
[0.325s] Level 1:colcon.colcon_core.package_discovery:discover_packages(ignore) check parameters
[0.325s] Level 1:colcon.colcon_core.package_discovery:discover_packages(path) check parameters
[0.325s] Level 1:colcon.colcon_core.package_discovery:discover_packages(colcon_meta) discover
[0.325s] Level 1:colcon.colcon_core.package_discovery:discover_packages(recursive) discover
[0.325s] INFO:colcon.colcon_core.package_discovery:Crawling recursively for packages in '/home/rajpurkar/LIO-SAM-COLOR'
[0.325s] Level 1:colcon.colcon_core.package_identification:_identify(.) by extensions ['ignore', 'ignore_ament_install']
[0.325s] Level 1:colcon.colcon_core.package_identification:_identify(.) by extension 'ignore'
[0.325s] Level 1:colcon.colcon_core.package_identification:_identify(.) by extension 'ignore_ament_install'
[0.325s] Level 1:colcon.colcon_core.package_identification:_identify(.) by extensions ['colcon_pkg']
[0.325s] Level 1:colcon.colcon_core.package_identification:_identify(.) by extension 'colcon_pkg'
[0.325s] Level 1:colcon.colcon_core.package_identification:_identify(.) by extensions ['colcon_meta']
[0.325s] Level 1:colcon.colcon_core.package_identification:_identify(.) by extension 'colcon_meta'
[0.325s] Level 1:colcon.colcon_core.package_identification:_identify(.) by extensions ['ros']
[0.325s] Level 1:colcon.colcon_core.package_identification:_identify(.) by extension 'ros'
[0.352s] DEBUG:colcon.colcon_core.package_identification:Package '.' with type 'ros.ament_cmake' and name 'lio_sam'
[0.352s] Level 1:colcon.colcon_core.package_discovery:discover_packages(recursive) using defaults
[0.352s] Level 1:colcon.colcon_core.package_discovery:discover_packages(ignore) discover
[0.352s] Level 1:colcon.colcon_core.package_discovery:discover_packages(ignore) using defaults
[0.353s] Level 1:colcon.colcon_core.package_discovery:discover_packages(path) discover
[0.353s] Level 1:colcon.colcon_core.package_discovery:discover_packages(path) using defaults
[0.376s] Level 1:colcon.colcon_core.package_discovery:discover_packages(prefix_path) check parameters
[0.376s] Level 1:colcon.colcon_core.package_discovery:discover_packages(prefix_path) discover
[0.378s] DEBUG:colcon.colcon_installed_package_information.package_discovery:Found 1 installed packages in /home/rajpurkar/LIO-SAM-COLOR/install
[0.378s] DEBUG:colcon.colcon_installed_package_information.package_discovery:Found 3 installed packages in /home/rajpurkar/ros2_ws/install
[0.380s] DEBUG:colcon.colcon_installed_package_information.package_discovery:Found 429 installed packages in /opt/ros/humble
[0.383s] Level 1:colcon.colcon_core.package_discovery:discover_packages(prefix_path) using defaults
[0.434s] Level 5:colcon.colcon_core.verb:set package 'lio_sam' build argument 'cmake_args' from command line to 'None'
[0.434s] Level 5:colcon.colcon_core.verb:set package 'lio_sam' build argument 'cmake_target' from command line to 'None'
[0.434s] Level 5:colcon.colcon_core.verb:set package 'lio_sam' build argument 'cmake_target_skip_unavailable' from command line to 'False'
[0.434s] Level 5:colcon.colcon_core.verb:set package 'lio_sam' build argument 'cmake_clean_cache' from command line to 'False'
[0.434s] Level 5:colcon.colcon_core.verb:set package 'lio_sam' build argument 'cmake_clean_first' from command line to 'False'
[0.434s] Level 5:colcon.colcon_core.verb:set package 'lio_sam' build argument 'cmake_force_configure' from command line to 'False'
[0.434s] Level 5:colcon.colcon_core.verb:set package 'lio_sam' build argument 'ament_cmake_args' from command line to 'None'
[0.434s] Level 5:colcon.colcon_core.verb:set package 'lio_sam' build argument 'catkin_cmake_args' from command line to 'None'
[0.434s] Level 5:colcon.colcon_core.verb:set package 'lio_sam' build argument 'catkin_skip_building_tests' from command line to 'False'
[0.434s] DEBUG:colcon.colcon_core.verb:Building package 'lio_sam' with the following arguments: {'ament_cmake_args': None, 'build_base': '/home/rajpurkar/LIO-SAM-COLOR/build/lio_sam', 'catkin_cmake_args': None, 'catkin_skip_building_tests': False, 'cmake_args': None, 'cmake_clean_cache': False, 'cmake_clean_first': False, 'cmake_force_configure': False, 'cmake_target': None, 'cmake_target_skip_unavailable': False, 'install_base': '/home/rajpurkar/LIO-SAM-COLOR/install/lio_sam', 'merge_install': False, 'path': '/home/rajpurkar/LIO-SAM-COLOR', 'symlink_install': False, 'test_result_base': None}
[0.434s] INFO:colcon.colcon_core.executor:Executing jobs using 'parallel' executor
[0.435s] DEBUG:colcon.colcon_parallel_executor.executor.parallel:run_until_complete
[0.435s] INFO:colcon.colcon_ros.task.ament_cmake.build:Building ROS package in '/home/rajpurkar/LIO-SAM-COLOR' with build type 'ament_cmake'
[0.436s] INFO:colcon.colcon_cmake.task.cmake.build:Building CMake package in '/home/rajpurkar/LIO-SAM-COLOR'
[0.437s] INFO:colcon.colcon_core.plugin_system:Skipping extension 'colcon_core.shell.bat': Not used on non-Windows systems
[0.438s] INFO:colcon.colcon_core.shell:Skip shell extension 'powershell' for command environment: Not usable outside of PowerShell
[0.438s] DEBUG:colcon.colcon_core.shell:Skip shell extension 'dsv' for command environment
[0.447s] DEBUG:colcon.colcon_core.event_handler.log_command:Invoking command in '/home/rajpurkar/LIO-SAM-COLOR/build/lio_sam': CMAKE_PREFIX_PATH=${CMAKE_PREFIX_PATH}:/opt/ros/humble /usr/bin/cmake --build /home/rajpurkar/LIO-SAM-COLOR/build/lio_sam -- -j16 -l16
[30.468s] DEBUG:colcon.colcon_core.event_handler.log_command:Invoked command in '/home/rajpurkar/LIO-SAM-COLOR/build/lio_sam' returned '0': CMAKE_PREFIX_PATH=${CMAKE_PREFIX_PATH}:/opt/ros/humble /usr/bin/cmake --build /home/rajpurkar/LIO-SAM-COLOR/build/lio_sam -- -j16 -l16
[30.477s] DEBUG:colcon.colcon_core.event_handler.log_command:Invoking command in '/home/rajpurkar/LIO-SAM-COLOR/build/lio_sam': CMAKE_PREFIX_PATH=${CMAKE_PREFIX_PATH}:/opt/ros/humble /usr/bin/cmake --install /home/rajpurkar/LIO-SAM-COLOR/build/lio_sam
[30.548s] Level 1:colcon.colcon_core.environment:create_environment_scripts_only(lio_sam)
[30.549s] DEBUG:colcon.colcon_core.event_handler.log_command:Invoked command in '/home/rajpurkar/LIO-SAM-COLOR/build/lio_sam' returned '0': CMAKE_PREFIX_PATH=${CMAKE_PREFIX_PATH}:/opt/ros/humble /usr/bin/cmake --install /home/rajpurkar/LIO-SAM-COLOR/build/lio_sam
[30.551s] Level 1:colcon.colcon_core.environment:checking '/home/rajpurkar/LIO-SAM-COLOR/install/lio_sam' for CMake module files
[30.552s] Level 1:colcon.colcon_core.environment:checking '/home/rajpurkar/LIO-SAM-COLOR/install/lio_sam' for CMake config files
[30.552s] Level 1:colcon.colcon_core.shell:create_environment_hook('lio_sam', 'cmake_prefix_path')
[30.553s] INFO:colcon.colcon_core.shell:Creating environment hook '/home/rajpurkar/LIO-SAM-COLOR/install/lio_sam/share/lio_sam/hook/cmake_prefix_path.ps1'
[30.553s] INFO:colcon.colcon_core.shell:Creating environment descriptor '/home/rajpurkar/LIO-SAM-COLOR/install/lio_sam/share/lio_sam/hook/cmake_prefix_path.dsv'
[30.554s] INFO:colcon.colcon_core.shell:Creating environment hook '/home/rajpurkar/LIO-SAM-COLOR/install/lio_sam/share/lio_sam/hook/cmake_prefix_path.sh'
[30.555s] Level 1:colcon.colcon_core.environment:checking '/home/rajpurkar/LIO-SAM-COLOR/install/lio_sam/lib'
[30.555s] Level 1:colcon.colcon_core.shell:create_environment_hook('lio_sam', 'ld_library_path_lib')
[30.555s] INFO:colcon.colcon_core.shell:Creating environment hook '/home/rajpurkar/LIO-SAM-COLOR/install/lio_sam/share/lio_sam/hook/ld_library_path_lib.ps1'
[30.556s] INFO:colcon.colcon_core.shell:Creating environment descriptor '/home/rajpurkar/LIO-SAM-COLOR/install/lio_sam/share/lio_sam/hook/ld_library_path_lib.dsv'
[30.556s] INFO:colcon.colcon_core.shell:Creating environment hook '/home/rajpurkar/LIO-SAM-COLOR/install/lio_sam/share/lio_sam/hook/ld_library_path_lib.sh'
[30.557s] Level 1:colcon.colcon_core.environment:checking '/home/rajpurkar/LIO-SAM-COLOR/install/lio_sam/bin'
[30.557s] Level 1:colcon.colcon_core.environment:checking '/home/rajpurkar/LIO-SAM-COLOR/install/lio_sam/lib/pkgconfig/lio_sam.pc'
[30.557s] Level 1:colcon.colcon_core.environment:checking '/home/rajpurkar/LIO-SAM-COLOR/install/lio_sam/lib/python3.10/site-packages'
[30.557s] Level 1:colcon.colcon_core.environment:checking '/home/rajpurkar/LIO-SAM-COLOR/install/lio_sam/bin'
[30.558s] INFO:colcon.colcon_core.shell:Creating package script '/home/rajpurkar/LIO-SAM-COLOR/install/lio_sam/share/lio_sam/package.ps1'
[30.559s] INFO:colcon.colcon_core.shell:Creating package descriptor '/home/rajpurkar/LIO-SAM-COLOR/install/lio_sam/share/lio_sam/package.dsv'
[30.560s] INFO:colcon.colcon_core.shell:Creating package script '/home/rajpurkar/LIO-SAM-COLOR/install/lio_sam/share/lio_sam/package.sh'
[30.560s] INFO:colcon.colcon_core.shell:Creating package script '/home/rajpurkar/LIO-SAM-COLOR/install/lio_sam/share/lio_sam/package.bash'
[30.561s] INFO:colcon.colcon_core.shell:Creating package script '/home/rajpurkar/LIO-SAM-COLOR/install/lio_sam/share/lio_sam/package.zsh'
[30.562s] Level 1:colcon.colcon_core.environment:create_file_with_runtime_dependencies(/home/rajpurkar/LIO-SAM-COLOR/install/lio_sam/share/colcon-core/packages/lio_sam)
[30.563s] Level 1:colcon.colcon_core.environment:create_environment_scripts_only(lio_sam)
[30.563s] Level 1:colcon.colcon_core.environment:checking '/home/rajpurkar/LIO-SAM-COLOR/install/lio_sam' for CMake module files
[30.564s] Level 1:colcon.colcon_core.environment:checking '/home/rajpurkar/LIO-SAM-COLOR/install/lio_sam' for CMake config files
[30.565s] Level 1:colcon.colcon_core.shell:create_environment_hook('lio_sam', 'cmake_prefix_path')
[30.565s] INFO:colcon.colcon_core.shell:Creating environment hook '/home/rajpurkar/LIO-SAM-COLOR/install/lio_sam/share/lio_sam/hook/cmake_prefix_path.ps1'
[30.565s] INFO:colcon.colcon_core.shell:Creating environment descriptor '/home/rajpurkar/LIO-SAM-COLOR/install/lio_sam/share/lio_sam/hook/cmake_prefix_path.dsv'
[30.566s] INFO:colcon.colcon_core.shell:Creating environment hook '/home/rajpurkar/LIO-SAM-COLOR/install/lio_sam/share/lio_sam/hook/cmake_prefix_path.sh'
[30.566s] Level 1:colcon.colcon_core.environment:checking '/home/rajpurkar/LIO-SAM-COLOR/install/lio_sam/lib'
[30.566s] Level 1:colcon.colcon_core.shell:create_environment_hook('lio_sam', 'ld_library_path_lib')
[30.566s] INFO:colcon.colcon_core.shell:Creating environment hook '/home/rajpurkar/LIO-SAM-COLOR/install/lio_sam/share/lio_sam/hook/ld_library_path_lib.ps1'
[30.567s] INFO:colcon.colcon_core.shell:Creating environment descriptor '/home/rajpurkar/LIO-SAM-COLOR/install/lio_sam/share/lio_sam/hook/ld_library_path_lib.dsv'
[30.567s] INFO:colcon.colcon_core.shell:Creating environment hook '/home/rajpurkar/LIO-SAM-COLOR/install/lio_sam/share/lio_sam/hook/ld_library_path_lib.sh'
[30.568s] Level 1:colcon.colcon_core.environment:checking '/home/rajpurkar/LIO-SAM-COLOR/install/lio_sam/bin'
[30.568s] Level 1:colcon.colcon_core.environment:checking '/home/rajpurkar/LIO-SAM-COLOR/install/lio_sam/lib/pkgconfig/lio_sam.pc'
[30.568s] Level 1:colcon.colcon_core.environment:checking '/home/rajpurkar/LIO-SAM-COLOR/install/lio_sam/lib/python3.10/site-packages'
[30.568s] Level 1:colcon.colcon_core.environment:checking '/home/rajpurkar/LIO-SAM-COLOR/install/lio_sam/bin'
[30.569s] INFO:colcon.colcon_core.shell:Creating package script '/home/rajpurkar/LIO-SAM-COLOR/install/lio_sam/share/lio_sam/package.ps1'
[30.569s] INFO:colcon.colcon_core.shell:Creating package descriptor '/home/rajpurkar/LIO-SAM-COLOR/install/lio_sam/share/lio_sam/package.dsv'
[30.570s] INFO:colcon.colcon_core.shell:Creating package script '/home/rajpurkar/LIO-SAM-COLOR/install/lio_sam/share/lio_sam/package.sh'
[30.570s] INFO:colcon.colcon_core.shell:Creating package script '/home/rajpurkar/LIO-SAM-COLOR/install/lio_sam/share/lio_sam/package.bash'
[30.571s] INFO:colcon.colcon_core.shell:Creating package script '/home/rajpurkar/LIO-SAM-COLOR/install/lio_sam/share/lio_sam/package.zsh'
[30.571s] Level 1:colcon.colcon_core.environment:create_file_with_runtime_dependencies(/home/rajpurkar/LIO-SAM-COLOR/install/lio_sam/share/colcon-core/packages/lio_sam)
[30.572s] DEBUG:colcon.colcon_parallel_executor.executor.parallel:closing loop
[30.572s] DEBUG:colcon.colcon_parallel_executor.executor.parallel:loop closed
[30.572s] DEBUG:colcon.colcon_parallel_executor.executor.parallel:run_until_complete finished with '0'
[30.572s] DEBUG:colcon.colcon_core.event_reactor:joining thread
[30.578s] INFO:colcon.colcon_core.plugin_system:Skipping extension 'colcon_notification.desktop_notification.terminal_notifier': Not used on non-Darwin systems
[30.578s] INFO:colcon.colcon_core.plugin_system:Skipping extension 'colcon_notification.desktop_notification.win32': Not used on non-Windows systems
[30.578s] INFO:colcon.colcon_notification.desktop_notification:Sending desktop notification using 'notify2'
[30.588s] DEBUG:colcon.colcon_core.event_reactor:joined thread
[30.589s] INFO:colcon.colcon_core.shell:Creating prefix script '/home/rajpurkar/LIO-SAM-COLOR/install/local_setup.ps1'
[30.590s] INFO:colcon.colcon_core.shell:Creating prefix util module '/home/rajpurkar/LIO-SAM-COLOR/install/_local_setup_util_ps1.py'
[30.591s] INFO:colcon.colcon_core.shell:Creating prefix chain script '/home/rajpurkar/LIO-SAM-COLOR/install/setup.ps1'
[30.592s] INFO:colcon.colcon_core.shell:Creating prefix script '/home/rajpurkar/LIO-SAM-COLOR/install/local_setup.sh'
[30.593s] INFO:colcon.colcon_core.shell:Creating prefix util module '/home/rajpurkar/LIO-SAM-COLOR/install/_local_setup_util_sh.py'
[30.593s] INFO:colcon.colcon_core.shell:Creating prefix chain script '/home/rajpurkar/LIO-SAM-COLOR/install/setup.sh'
[30.594s] INFO:colcon.colcon_core.shell:Creating prefix script '/home/rajpurkar/LIO-SAM-COLOR/install/local_setup.bash'
[30.595s] INFO:colcon.colcon_core.shell:Creating prefix chain script '/home/rajpurkar/LIO-SAM-COLOR/install/setup.bash'
[30.596s] INFO:colcon.colcon_core.shell:Creating prefix script '/home/rajpurkar/LIO-SAM-COLOR/install/local_setup.zsh'
[30.597s] INFO:colcon.colcon_core.shell:Creating prefix chain script '/home/rajpurkar/LIO-SAM-COLOR/install/setup.zsh'
