[0.008s] Invoking command in '/home/rajpurkar/LIO-SAM-COLOR/build/lio_sam': CMAKE_PREFIX_PATH=/opt/ros/humble /usr/bin/cmake /home/rajpurkar/LIO-SAM-COLOR -DAMENT_CMAKE_SYMLINK_INSTALL=1 -DCMAKE_INSTALL_PREFIX=/home/rajpurkar/LIO-SAM-COLOR/install/lio_sam
[0.050s] -- The C compiler identification is GNU 11.4.0
[0.091s] -- The CXX compiler identification is GNU 11.4.0
[0.096s] -- Detecting C compiler ABI info
[0.145s] -- Detecting C compiler ABI info - done
[0.151s] -- Check for working C compiler: /usr/bin/cc - skipped
[0.151s] -- Detecting C compile features
[0.151s] -- Detecting C compile features - done
[0.154s] -- Detecting CXX compiler ABI info
[0.212s] -- Detecting CXX compiler ABI info - done
[0.219s] -- Check for working CXX compiler: /usr/bin/c++ - skipped
[0.219s] -- Detecting CXX compile features
[0.220s] -- Detecting CXX compile features - done
[0.222s] -- Found ament_cmake: 1.3.11 (/opt/ros/humble/share/ament_cmake/cmake)
[0.340s] -- Found Python3: /usr/bin/python3 (found version "3.10.12") found components: Interpreter 
[0.391s] -- Override CMake install command with custom implementation using symlinks instead of copying resources
[0.414s] -- Found rosidl_default_generators: 1.2.0 (/opt/ros/humble/share/rosidl_default_generators/cmake)
[0.416s] -- Using all available rosidl_typesupport_c: rosidl_typesupport_fastrtps_c;rosidl_typesupport_introspection_c
[0.422s] -- Found rosidl_adapter: 3.1.6 (/opt/ros/humble/share/rosidl_adapter/cmake)
[0.458s] -- Using all available rosidl_typesupport_cpp: rosidl_typesupport_fastrtps_cpp;rosidl_typesupport_introspection_cpp
[0.493s] -- Found rclcpp: 16.0.12 (/opt/ros/humble/share/rclcpp/cmake)
[0.537s] -- Found rmw_implementation_cmake: 6.1.2 (/opt/ros/humble/share/rmw_implementation_cmake/cmake)
[0.539s] -- Found rmw_fastrtps_cpp: 6.2.7 (/opt/ros/humble/share/rmw_fastrtps_cpp/cmake)
[0.602s] -- Found OpenSSL: /usr/lib/x86_64-linux-gnu/libcrypto.so (found version "3.0.2")  
[0.625s] -- Found FastRTPS: /opt/ros/humble/include  
[0.658s] -- Using RMW implementation 'rmw_fastrtps_cpp' as default
[0.666s] -- Looking for pthread.h
[0.717s] -- Looking for pthread.h - found
[0.717s] -- Performing Test CMAKE_HAVE_LIBC_PTHREAD
[0.769s] -- Performing Test CMAKE_HAVE_LIBC_PTHREAD - Success
[0.770s] -- Found Threads: TRUE  
[0.816s] -- Found rclpy: 3.3.16 (/opt/ros/humble/share/rclpy/cmake)
[0.817s] -- Found cv_bridge: 3.2.1 (/opt/ros/humble/share/cv_bridge/cmake)
[0.859s] -- Found nav_msgs: 4.8.0 (/opt/ros/humble/share/nav_msgs/cmake)
[0.881s] -- Found visualization_msgs: 4.8.0 (/opt/ros/humble/share/visualization_msgs/cmake)
[0.899s] -- Found pcl_msgs: 1.0.0 (/opt/ros/humble/share/pcl_msgs/cmake)
[0.917s] -- Found tf2: 0.25.12 (/opt/ros/humble/share/tf2/cmake)
[0.925s] -- Found tf2_geometry_msgs: 0.25.12 (/opt/ros/humble/share/tf2_geometry_msgs/cmake)
[0.936s] -- Found eigen3_cmake_module: 0.1.1 (/opt/ros/humble/share/eigen3_cmake_module/cmake)
[0.937s] -- Found Eigen3: TRUE (found version "3.4.0") 
[0.937s] -- Ensuring Eigen3 include directory is part of orocos-kdl CMake target
[1.019s] -- Found tf2_sensor_msgs: 0.25.12 (/opt/ros/humble/share/tf2_sensor_msgs/cmake)
[1.023s] -- Found tf2_eigen: 0.25.12 (/opt/ros/humble/share/tf2_eigen/cmake)
[1.029s] -- Found OpenCV: /usr (found version "4.5.4") 
[1.038s] -- Checking for module 'eigen3'
[1.046s] --   Found eigen3, version 3.4.0
[1.066s] -- Found Eigen: /usr/include/eigen3 (Required is at least version "3.1") 
[1.066s] -- Eigen found (include: /usr/include/eigen3, version: 3.4.0)
[1.082s] -- Found Boost: /usr/lib/x86_64-linux-gnu/cmake/Boost-1.74.0/BoostConfig.cmake (found suitable version "1.74.0", minimum required is "1.65.0") found components: system filesystem date_time iostreams serialization 
[1.096s] -- Checking for module 'flann'
[1.104s] --   Found flann, version 1.9.1
[1.131s] -- Found FLANN: /usr/lib/x86_64-linux-gnu/libflann_cpp.so  
[1.131s] -- FLANN found (include: /usr/include, lib: /usr/lib/x86_64-linux-gnu/libflann_cpp.so)
[1.161s] -- Found GLEW: /usr/lib/x86_64-linux-gnu/libGLEW.so  
[1.165s] -- Found OpenGL: /usr/lib/x86_64-linux-gnu/libOpenGL.so  found components: OpenGL GLX 
[1.267s] -- Found MPI_C: /usr/lib/x86_64-linux-gnu/libmpi.so (found version "3.1") 
[1.267s] -- Found MPI: TRUE (found version "3.1") found components: C 
[1.269s] -- Found JsonCpp: /usr/lib/x86_64-linux-gnu/libjsoncpp.so (found suitable version "1.9.5", minimum required is "0.7.0") 
[1.277s] -- Found ZLIB: /usr/lib/x86_64-linux-gnu/libz.so (found version "1.2.11") 
[1.292s] -- Found PNG: /usr/lib/x86_64-linux-gnu/libpng.so (found version "1.6.37") 
[1.301s] -- Found Eigen3: /usr/include/eigen3 (found version "3.4.0") 
[1.363s] -- Found X11: /usr/include   
[1.363s] -- Looking for XOpenDisplay in /usr/lib/x86_64-linux-gnu/libX11.so;/usr/lib/x86_64-linux-gnu/libXext.so
[1.417s] -- Looking for XOpenDisplay in /usr/lib/x86_64-linux-gnu/libX11.so;/usr/lib/x86_64-linux-gnu/libXext.so - found
[1.417s] -- Looking for gethostbyname
[1.466s] -- Looking for gethostbyname - found
[1.466s] -- Looking for connect
[1.514s] -- Looking for connect - found
[1.515s] -- Looking for remove
[1.563s] -- Looking for remove - found
[1.563s] -- Looking for shmat
[1.612s] -- Looking for shmat - found
[1.612s] -- Looking for IceConnectionNumber in ICE
[1.663s] -- Looking for IceConnectionNumber in ICE - found
[1.719s] -- Found EXPAT: /usr/lib/x86_64-linux-gnu/libexpat.so (found version "2.4.7") 
[1.720s] -- Found double-conversion: /usr/lib/x86_64-linux-gnu/libdouble-conversion.so  
[1.722s] -- Found LZ4: /usr/lib/x86_64-linux-gnu/liblz4.so (found version "1.9.3") 
[1.723s] -- Found LZMA: /usr/lib/x86_64-linux-gnu/liblzma.so (found version "5.2.5") 
[1.734s] -- Found JPEG: /usr/lib/x86_64-linux-gnu/libjpeg.so (found version "80") 
[1.739s] -- Found TIFF: /usr/lib/x86_64-linux-gnu/libtiff.so (found version "4.3.0")  
[1.742s] -- Found Freetype: /usr/lib/x86_64-linux-gnu/libfreetype.so (found version "2.11.1") 
[1.746s] -- Found utf8cpp: /usr/include/utf8cpp  
[1.800s] -- Checking for module 'libusb-1.0'
[1.809s] --   Found libusb-1.0, version 1.0.25
[1.831s] -- Found libusb: /usr/lib/x86_64-linux-gnu/libusb-1.0.so  
[1.832s] -- Found OpenNI: /usr/lib/libOpenNI.so;libusb::libusb (found version "1.5.4.0") 
[1.832s] -- OpenNI found (version: 1.5.4.0, include: /usr/include/ni, lib: /usr/lib/libOpenNI.so;libusb::libusb)
[1.868s] -- Found OpenNI2: /usr/lib/x86_64-linux-gnu/libOpenNI2.so;libusb::libusb (found version "2.2.0.33") 
[1.868s] -- OpenNI2 found (version: 2.2.0.33, include: /usr/include/openni2, lib: /usr/lib/x86_64-linux-gnu/libOpenNI2.so;libusb::libusb)
[1.868s] [0m** WARNING ** io features related to pcap will be disabled[0m
[1.992s] -- Eigen found (include: /usr/include/eigen3, version: 3.4.0)
[1.996s] -- OpenNI found (version: 1.5.4.0, include: /usr/include/ni, lib: /usr/lib/libOpenNI.so;libusb::libusb)
[2.001s] -- OpenNI2 found (version: 2.2.0.33, include: /usr/include/openni2, lib: /usr/lib/x86_64-linux-gnu/libOpenNI2.so;libusb::libusb)
[2.119s] -- Found Qhull version 8.0.2
[2.242s] -- OpenNI found (version: 1.5.4.0, include: /usr/include/ni, lib: /usr/lib/libOpenNI.so;libusb::libusb)
[2.359s] -- looking for PCL_COMMON
[2.360s] -- Found PCL_COMMON: /usr/lib/x86_64-linux-gnu/libpcl_common.so  
[2.360s] -- looking for PCL_KDTREE
[2.361s] -- Found PCL_KDTREE: /usr/lib/x86_64-linux-gnu/libpcl_kdtree.so  
[2.361s] -- looking for PCL_OCTREE
[2.362s] -- Found PCL_OCTREE: /usr/lib/x86_64-linux-gnu/libpcl_octree.so  
[2.362s] -- looking for PCL_SEARCH
[2.363s] -- Found PCL_SEARCH: /usr/lib/x86_64-linux-gnu/libpcl_search.so  
[2.363s] -- looking for PCL_SAMPLE_CONSENSUS
[2.364s] -- Found PCL_SAMPLE_CONSENSUS: /usr/lib/x86_64-linux-gnu/libpcl_sample_consensus.so  
[2.364s] -- looking for PCL_FILTERS
[2.364s] -- Found PCL_FILTERS: /usr/lib/x86_64-linux-gnu/libpcl_filters.so  
[2.365s] -- looking for PCL_2D
[2.365s] -- Found PCL_2D: /usr/include/pcl-1.12  
[2.365s] -- looking for PCL_GEOMETRY
[2.365s] -- Found PCL_GEOMETRY: /usr/include/pcl-1.12  
[2.365s] -- looking for PCL_IO
[2.366s] -- Found PCL_IO: /usr/lib/x86_64-linux-gnu/libpcl_io.so  
[2.367s] -- looking for PCL_FEATURES
[2.368s] -- Found PCL_FEATURES: /usr/lib/x86_64-linux-gnu/libpcl_features.so  
[2.368s] -- looking for PCL_ML
[2.369s] -- Found PCL_ML: /usr/lib/x86_64-linux-gnu/libpcl_ml.so  
[2.369s] -- looking for PCL_SEGMENTATION
[2.369s] -- Found PCL_SEGMENTATION: /usr/lib/x86_64-linux-gnu/libpcl_segmentation.so  
[2.370s] -- looking for PCL_VISUALIZATION
[2.370s] -- Found PCL_VISUALIZATION: /usr/lib/x86_64-linux-gnu/libpcl_visualization.so  
[2.371s] -- looking for PCL_SURFACE
[2.371s] -- Found PCL_SURFACE: /usr/lib/x86_64-linux-gnu/libpcl_surface.so  
[2.371s] -- looking for PCL_REGISTRATION
[2.372s] -- Found PCL_REGISTRATION: /usr/lib/x86_64-linux-gnu/libpcl_registration.so  
[2.372s] -- looking for PCL_KEYPOINTS
[2.373s] -- Found PCL_KEYPOINTS: /usr/lib/x86_64-linux-gnu/libpcl_keypoints.so  
[2.373s] -- looking for PCL_TRACKING
[2.374s] -- Found PCL_TRACKING: /usr/lib/x86_64-linux-gnu/libpcl_tracking.so  
[2.374s] -- looking for PCL_RECOGNITION
[2.374s] -- Found PCL_RECOGNITION: /usr/lib/x86_64-linux-gnu/libpcl_recognition.so  
[2.375s] -- looking for PCL_STEREO
[2.375s] -- Found PCL_STEREO: /usr/lib/x86_64-linux-gnu/libpcl_stereo.so  
[2.376s] -- looking for PCL_APPS
[2.376s] -- Found PCL_APPS: /usr/lib/x86_64-linux-gnu/libpcl_apps.so  
[2.377s] -- looking for PCL_IN_HAND_SCANNER
[2.377s] -- Found PCL_IN_HAND_SCANNER: /usr/include/pcl-1.12  
[2.377s] -- looking for PCL_MODELER
[2.377s] -- Found PCL_MODELER: /usr/include/pcl-1.12  
[2.378s] -- looking for PCL_POINT_CLOUD_EDITOR
[2.378s] -- Found PCL_POINT_CLOUD_EDITOR: /usr/include/pcl-1.12  
[2.378s] -- looking for PCL_OUTOFCORE
[2.379s] -- Found PCL_OUTOFCORE: /usr/lib/x86_64-linux-gnu/libpcl_outofcore.so  
[2.379s] -- looking for PCL_PEOPLE
[2.380s] -- Found PCL_PEOPLE: /usr/lib/x86_64-linux-gnu/libpcl_people.so  
[2.380s] -- Found PCL: pcl_common;pcl_kdtree;pcl_octree;pcl_search;pcl_sample_consensus;pcl_filters;pcl_io;pcl_features;pcl_ml;pcl_segmentation;pcl_visualization;pcl_surface;pcl_registration;pcl_keypoints;pcl_tracking;pcl_recognition;pcl_stereo;pcl_apps;pcl_outofcore;pcl_people;Boost::system;Boost::filesystem;Boost::date_time;Boost::iostreams;Boost::serialization;/usr/lib/libOpenNI.so;libusb::libusb;/usr/lib/x86_64-linux-gnu/libOpenNI2.so;libusb::libusb;VTK::ChartsCore;VTK::CommonColor;VTK::CommonComputationalGeometry;VTK::CommonCore;VTK::CommonDataModel;VTK::CommonExecutionModel;VTK::CommonMath;VTK::CommonMisc;VTK::CommonTransforms;VTK::FiltersCore;VTK::FiltersExtraction;VTK::FiltersGeneral;VTK::FiltersGeometry;VTK::FiltersModeling;VTK::FiltersSources;VTK::ImagingCore;VTK::ImagingSources;VTK::InteractionImage;VTK::InteractionStyle;VTK::InteractionWidgets;VTK::IOCore;VTK::IOGeometry;VTK::IOImage;VTK::IOLegacy;VTK::IOPLY;VTK::RenderingAnnotation;VTK::RenderingCore;VTK::RenderingContext2D;VTK::RenderingLOD;VTK::RenderingFreeType;VTK::ViewsCore;VTK::ViewsContext2D;VTK::RenderingOpenGL2;VTK::GUISupportQt;FLANN::FLANN;QHULL::QHULL  
[2.399s] -- Found Boost: /usr/lib/x86_64-linux-gnu/cmake/Boost-1.74.0/BoostConfig.cmake (found suitable version "1.74.0", minimum required is "1.65") found components: serialization system filesystem thread program_options date_time timer chrono regex 
[2.401s] -- Found Eigen3: TRUE (found version "3.4.0") 
[2.402s] -- GTSAM include directory:  /opt/ros/humble/lib/cmake/GTSAM/../../../include
[2.407s] -- Found Eigen: /usr/include/eigen3  
[2.407s] -- Eigen found (include: /usr/include/eigen3, version: 3.4.0)
[2.582s] -- Found OpenMP_C: -fopenmp (found version "4.5") 
[2.646s] -- Found OpenMP_CXX: -fopenmp (found version "4.5") 
[2.647s] -- Found OpenMP: TRUE (found version "4.5")  
[2.898s] -- Found ament_cmake_ros: 0.10.0 (/opt/ros/humble/share/ament_cmake_ros/cmake)
[3.137s] -- Using all available rosidl_typesupport_c: rosidl_typesupport_fastrtps_c;rosidl_typesupport_introspection_c
[3.451s] -- Using all available rosidl_typesupport_cpp: rosidl_typesupport_fastrtps_cpp;rosidl_typesupport_introspection_cpp
[3.470s] -- Found PythonInterp: /usr/bin/python3 (found suitable version "3.10.12", minimum required is "3.6") 
[3.471s] -- Found python_cmake_module: 0.10.0 (/opt/ros/humble/share/python_cmake_module/cmake)
[3.492s] -- Found PythonLibs: /usr/lib/x86_64-linux-gnu/libpython3.10.so (found suitable version "3.10.12", minimum required is "3.5") 
[3.492s] -- Using PYTHON_EXECUTABLE: /usr/bin/python3
[3.492s] -- Using PYTHON_INCLUDE_DIRS: /usr/include/python3.10
[3.492s] -- Using PYTHON_LIBRARIES: /usr/lib/x86_64-linux-gnu/libpython3.10.so
[3.509s] -- Found PythonExtra: .so  
[3.582s] [0mCMake Deprecation Warning at /opt/ros/humble/share/rosidl_cmake/cmake/rosidl_target_interfaces.cmake:32 (message):
[3.582s]   Use rosidl_get_typesupport_target() and target_link_libraries() instead of
[3.582s]   rosidl_target_interfaces()
[3.582s] Call Stack (most recent call first):
[3.582s]   CMakeLists.txt:42 (rosidl_target_interfaces)
[3.582s] 
[3.582s] [0m
[3.590s] [0mCMake Deprecation Warning at /opt/ros/humble/share/rosidl_cmake/cmake/rosidl_target_interfaces.cmake:32 (message):
[3.590s]   Use rosidl_get_typesupport_target() and target_link_libraries() instead of
[3.590s]   rosidl_target_interfaces()
[3.590s] Call Stack (most recent call first):
[3.590s]   CMakeLists.txt:46 (rosidl_target_interfaces)
[3.590s] 
[3.590s] [0m
[3.597s] [0mCMake Deprecation Warning at /opt/ros/humble/share/rosidl_cmake/cmake/rosidl_target_interfaces.cmake:32 (message):
[3.597s]   Use rosidl_get_typesupport_target() and target_link_libraries() instead of
[3.597s]   rosidl_target_interfaces()
[3.597s] Call Stack (most recent call first):
[3.597s]   CMakeLists.txt:51 (rosidl_target_interfaces)
[3.597s] 
[3.597s] [0m
[3.604s] [0mCMake Deprecation Warning at /opt/ros/humble/share/rosidl_cmake/cmake/rosidl_target_interfaces.cmake:32 (message):
[3.604s]   Use rosidl_get_typesupport_target() and target_link_libraries() instead of
[3.604s]   rosidl_target_interfaces()
[3.604s] Call Stack (most recent call first):
[3.604s]   CMakeLists.txt:56 (rosidl_target_interfaces)
[3.604s] 
[3.604s] [0m
[3.606s] -- Found ament_lint_auto: 0.12.12 (/opt/ros/humble/share/ament_lint_auto/cmake)
[3.626s] -- Added test 'copyright' to check source files copyright and LICENSE
[3.636s] -- Added test 'cppcheck' to perform static code analysis on C / C++ code
[3.639s] -- Configured cppcheck include dirs: /home/rajpurkar/LIO-SAM-COLOR/include/lio_sam;/home/rajpurkar/LIO-SAM-COLOR/include/color_cloud;$<BUILD_INTERFACE:/home/rajpurkar/LIO-SAM-COLOR/build/lio_sam/rosidl_generator_c>;$<BUILD_INTERFACE:/home/rajpurkar/LIO-SAM-COLOR/build/lio_sam/rosidl_typesupport_fastrtps_c>;$<BUILD_INTERFACE:/home/rajpurkar/LIO-SAM-COLOR/build/lio_sam/rosidl_typesupport_introspection_c>;$<BUILD_INTERFACE:/home/rajpurkar/LIO-SAM-COLOR/build/lio_sam/rosidl_generator_cpp>;$<BUILD_INTERFACE:/home/rajpurkar/LIO-SAM-COLOR/build/lio_sam/rosidl_typesupport_fastrtps_cpp>;$<BUILD_INTERFACE:/home/rajpurkar/LIO-SAM-COLOR/build/lio_sam/rosidl_typesupport_introspection_cpp>;/home/rajpurkar/LIO-SAM-COLOR/build/lio_sam/rosidl_generator_c;/home/rajpurkar/LIO-SAM-COLOR/build/lio_sam/rosidl_generator_py
[3.639s] -- Configured cppcheck exclude dirs and/or files: 
[3.646s] -- Added test 'cpplint' to check C / C++ code against the Google style
[3.646s] -- Configured cpplint exclude dirs and/or files: 
[3.647s] -- Added test 'flake8' to check Python code syntax and style conventions
[3.649s] -- Added test 'lint_cmake' to check CMake code style
[3.651s] -- Added test 'pep257' to check Python code against some of the docstring style conventions in PEP 257
[3.658s] -- Added test 'uncrustify' to check C / C++ code style
[3.658s] -- Configured uncrustify additional arguments: 
[3.659s] -- Added test 'xmllint' to check XML markup files
[3.662s] -- Configuring done
[3.771s] -- Generating done
[3.808s] -- Build files have been written to: /home/rajpurkar/LIO-SAM-COLOR/build/lio_sam
[3.829s] Invoked command in '/home/rajpurkar/LIO-SAM-COLOR/build/lio_sam' returned '0': CMAKE_PREFIX_PATH=/opt/ros/humble /usr/bin/cmake /home/rajpurkar/LIO-SAM-COLOR -DAMENT_CMAKE_SYMLINK_INSTALL=1 -DCMAKE_INSTALL_PREFIX=/home/rajpurkar/LIO-SAM-COLOR/install/lio_sam
[3.830s] Invoking command in '/home/rajpurkar/LIO-SAM-COLOR/build/lio_sam': CMAKE_PREFIX_PATH=/opt/ros/humble /usr/bin/cmake --build /home/rajpurkar/LIO-SAM-COLOR/build/lio_sam -- -j16 -l16
[3.864s] [  2%] [34m[1mGenerating C code for ROS interfaces[0m
[3.871s] [  4%] [34m[1mGenerating C++ code for ROS interfaces[0m
[3.877s] [  4%] Built target ament_cmake_python_symlink_lio_sam
[4.115s] running egg_info
[4.115s] creating lio_sam.egg-info
[4.115s] writing lio_sam.egg-info/PKG-INFO
[4.115s] writing dependency_links to lio_sam.egg-info/dependency_links.txt
[4.115s] writing top-level names to lio_sam.egg-info/top_level.txt
[4.116s] writing manifest file 'lio_sam.egg-info/SOURCES.txt'
[4.118s] reading manifest file 'lio_sam.egg-info/SOURCES.txt'
[4.118s] writing manifest file 'lio_sam.egg-info/SOURCES.txt'
[4.140s] [  4%] Built target ament_cmake_python_build_lio_sam_egg
[4.263s] [  4%] Built target lio_sam__cpp
[4.272s] [  8%] [34m[1mGenerating C++ type support for eProsima Fast-RTPS[0m
[4.272s] [  8%] [34m[1mGenerating C++ introspection for ROS interfaces[0m
[4.272s] [ 10%] [34m[1mGenerating C++ type support dispatch for ROS interfaces[0m
[4.295s] [ 14%] [32mBuilding C object CMakeFiles/lio_sam__rosidl_generator_c.dir/rosidl_generator_c/lio_sam/srv/detail/save_map__functions.c.o[0m
[4.295s] [ 14%] [32mBuilding C object CMakeFiles/lio_sam__rosidl_generator_c.dir/rosidl_generator_c/lio_sam/msg/detail/cloud_info__functions.c.o[0m
[4.399s] [ 17%] [32m[1mLinking C shared library liblio_sam__rosidl_generator_c.so[0m
[4.426s] [ 17%] Built target lio_sam__rosidl_generator_c
[4.434s] [ 21%] [34m[1mGenerating C introspection for ROS interfaces[0m
[4.434s] [ 21%] [34m[1mGenerating C type support for eProsima Fast-RTPS[0m
[4.435s] [ 23%] [34m[1mGenerating C type support dispatch for ROS interfaces[0m
[4.637s] [ 25%] [32mBuilding CXX object CMakeFiles/lio_sam__rosidl_typesupport_introspection_cpp.dir/rosidl_typesupport_introspection_cpp/lio_sam/msg/detail/cloud_info__type_support.cpp.o[0m
[4.637s] [ 27%] [32mBuilding CXX object CMakeFiles/lio_sam__rosidl_typesupport_introspection_cpp.dir/rosidl_typesupport_introspection_cpp/lio_sam/srv/detail/save_map__type_support.cpp.o[0m
[4.653s] [ 31%] [32mBuilding CXX object CMakeFiles/lio_sam__rosidl_typesupport_fastrtps_cpp.dir/rosidl_typesupport_fastrtps_cpp/lio_sam/srv/detail/dds_fastrtps/save_map__type_support.cpp.o[0m
[4.653s] [ 31%] [32mBuilding CXX object CMakeFiles/lio_sam__rosidl_typesupport_fastrtps_cpp.dir/rosidl_typesupport_fastrtps_cpp/lio_sam/msg/detail/dds_fastrtps/cloud_info__type_support.cpp.o[0m
[4.670s] [ 34%] [32mBuilding CXX object CMakeFiles/lio_sam__rosidl_typesupport_cpp.dir/rosidl_typesupport_cpp/lio_sam/msg/cloud_info__type_support.cpp.o[0m
[4.671s] [ 36%] [32mBuilding CXX object CMakeFiles/lio_sam__rosidl_typesupport_cpp.dir/rosidl_typesupport_cpp/lio_sam/srv/save_map__type_support.cpp.o[0m
[4.779s] [ 38%] [32mBuilding CXX object CMakeFiles/lio_sam__rosidl_typesupport_c.dir/rosidl_typesupport_c/lio_sam/srv/save_map__type_support.cpp.o[0m
[4.779s] [ 40%] [32mBuilding CXX object CMakeFiles/lio_sam__rosidl_typesupport_c.dir/rosidl_typesupport_c/lio_sam/msg/cloud_info__type_support.cpp.o[0m
[4.808s] [ 42%] [32m[1mLinking CXX shared library liblio_sam__rosidl_typesupport_c.so[0m
[4.824s] [ 44%] [32mBuilding CXX object CMakeFiles/lio_sam__rosidl_typesupport_fastrtps_c.dir/rosidl_typesupport_fastrtps_c/lio_sam/srv/detail/save_map__type_support_c.cpp.o[0m
[4.825s] [ 46%] [32mBuilding CXX object CMakeFiles/lio_sam__rosidl_typesupport_fastrtps_c.dir/rosidl_typesupport_fastrtps_c/lio_sam/msg/detail/cloud_info__type_support_c.cpp.o[0m
[4.850s] [ 51%] [32mBuilding C object CMakeFiles/lio_sam__rosidl_typesupport_introspection_c.dir/rosidl_typesupport_introspection_c/lio_sam/srv/detail/save_map__type_support.c.o[0m
[4.850s] [ 51%] [32mBuilding C object CMakeFiles/lio_sam__rosidl_typesupport_introspection_c.dir/rosidl_typesupport_introspection_c/lio_sam/msg/detail/cloud_info__type_support.c.o[0m
[4.855s] [ 51%] Built target lio_sam__rosidl_typesupport_c
[4.911s] [ 53%] [32m[1mLinking C shared library liblio_sam__rosidl_typesupport_introspection_c.so[0m
[4.939s] [ 53%] Built target lio_sam__rosidl_typesupport_introspection_c
[5.051s] [ 55%] [32m[1mLinking CXX shared library liblio_sam__rosidl_typesupport_cpp.so[0m
[5.085s] [ 55%] Built target lio_sam__rosidl_typesupport_cpp
[5.220s] [ 57%] [32m[1mLinking CXX shared library liblio_sam__rosidl_typesupport_fastrtps_c.so[0m
[5.253s] [ 59%] [32m[1mLinking CXX shared library liblio_sam__rosidl_typesupport_introspection_cpp.so[0m
[5.283s] [ 59%] Built target lio_sam__rosidl_typesupport_fastrtps_c
[5.312s] [ 59%] Built target lio_sam__rosidl_typesupport_introspection_cpp
[5.328s] [ 61%] [32m[1mLinking CXX shared library liblio_sam__rosidl_typesupport_fastrtps_cpp.so[0m
[5.387s] [ 61%] Built target lio_sam__rosidl_typesupport_fastrtps_cpp
[5.402s] [ 61%] Built target lio_sam
[5.418s] [ 68%] [32mBuilding CXX object CMakeFiles/lio_sam_featureExtraction.dir/src/featureExtraction.cpp.o[0m
[5.418s] [ 68%] [32mBuilding CXX object CMakeFiles/lio_sam_imageProjection.dir/src/imageProjection.cpp.o[0m
[5.418s] [ 68%] [32mBuilding CXX object CMakeFiles/lio_sam_mapOptimization.dir/src/mapOptmization.cpp.o[0m
[5.418s] [ 70%] [32mBuilding CXX object CMakeFiles/lio_sam_imuPreintegration.dir/src/imuPreintegration.cpp.o[0m
[5.418s] [ 72%] [34m[1mGenerating Python code for ROS interfaces[0m
[6.060s] [ 72%] Built target lio_sam__py
[6.076s] [ 76%] [32mBuilding C object CMakeFiles/lio_sam__rosidl_generator_py.dir/rosidl_generator_py/lio_sam/srv/_save_map_s.c.o[0m
[6.076s] [ 76%] [32mBuilding C object CMakeFiles/lio_sam__rosidl_generator_py.dir/rosidl_generator_py/lio_sam/msg/_cloud_info_s.c.o[0m
[6.309s] [ 78%] [32m[1mLinking C shared library rosidl_generator_py/lio_sam/liblio_sam__rosidl_generator_py.so[0m
[6.344s] [ 78%] Built target lio_sam__rosidl_generator_py
[6.361s] [ 80%] [32mBuilding C object CMakeFiles/lio_sam__rosidl_typesupport_c__pyext.dir/rosidl_generator_py/lio_sam/_lio_sam_s.ep.rosidl_typesupport_c.c.o[0m
[6.362s] [ 82%] [32mBuilding C object CMakeFiles/lio_sam__rosidl_typesupport_fastrtps_c__pyext.dir/rosidl_generator_py/lio_sam/_lio_sam_s.ep.rosidl_typesupport_fastrtps_c.c.o[0m
[6.362s] [ 85%] [32mBuilding C object CMakeFiles/lio_sam__rosidl_typesupport_introspection_c__pyext.dir/rosidl_generator_py/lio_sam/_lio_sam_s.ep.rosidl_typesupport_introspection_c.c.o[0m
[6.496s] [ 87%] [32m[1mLinking C shared library rosidl_generator_py/lio_sam/lio_sam_s__rosidl_typesupport_introspection_c.cpython-310-x86_64-linux-gnu.so[0m
[6.497s] [ 89%] [32m[1mLinking C shared library rosidl_generator_py/lio_sam/lio_sam_s__rosidl_typesupport_fastrtps_c.cpython-310-x86_64-linux-gnu.so[0m
[6.497s] [ 91%] [32m[1mLinking C shared library rosidl_generator_py/lio_sam/lio_sam_s__rosidl_typesupport_c.cpython-310-x86_64-linux-gnu.so[0m
[6.532s] [ 91%] Built target lio_sam__rosidl_typesupport_introspection_c__pyext
[6.532s] [ 91%] Built target lio_sam__rosidl_typesupport_c__pyext
[6.532s] [ 91%] Built target lio_sam__rosidl_typesupport_fastrtps_c__pyext
[7.239s] In file included from [01m[K/home/rajpurkar/LIO-SAM-COLOR/src/imuPreintegration.cpp:1[m[K:
[7.239s] [01m[K/home/rajpurkar/LIO-SAM-COLOR/include/lio_sam/utility.hpp:35:10:[m[K [01;31m[Kfatal error: [m[Kpcl_conversions/pcl_conversions.h: No such file or directory
[7.239s]    35 | #include [01;31m[K<pcl_conversions/pcl_conversions.h>[m[K
[7.239s]       |          [01;31m[K^~~~~~~~~~~~~~~~~~~~~~~~~~~~~~~~~~~[m[K
[7.239s] compilation terminated.
[7.256s] gmake[2]: *** [CMakeFiles/lio_sam_imuPreintegration.dir/build.make:76: CMakeFiles/lio_sam_imuPreintegration.dir/src/imuPreintegration.cpp.o] Error 1
[7.256s] gmake[1]: *** [CMakeFiles/Makefile2:656: CMakeFiles/lio_sam_imuPreintegration.dir/all] Error 2
[7.256s] gmake[1]: *** Waiting for unfinished jobs....
[7.294s] In file included from [01m[K/home/rajpurkar/LIO-SAM-COLOR/src/mapOptmization.cpp:1[m[K:
[7.294s] [01m[K/home/rajpurkar/LIO-SAM-COLOR/include/lio_sam/utility.hpp:35:10:[m[K [01;31m[Kfatal error: [m[Kpcl_conversions/pcl_conversions.h: No such file or directory
[7.294s]    35 | #include [01;31m[K<pcl_conversions/pcl_conversions.h>[m[K
[7.294s]       |          [01;31m[K^~~~~~~~~~~~~~~~~~~~~~~~~~~~~~~~~~~[m[K
[7.294s] compilation terminated.
[7.305s] gmake[2]: *** [CMakeFiles/lio_sam_mapOptimization.dir/build.make:76: CMakeFiles/lio_sam_mapOptimization.dir/src/mapOptmization.cpp.o] Error 1
[7.305s] gmake[1]: *** [CMakeFiles/Makefile2:684: CMakeFiles/lio_sam_mapOptimization.dir/all] Error 2
[7.309s] In file included from [01m[K/home/rajpurkar/LIO-SAM-COLOR/src/featureExtraction.cpp:1[m[K:
[7.309s] [01m[K/home/rajpurkar/LIO-SAM-COLOR/include/lio_sam/utility.hpp:35:10:[m[K [01;31m[Kfatal error: [m[Kpcl_conversions/pcl_conversions.h: No such file or directory
[7.309s]    35 | #include [01;31m[K<pcl_conversions/pcl_conversions.h>[m[K
[7.309s]       |          [01;31m[K^~~~~~~~~~~~~~~~~~~~~~~~~~~~~~~~~~~[m[K
[7.309s] compilation terminated.
[7.320s] gmake[2]: *** [CMakeFiles/lio_sam_featureExtraction.dir/build.make:76: CMakeFiles/lio_sam_featureExtraction.dir/src/featureExtraction.cpp.o] Error 1
[7.320s] gmake[1]: *** [CMakeFiles/Makefile2:600: CMakeFiles/lio_sam_featureExtraction.dir/all] Error 2
[7.335s] In file included from [01m[K/home/rajpurkar/LIO-SAM-COLOR/src/imageProjection.cpp:1[m[K:
[7.335s] [01m[K/home/rajpurkar/LIO-SAM-COLOR/include/lio_sam/utility.hpp:35:10:[m[K [01;31m[Kfatal error: [m[Kpcl_conversions/pcl_conversions.h: No such file or directory
[7.335s]    35 | #include [01;31m[K<pcl_conversions/pcl_conversions.h>[m[K
[7.335s]       |          [01;31m[K^~~~~~~~~~~~~~~~~~~~~~~~~~~~~~~~~~~[m[K
[7.335s] compilation terminated.
[7.346s] gmake[2]: *** [CMakeFiles/lio_sam_imageProjection.dir/build.make:76: CMakeFiles/lio_sam_imageProjection.dir/src/imageProjection.cpp.o] Error 1
[7.346s] gmake[1]: *** [CMakeFiles/Makefile2:628: CMakeFiles/lio_sam_imageProjection.dir/all] Error 2
[7.346s] gmake: *** [Makefile:146: all] Error 2
[7.348s] Invoked command in '/home/rajpurkar/LIO-SAM-COLOR/build/lio_sam' returned '2': CMAKE_PREFIX_PATH=/opt/ros/humble /usr/bin/cmake --build /home/rajpurkar/LIO-SAM-COLOR/build/lio_sam -- -j16 -l16
