[0.087s] DEBUG:colcon:Command line arguments: ['/usr/bin/colcon', 'build']
[0.087s] DEBUG:colcon:Parsed command line arguments: Namespace(log_base=None, log_level=None, verb_name='build', build_base='build', install_base='install', merge_install=False, symlink_install=False, test_result_base=None, continue_on_error=False, executor='parallel', parallel_workers=16, event_handlers=None, ignore_user_meta=False, metas=['./colcon.meta'], base_paths=['.'], packages_ignore=None, packages_ignore_regex=None, paths=None, packages_up_to=None, packages_up_to_regex=None, packages_above=None, packages_above_and_dependencies=None, packages_above_depth=None, packages_select_by_dep=None, packages_skip_by_dep=None, packages_skip_up_to=None, packages_select_build_failed=False, packages_skip_build_finished=False, packages_select_test_failures=False, packages_skip_test_passed=False, packages_select=None, packages_skip=None, packages_select_regex=None, packages_skip_regex=None, packages_start=None, packages_end=None, allow_overriding=[], cmake_args=None, cmake_target=None, cmake_target_skip_unavailable=False, cmake_clean_cache=False, cmake_clean_first=False, cmake_force_configure=False, ament_cmake_args=None, catkin_cmake_args=None, catkin_skip_building_tests=False, mixin_files=None, mixin=None, verb_parser=<colcon_mixin.mixin.mixin_argument.MixinArgumentDecorator object at 0x7693ee927310>, verb_extension=<colcon_core.verb.build.BuildVerb object at 0x7693eeab8cd0>, main=<bound method BuildVerb.main of <colcon_core.verb.build.BuildVerb object at 0x7693eeab8cd0>>, mixin_verb=('build',))
[0.257s] Level 1:colcon.colcon_core.package_discovery:discover_packages(colcon_meta) check parameters
[0.257s] Level 1:colcon.colcon_core.package_discovery:discover_packages(recursive) check parameters
[0.258s] Level 1:colcon.colcon_core.package_discovery:discover_packages(ignore) check parameters
[0.258s] Level 1:colcon.colcon_core.package_discovery:discover_packages(path) check parameters
[0.258s] Level 1:colcon.colcon_core.package_discovery:discover_packages(colcon_meta) discover
[0.258s] Level 1:colcon.colcon_core.package_discovery:discover_packages(recursive) discover
[0.258s] INFO:colcon.colcon_core.package_discovery:Crawling recursively for packages in '/home/rajpurkar/LIO-SAM-COLOR'
[0.258s] Level 1:colcon.colcon_core.package_identification:_identify(.) by extensions ['ignore', 'ignore_ament_install']
[0.258s] Level 1:colcon.colcon_core.package_identification:_identify(.) by extension 'ignore'
[0.258s] Level 1:colcon.colcon_core.package_identification:_identify(.) by extension 'ignore_ament_install'
[0.258s] Level 1:colcon.colcon_core.package_identification:_identify(.) by extensions ['colcon_pkg']
[0.258s] Level 1:colcon.colcon_core.package_identification:_identify(.) by extension 'colcon_pkg'
[0.258s] Level 1:colcon.colcon_core.package_identification:_identify(.) by extensions ['colcon_meta']
[0.258s] Level 1:colcon.colcon_core.package_identification:_identify(.) by extension 'colcon_meta'
[0.258s] Level 1:colcon.colcon_core.package_identification:_identify(.) by extensions ['ros']
[0.258s] Level 1:colcon.colcon_core.package_identification:_identify(.) by extension 'ros'
[0.279s] DEBUG:colcon.colcon_core.package_identification:Package '.' with type 'ros.ament_cmake' and name 'lio_sam'
[0.279s] Level 1:colcon.colcon_core.package_discovery:discover_packages(recursive) using defaults
[0.279s] Level 1:colcon.colcon_core.package_discovery:discover_packages(ignore) discover
[0.279s] Level 1:colcon.colcon_core.package_discovery:discover_packages(ignore) using defaults
[0.279s] Level 1:colcon.colcon_core.package_discovery:discover_packages(path) discover
[0.279s] Level 1:colcon.colcon_core.package_discovery:discover_packages(path) using defaults
[0.295s] Level 1:colcon.colcon_core.package_discovery:discover_packages(prefix_path) check parameters
[0.295s] Level 1:colcon.colcon_core.package_discovery:discover_packages(prefix_path) discover
[0.296s] DEBUG:colcon.colcon_installed_package_information.package_discovery:Found 1 installed packages in /home/rajpurkar/LIO-SAM-COLOR/install
[0.297s] DEBUG:colcon.colcon_installed_package_information.package_discovery:Found 429 installed packages in /opt/ros/humble
[0.299s] Level 1:colcon.colcon_core.package_discovery:discover_packages(prefix_path) using defaults
[0.346s] Level 5:colcon.colcon_core.verb:set package 'lio_sam' build argument 'cmake_args' from command line to 'None'
[0.346s] Level 5:colcon.colcon_core.verb:set package 'lio_sam' build argument 'cmake_target' from command line to 'None'
[0.346s] Level 5:colcon.colcon_core.verb:set package 'lio_sam' build argument 'cmake_target_skip_unavailable' from command line to 'False'
[0.346s] Level 5:colcon.colcon_core.verb:set package 'lio_sam' build argument 'cmake_clean_cache' from command line to 'False'
[0.346s] Level 5:colcon.colcon_core.verb:set package 'lio_sam' build argument 'cmake_clean_first' from command line to 'False'
[0.346s] Level 5:colcon.colcon_core.verb:set package 'lio_sam' build argument 'cmake_force_configure' from command line to 'False'
[0.346s] Level 5:colcon.colcon_core.verb:set package 'lio_sam' build argument 'ament_cmake_args' from command line to 'None'
[0.346s] Level 5:colcon.colcon_core.verb:set package 'lio_sam' build argument 'catkin_cmake_args' from command line to 'None'
[0.346s] Level 5:colcon.colcon_core.verb:set package 'lio_sam' build argument 'catkin_skip_building_tests' from command line to 'False'
[0.346s] DEBUG:colcon.colcon_core.verb:Building package 'lio_sam' with the following arguments: {'ament_cmake_args': None, 'build_base': '/home/rajpurkar/LIO-SAM-COLOR/build/lio_sam', 'catkin_cmake_args': None, 'catkin_skip_building_tests': False, 'cmake_args': None, 'cmake_clean_cache': False, 'cmake_clean_first': False, 'cmake_force_configure': False, 'cmake_target': None, 'cmake_target_skip_unavailable': False, 'install_base': '/home/rajpurkar/LIO-SAM-COLOR/install/lio_sam', 'merge_install': False, 'path': '/home/rajpurkar/LIO-SAM-COLOR', 'symlink_install': False, 'test_result_base': None}
[0.346s] INFO:colcon.colcon_core.executor:Executing jobs using 'parallel' executor
[0.347s] DEBUG:colcon.colcon_parallel_executor.executor.parallel:run_until_complete
[0.347s] INFO:colcon.colcon_ros.task.ament_cmake.build:Building ROS package in '/home/rajpurkar/LIO-SAM-COLOR' with build type 'ament_cmake'
[0.347s] INFO:colcon.colcon_cmake.task.cmake.build:Building CMake package in '/home/rajpurkar/LIO-SAM-COLOR'
[0.349s] INFO:colcon.colcon_core.plugin_system:Skipping extension 'colcon_core.shell.bat': Not used on non-Windows systems
[0.349s] INFO:colcon.colcon_core.shell:Skip shell extension 'powershell' for command environment: Not usable outside of PowerShell
[0.349s] DEBUG:colcon.colcon_core.shell:Skip shell extension 'dsv' for command environment
[0.356s] DEBUG:colcon.colcon_core.event_handler.log_command:Invoking command in '/home/rajpurkar/LIO-SAM-COLOR/build/lio_sam': CMAKE_PREFIX_PATH=${CMAKE_PREFIX_PATH}:/opt/ros/humble /usr/bin/cmake /home/rajpurkar/LIO-SAM-COLOR -DCMAKE_INSTALL_PREFIX=/home/rajpurkar/LIO-SAM-COLOR/install/lio_sam
[2.866s] DEBUG:colcon.colcon_core.event_handler.log_command:Invoked command in '/home/rajpurkar/LIO-SAM-COLOR/build/lio_sam' returned '0': CMAKE_PREFIX_PATH=${CMAKE_PREFIX_PATH}:/opt/ros/humble /usr/bin/cmake /home/rajpurkar/LIO-SAM-COLOR -DCMAKE_INSTALL_PREFIX=/home/rajpurkar/LIO-SAM-COLOR/install/lio_sam
[2.866s] DEBUG:colcon.colcon_core.event_handler.log_command:Invoking command in '/home/rajpurkar/LIO-SAM-COLOR/build/lio_sam': CMAKE_PREFIX_PATH=${CMAKE_PREFIX_PATH}:/opt/ros/humble /usr/bin/cmake --build /home/rajpurkar/LIO-SAM-COLOR/build/lio_sam -- -j16 -l16
[3.209s] DEBUG:colcon.colcon_core.event_handler.log_command:Invoked command in '/home/rajpurkar/LIO-SAM-COLOR/build/lio_sam' returned '0': CMAKE_PREFIX_PATH=${CMAKE_PREFIX_PATH}:/opt/ros/humble /usr/bin/cmake --build /home/rajpurkar/LIO-SAM-COLOR/build/lio_sam -- -j16 -l16
[3.216s] DEBUG:colcon.colcon_core.event_handler.log_command:Invoking command in '/home/rajpurkar/LIO-SAM-COLOR/build/lio_sam': CMAKE_PREFIX_PATH=${CMAKE_PREFIX_PATH}:/opt/ros/humble /usr/bin/cmake --install /home/rajpurkar/LIO-SAM-COLOR/build/lio_sam
[3.287s] Level 1:colcon.colcon_core.environment:create_environment_scripts_only(lio_sam)
[3.287s] DEBUG:colcon.colcon_core.event_handler.log_command:Invoked command in '/home/rajpurkar/LIO-SAM-COLOR/build/lio_sam' returned '0': CMAKE_PREFIX_PATH=${CMAKE_PREFIX_PATH}:/opt/ros/humble /usr/bin/cmake --install /home/rajpurkar/LIO-SAM-COLOR/build/lio_sam
[3.289s] Level 1:colcon.colcon_core.environment:checking '/home/rajpurkar/LIO-SAM-COLOR/install/lio_sam' for CMake module files
[3.290s] Level 1:colcon.colcon_core.environment:checking '/home/rajpurkar/LIO-SAM-COLOR/install/lio_sam' for CMake config files
[3.291s] Level 1:colcon.colcon_core.shell:create_environment_hook('lio_sam', 'cmake_prefix_path')
[3.291s] INFO:colcon.colcon_core.shell:Creating environment hook '/home/rajpurkar/LIO-SAM-COLOR/install/lio_sam/share/lio_sam/hook/cmake_prefix_path.ps1'
[3.292s] INFO:colcon.colcon_core.shell:Creating environment descriptor '/home/rajpurkar/LIO-SAM-COLOR/install/lio_sam/share/lio_sam/hook/cmake_prefix_path.dsv'
[3.293s] INFO:colcon.colcon_core.shell:Creating environment hook '/home/rajpurkar/LIO-SAM-COLOR/install/lio_sam/share/lio_sam/hook/cmake_prefix_path.sh'
[3.293s] Level 1:colcon.colcon_core.environment:checking '/home/rajpurkar/LIO-SAM-COLOR/install/lio_sam/lib'
[3.294s] Level 1:colcon.colcon_core.shell:create_environment_hook('lio_sam', 'ld_library_path_lib')
[3.294s] INFO:colcon.colcon_core.shell:Creating environment hook '/home/rajpurkar/LIO-SAM-COLOR/install/lio_sam/share/lio_sam/hook/ld_library_path_lib.ps1'
[3.294s] INFO:colcon.colcon_core.shell:Creating environment descriptor '/home/rajpurkar/LIO-SAM-COLOR/install/lio_sam/share/lio_sam/hook/ld_library_path_lib.dsv'
[3.295s] INFO:colcon.colcon_core.shell:Creating environment hook '/home/rajpurkar/LIO-SAM-COLOR/install/lio_sam/share/lio_sam/hook/ld_library_path_lib.sh'
[3.296s] Level 1:colcon.colcon_core.environment:checking '/home/rajpurkar/LIO-SAM-COLOR/install/lio_sam/bin'
[3.296s] Level 1:colcon.colcon_core.environment:checking '/home/rajpurkar/LIO-SAM-COLOR/install/lio_sam/lib/pkgconfig/lio_sam.pc'
[3.296s] Level 1:colcon.colcon_core.environment:checking '/home/rajpurkar/LIO-SAM-COLOR/install/lio_sam/lib/python3.10/site-packages'
[3.297s] Level 1:colcon.colcon_core.environment:checking '/home/rajpurkar/LIO-SAM-COLOR/install/lio_sam/bin'
[3.297s] INFO:colcon.colcon_core.shell:Creating package script '/home/rajpurkar/LIO-SAM-COLOR/install/lio_sam/share/lio_sam/package.ps1'
[3.298s] INFO:colcon.colcon_core.shell:Creating package descriptor '/home/rajpurkar/LIO-SAM-COLOR/install/lio_sam/share/lio_sam/package.dsv'
[3.299s] INFO:colcon.colcon_core.shell:Creating package script '/home/rajpurkar/LIO-SAM-COLOR/install/lio_sam/share/lio_sam/package.sh'
[3.299s] INFO:colcon.colcon_core.shell:Creating package script '/home/rajpurkar/LIO-SAM-COLOR/install/lio_sam/share/lio_sam/package.bash'
[3.300s] INFO:colcon.colcon_core.shell:Creating package script '/home/rajpurkar/LIO-SAM-COLOR/install/lio_sam/share/lio_sam/package.zsh'
[3.300s] Level 1:colcon.colcon_core.environment:create_file_with_runtime_dependencies(/home/rajpurkar/LIO-SAM-COLOR/install/lio_sam/share/colcon-core/packages/lio_sam)
[3.301s] Level 1:colcon.colcon_core.environment:create_environment_scripts_only(lio_sam)
[3.301s] Level 1:colcon.colcon_core.environment:checking '/home/rajpurkar/LIO-SAM-COLOR/install/lio_sam' for CMake module files
[3.302s] Level 1:colcon.colcon_core.environment:checking '/home/rajpurkar/LIO-SAM-COLOR/install/lio_sam' for CMake config files
[3.303s] Level 1:colcon.colcon_core.shell:create_environment_hook('lio_sam', 'cmake_prefix_path')
[3.303s] INFO:colcon.colcon_core.shell:Creating environment hook '/home/rajpurkar/LIO-SAM-COLOR/install/lio_sam/share/lio_sam/hook/cmake_prefix_path.ps1'
[3.303s] INFO:colcon.colcon_core.shell:Creating environment descriptor '/home/rajpurkar/LIO-SAM-COLOR/install/lio_sam/share/lio_sam/hook/cmake_prefix_path.dsv'
[3.303s] INFO:colcon.colcon_core.shell:Creating environment hook '/home/rajpurkar/LIO-SAM-COLOR/install/lio_sam/share/lio_sam/hook/cmake_prefix_path.sh'
[3.304s] Level 1:colcon.colcon_core.environment:checking '/home/rajpurkar/LIO-SAM-COLOR/install/lio_sam/lib'
[3.304s] Level 1:colcon.colcon_core.shell:create_environment_hook('lio_sam', 'ld_library_path_lib')
[3.304s] INFO:colcon.colcon_core.shell:Creating environment hook '/home/rajpurkar/LIO-SAM-COLOR/install/lio_sam/share/lio_sam/hook/ld_library_path_lib.ps1'
[3.304s] INFO:colcon.colcon_core.shell:Creating environment descriptor '/home/rajpurkar/LIO-SAM-COLOR/install/lio_sam/share/lio_sam/hook/ld_library_path_lib.dsv'
[3.305s] INFO:colcon.colcon_core.shell:Creating environment hook '/home/rajpurkar/LIO-SAM-COLOR/install/lio_sam/share/lio_sam/hook/ld_library_path_lib.sh'
[3.305s] Level 1:colcon.colcon_core.environment:checking '/home/rajpurkar/LIO-SAM-COLOR/install/lio_sam/bin'
[3.305s] Level 1:colcon.colcon_core.environment:checking '/home/rajpurkar/LIO-SAM-COLOR/install/lio_sam/lib/pkgconfig/lio_sam.pc'
[3.306s] Level 1:colcon.colcon_core.environment:checking '/home/rajpurkar/LIO-SAM-COLOR/install/lio_sam/lib/python3.10/site-packages'
[3.306s] Level 1:colcon.colcon_core.environment:checking '/home/rajpurkar/LIO-SAM-COLOR/install/lio_sam/bin'
[3.306s] INFO:colcon.colcon_core.shell:Creating package script '/home/rajpurkar/LIO-SAM-COLOR/install/lio_sam/share/lio_sam/package.ps1'
[3.307s] INFO:colcon.colcon_core.shell:Creating package descriptor '/home/rajpurkar/LIO-SAM-COLOR/install/lio_sam/share/lio_sam/package.dsv'
[3.307s] INFO:colcon.colcon_core.shell:Creating package script '/home/rajpurkar/LIO-SAM-COLOR/install/lio_sam/share/lio_sam/package.sh'
[3.308s] INFO:colcon.colcon_core.shell:Creating package script '/home/rajpurkar/LIO-SAM-COLOR/install/lio_sam/share/lio_sam/package.bash'
[3.308s] INFO:colcon.colcon_core.shell:Creating package script '/home/rajpurkar/LIO-SAM-COLOR/install/lio_sam/share/lio_sam/package.zsh'
[3.308s] Level 1:colcon.colcon_core.environment:create_file_with_runtime_dependencies(/home/rajpurkar/LIO-SAM-COLOR/install/lio_sam/share/colcon-core/packages/lio_sam)
[3.308s] DEBUG:colcon.colcon_parallel_executor.executor.parallel:closing loop
[3.309s] DEBUG:colcon.colcon_parallel_executor.executor.parallel:loop closed
[3.309s] DEBUG:colcon.colcon_parallel_executor.executor.parallel:run_until_complete finished with '0'
[3.309s] DEBUG:colcon.colcon_core.event_reactor:joining thread
[3.314s] INFO:colcon.colcon_core.plugin_system:Skipping extension 'colcon_notification.desktop_notification.terminal_notifier': Not used on non-Darwin systems
[3.314s] INFO:colcon.colcon_core.plugin_system:Skipping extension 'colcon_notification.desktop_notification.win32': Not used on non-Windows systems
[3.315s] INFO:colcon.colcon_notification.desktop_notification:Sending desktop notification using 'notify2'
[3.325s] DEBUG:colcon.colcon_core.event_reactor:joined thread
[3.325s] INFO:colcon.colcon_core.shell:Creating prefix script '/home/rajpurkar/LIO-SAM-COLOR/install/local_setup.ps1'
[3.326s] INFO:colcon.colcon_core.shell:Creating prefix util module '/home/rajpurkar/LIO-SAM-COLOR/install/_local_setup_util_ps1.py'
[3.327s] INFO:colcon.colcon_core.shell:Creating prefix chain script '/home/rajpurkar/LIO-SAM-COLOR/install/setup.ps1'
[3.328s] INFO:colcon.colcon_core.shell:Creating prefix script '/home/rajpurkar/LIO-SAM-COLOR/install/local_setup.sh'
[3.329s] INFO:colcon.colcon_core.shell:Creating prefix util module '/home/rajpurkar/LIO-SAM-COLOR/install/_local_setup_util_sh.py'
[3.329s] INFO:colcon.colcon_core.shell:Creating prefix chain script '/home/rajpurkar/LIO-SAM-COLOR/install/setup.sh'
[3.330s] INFO:colcon.colcon_core.shell:Creating prefix script '/home/rajpurkar/LIO-SAM-COLOR/install/local_setup.bash'
[3.330s] INFO:colcon.colcon_core.shell:Creating prefix chain script '/home/rajpurkar/LIO-SAM-COLOR/install/setup.bash'
[3.331s] INFO:colcon.colcon_core.shell:Creating prefix script '/home/rajpurkar/LIO-SAM-COLOR/install/local_setup.zsh'
[3.331s] INFO:colcon.colcon_core.shell:Creating prefix chain script '/home/rajpurkar/LIO-SAM-COLOR/install/setup.zsh'
