[0.010s] Invoking command in '/home/rajpurkar/LIO-SAM-COLOR/build/lio_sam': CMAKE_PREFIX_PATH=${CMAKE_PREFIX_PATH}:/opt/ros/humble /usr/bin/cmake --build /home/rajpurkar/LIO-SAM-COLOR/build/lio_sam -- -j16 -l16
[0.059s] [  2%] Built target lio_sam__cpp
[0.063s] [ 10%] Built target lio_sam__rosidl_generator_c
[0.066s] [ 10%] Built target ament_cmake_python_symlink_lio_sam
[0.090s] [ 27%] Built target lio_sam__rosidl_typesupport_fastrtps_cpp
[0.090s] [ 27%] Built target lio_sam__rosidl_typesupport_cpp
[0.090s] [ 36%] Built target lio_sam__rosidl_typesupport_introspection_cpp
[0.090s] [ 44%] Built target lio_sam__rosidl_typesupport_c
[0.090s] [ 53%] Built target lio_sam__rosidl_typesupport_introspection_c
[0.093s] [ 61%] Built target lio_sam__rosidl_typesupport_fastrtps_c
[0.110s] [ 61%] Built target lio_sam
[0.128s] [ 63%] Built target lio_sam__py
[0.148s] [ 70%] Built target lio_sam__rosidl_generator_py
[0.153s] [ 72%] [32mBuilding CXX object CMakeFiles/lio_sam_imageProjection.dir/src/imageProjection.cpp.o[0m
[0.153s] [ 76%] Built target lio_sam_featureExtraction
[0.155s] [ 80%] Built target lio_sam_imuPreintegration
[0.156s] [ 85%] Built target lio_sam_mapOptimization
[0.167s] [ 89%] Built target lio_sam__rosidl_typesupport_introspection_c__pyext
[0.167s] [ 93%] Built target lio_sam__rosidl_typesupport_fastrtps_c__pyext
[0.168s] [ 97%] Built target lio_sam__rosidl_typesupport_c__pyext
[0.346s] running egg_info
[0.347s] writing lio_sam.egg-info/PKG-INFO
[0.347s] writing dependency_links to lio_sam.egg-info/dependency_links.txt
[0.347s] writing top-level names to lio_sam.egg-info/top_level.txt
[0.351s] reading manifest file 'lio_sam.egg-info/SOURCES.txt'
[0.351s] writing manifest file 'lio_sam.egg-info/SOURCES.txt'
[0.378s] [ 97%] Built target ament_cmake_python_build_lio_sam_egg
[7.889s] [01m[K/home/rajpurkar/LIO-SAM-COLOR/src/imageProjection.cpp:[m[K In member function ‘[01m[Kvoid ImageProjection::findPosition(double, float*, float*, float*)[m[K’:
[7.889s] [01m[K/home/rajpurkar/LIO-SAM-COLOR/src/imageProjection.cpp:510:23:[m[K [01;31m[Kerror: [m[K‘[01m[Kusing CloudInfo = struct lio_sam::msg::CloudInfo_<std::allocator<void> >[m[K’ {aka ‘[01m[Kstruct lio_sam::msg::CloudInfo_<std::allocator<void> >[m[K’} has no member named ‘[01m[KodomAvailable[m[K’; did you mean ‘[01m[Kodom_available[m[K’?
[7.889s]   510 |         if (cloudInfo.[01;31m[KodomAvailable[m[K == false || odomDeskewFlag == false)
[7.889s]       |                       [01;31m[K^~~~~~~~~~~~~[m[K
[7.889s]       |                       [32m[Kodom_available[m[K
[16.873s] gmake[2]: *** [CMakeFiles/lio_sam_imageProjection.dir/build.make:76: CMakeFiles/lio_sam_imageProjection.dir/src/imageProjection.cpp.o] Error 1
[16.874s] gmake[1]: *** [CMakeFiles/Makefile2:628: CMakeFiles/lio_sam_imageProjection.dir/all] Error 2
[16.874s] gmake: *** [Makefile:146: all] Error 2
[16.876s] Invoked command in '/home/rajpurkar/LIO-SAM-COLOR/build/lio_sam' returned '2': CMAKE_PREFIX_PATH=${CMAKE_PREFIX_PATH}:/opt/ros/humble /usr/bin/cmake --build /home/rajpurkar/LIO-SAM-COLOR/build/lio_sam -- -j16 -l16
