[  2%] Built target lio_sam__cpp
[ 10%] Built target lio_sam__rosidl_generator_c
[ 10%] Built target ament_cmake_python_symlink_lio_sam
[ 34%] Built target lio_sam__rosidl_typesupport_introspection_c
[ 36%] Built target lio_sam__rosidl_typesupport_fastrtps_cpp
[ 36%] Built target lio_sam__rosidl_typesupport_c
[ 44%] Built target lio_sam__rosidl_typesupport_cpp
[ 53%] Built target lio_sam__rosidl_typesupport_fastrtps_c
[ 61%] Built target lio_sam__rosidl_typesupport_introspection_cpp
[ 61%] Built target lio_sam
[ 63%] Built target lio_sam__py
[35m[1mConsolidate compiler generated dependencies of target lio_sam_imageProjection[0m
[ 70%] Built target lio_sam__rosidl_generator_py
[ 74%] Built target lio_sam_featureExtraction
[ 78%] Built target lio_sam_mapOptimization
[ 82%] Built target lio_sam_imuPreintegration
[ 85%] [32mBuilding CXX object CMakeFiles/lio_sam_imageProjection.dir/src/imageProjection.cpp.o[0m
[ 93%] Built target lio_sam__rosidl_typesupport_fastrtps_c__pyext
[ 93%] Built target lio_sam__rosidl_typesupport_c__pyext
[ 97%] Built target lio_sam__rosidl_typesupport_introspection_c__pyext
running egg_info
writing lio_sam.egg-info/PKG-INFO
writing dependency_links to lio_sam.egg-info/dependency_links.txt
writing top-level names to lio_sam.egg-info/top_level.txt
reading manifest file 'lio_sam.egg-info/SOURCES.txt'
writing manifest file 'lio_sam.egg-info/SOURCES.txt'
[ 97%] Built target ament_cmake_python_build_lio_sam_egg
[01m[K/home/rajpurkar/LIO-SAM-COLOR/src/imageProjection.cpp:[m[K In member function ‘[01m[Kvoid ImageProjection::publishClouds()[m[K’:
[01m[K/home/rajpurkar/LIO-SAM-COLOR/src/imageProjection.cpp:646:12:[m[K [01;31m[Kerror: [m[Kcould not convert ‘[01m[Kpublished_cloud[m[K’ from ‘[01m[Ksensor_msgs::msg::PointCloud2_<std::allocator<void> >[m[K’ to ‘[01m[Kbool[m[K’
  646 |         if([01;31m[Kpublished_cloud[m[K){
      |            [01;31m[K^~~~~~~~~~~~~~~[m[K
      |            [01;31m[K|[m[K
      |            [01;31m[Ksensor_msgs::msg::PointCloud2_<std::allocator<void> >[m[K
gmake[2]: *** [CMakeFiles/lio_sam_imageProjection.dir/build.make:76: CMakeFiles/lio_sam_imageProjection.dir/src/imageProjection.cpp.o] Error 1
gmake[1]: *** [CMakeFiles/Makefile2:628: CMakeFiles/lio_sam_imageProjection.dir/all] Error 2
gmake: *** [Makefile:146: all] Error 2
