-- Found ament_cmake: 1.3.11 (/opt/ros/humble/share/ament_cmake/cmake)
-- Override CMake install command with custom implementation using symlinks instead of copying resources
-- Found rosidl_default_generators: 1.2.0 (/opt/ros/humble/share/rosidl_default_generators/cmake)
-- Using all available rosidl_typesupport_c: rosidl_typesupport_fastrtps_c;rosidl_typesupport_introspection_c
-- Found rosidl_adapter: 3.1.6 (/opt/ros/humble/share/rosidl_adapter/cmake)
-- Using all available rosidl_typesupport_cpp: rosidl_typesupport_fastrtps_cpp;rosidl_typesupport_introspection_cpp
-- Found rclcpp: 16.0.12 (/opt/ros/humble/share/rclcpp/cmake)
-- Found rmw_implementation_cmake: 6.1.2 (/opt/ros/humble/share/rmw_implementation_cmake/cmake)
-- Found rmw_fastrtps_cpp: 6.2.7 (/opt/ros/humble/share/rmw_fastrtps_cpp/cmake)
-- Using RMW implementation 'rmw_fastrtps_cpp' as default
-- Found rclpy: 3.3.16 (/opt/ros/humble/share/rclpy/cmake)
-- Found cv_bridge: 3.2.1 (/opt/ros/humble/share/cv_bridge/cmake)
-- Found nav_msgs: 4.8.0 (/opt/ros/humble/share/nav_msgs/cmake)
-- Found visualization_msgs: 4.8.0 (/opt/ros/humble/share/visualization_msgs/cmake)
-- Found pcl_msgs: 1.0.0 (/opt/ros/humble/share/pcl_msgs/cmake)
-- Found pcl_conversions: 2.4.5 (/opt/ros/humble/share/pcl_conversions/cmake)
-- Found Eigen: /usr/include/eigen3 (Required is at least version "3.1") 
-- Eigen found (include: /usr/include/eigen3, version: 3.4.0)
-- FLANN found (include: /usr/include, lib: /usr/lib/x86_64-linux-gnu/libflann_cpp.so)
-- OpenNI found (version: 1.5.4.0, include: /usr/include/ni, lib: /usr/lib/libOpenNI.so;libusb::libusb)
-- OpenNI2 found (version: 2.2.0.33, include: /usr/include/openni2, lib: /usr/lib/x86_64-linux-gnu/libOpenNI2.so;libusb::libusb)
-- Eigen found (include: /usr/include/eigen3, version: 3.4.0)
-- OpenNI found (version: 1.5.4.0, include: /usr/include/ni, lib: /usr/lib/libOpenNI.so;libusb::libusb)
-- OpenNI2 found (version: 2.2.0.33, include: /usr/include/openni2, lib: /usr/lib/x86_64-linux-gnu/libOpenNI2.so;libusb::libusb)
-- Found Qhull version 8.0.2
-- OpenNI found (version: 1.5.4.0, include: /usr/include/ni, lib: /usr/lib/libOpenNI.so;libusb::libusb)
-- Found tf2: 0.25.12 (/opt/ros/humble/share/tf2/cmake)
-- Found tf2_geometry_msgs: 0.25.12 (/opt/ros/humble/share/tf2_geometry_msgs/cmake)
-- Found eigen3_cmake_module: 0.1.1 (/opt/ros/humble/share/eigen3_cmake_module/cmake)
-- Ensuring Eigen3 include directory is part of orocos-kdl CMake target
-- Found tf2_sensor_msgs: 0.25.12 (/opt/ros/humble/share/tf2_sensor_msgs/cmake)
-- Found tf2_eigen: 0.25.12 (/opt/ros/humble/share/tf2_eigen/cmake)
[33mCMake Warning (dev) at CMakeLists.txt:28 (find_package):
  Policy CMP0074 is not set: find_package uses <PackageName>_ROOT variables.
  Run "cmake --help-policy CMP0074" for policy details.  Use the cmake_policy
  command to set the policy and suppress this warning.

  CMake variable PCL_ROOT is set to:

    /usr

  For compatibility, CMake is ignoring the variable.
This warning is for project developers.  Use -Wno-dev to suppress it.
[0m
-- GTSAM include directory:  /opt/ros/humble/lib/cmake/GTSAM/../../../include
-- Found Eigen: /usr/include/eigen3  
-- Eigen found (include: /usr/include/eigen3, version: 3.4.0)
-- Found ament_cmake_ros: 0.10.0 (/opt/ros/humble/share/ament_cmake_ros/cmake)
-- Using all available rosidl_typesupport_c: rosidl_typesupport_fastrtps_c;rosidl_typesupport_introspection_c
-- Using all available rosidl_typesupport_cpp: rosidl_typesupport_fastrtps_cpp;rosidl_typesupport_introspection_cpp
-- Found python_cmake_module: 0.10.0 (/opt/ros/humble/share/python_cmake_module/cmake)
-- Using PYTHON_EXECUTABLE: /usr/bin/python3
-- Using PYTHON_INCLUDE_DIRS: /usr/include/python3.10
-- Using PYTHON_LIBRARIES: /usr/lib/x86_64-linux-gnu/libpython3.10.so
[0mCMake Deprecation Warning at /opt/ros/humble/share/rosidl_cmake/cmake/rosidl_target_interfaces.cmake:32 (message):
  Use rosidl_get_typesupport_target() and target_link_libraries() instead of
  rosidl_target_interfaces()
Call Stack (most recent call first):
  CMakeLists.txt:50 (rosidl_target_interfaces)

[0m
[0mCMake Deprecation Warning at /opt/ros/humble/share/rosidl_cmake/cmake/rosidl_target_interfaces.cmake:32 (message):
  Use rosidl_get_typesupport_target() and target_link_libraries() instead of
  rosidl_target_interfaces()
Call Stack (most recent call first):
  CMakeLists.txt:58 (rosidl_target_interfaces)

[0m
[0mCMake Deprecation Warning at /opt/ros/humble/share/rosidl_cmake/cmake/rosidl_target_interfaces.cmake:32 (message):
  Use rosidl_get_typesupport_target() and target_link_libraries() instead of
  rosidl_target_interfaces()
Call Stack (most recent call first):
  CMakeLists.txt:67 (rosidl_target_interfaces)

[0m
[0mCMake Deprecation Warning at /opt/ros/humble/share/rosidl_cmake/cmake/rosidl_target_interfaces.cmake:32 (message):
  Use rosidl_get_typesupport_target() and target_link_libraries() instead of
  rosidl_target_interfaces()
Call Stack (most recent call first):
  CMakeLists.txt:76 (rosidl_target_interfaces)

[0m
-- Found ament_lint_auto: 0.12.12 (/opt/ros/humble/share/ament_lint_auto/cmake)
-- Added test 'copyright' to check source files copyright and LICENSE
-- Added test 'cppcheck' to perform static code analysis on C / C++ code
-- Configured cppcheck include dirs: /home/rajpurkar/LIO-SAM-COLOR/include/lio_sam;/home/rajpurkar/LIO-SAM-COLOR/include/color_cloud;$<BUILD_INTERFACE:/home/rajpurkar/LIO-SAM-COLOR/build/lio_sam/rosidl_generator_c>;$<BUILD_INTERFACE:/home/rajpurkar/LIO-SAM-COLOR/build/lio_sam/rosidl_typesupport_fastrtps_c>;$<BUILD_INTERFACE:/home/rajpurkar/LIO-SAM-COLOR/build/lio_sam/rosidl_typesupport_introspection_c>;$<BUILD_INTERFACE:/home/rajpurkar/LIO-SAM-COLOR/build/lio_sam/rosidl_generator_cpp>;$<BUILD_INTERFACE:/home/rajpurkar/LIO-SAM-COLOR/build/lio_sam/rosidl_typesupport_fastrtps_cpp>;$<BUILD_INTERFACE:/home/rajpurkar/LIO-SAM-COLOR/build/lio_sam/rosidl_typesupport_introspection_cpp>;/home/rajpurkar/LIO-SAM-COLOR/build/lio_sam/rosidl_generator_c;/home/rajpurkar/LIO-SAM-COLOR/build/lio_sam/rosidl_generator_py
-- Configured cppcheck exclude dirs and/or files: 
-- Added test 'cpplint' to check C / C++ code against the Google style
-- Configured cpplint exclude dirs and/or files: 
-- Added test 'flake8' to check Python code syntax and style conventions
-- Added test 'lint_cmake' to check CMake code style
-- Added test 'pep257' to check Python code against some of the docstring style conventions in PEP 257
-- Added test 'uncrustify' to check C / C++ code style
-- Configured uncrustify additional arguments: 
-- Added test 'xmllint' to check XML markup files
-- Configuring done
-- Generating done
-- Build files have been written to: /home/rajpurkar/LIO-SAM-COLOR/build/lio_sam
[35m[1mConsolidate compiler generated dependencies of target lio_sam__rosidl_generator_c[0m
[  2%] Built target lio_sam__cpp
[ 10%] Built target lio_sam__rosidl_generator_c
[ 10%] Built target ament_cmake_python_symlink_lio_sam
[35m[1mConsolidate compiler generated dependencies of target lio_sam__rosidl_typesupport_c[0m
[35m[1mConsolidate compiler generated dependencies of target lio_sam__rosidl_typesupport_introspection_c[0m
[35m[1mConsolidate compiler generated dependencies of target lio_sam__rosidl_typesupport_fastrtps_c[0m
[35m[1mConsolidate compiler generated dependencies of target lio_sam__rosidl_typesupport_introspection_cpp[0m
[35m[1mConsolidate compiler generated dependencies of target lio_sam__rosidl_typesupport_fastrtps_cpp[0m
[35m[1mConsolidate compiler generated dependencies of target lio_sam__rosidl_typesupport_cpp[0m
[ 27%] Built target lio_sam__rosidl_typesupport_c
[ 27%] Built target lio_sam__rosidl_typesupport_introspection_c
[ 48%] Built target lio_sam__rosidl_typesupport_fastrtps_cpp
[ 51%] Built target lio_sam__rosidl_typesupport_introspection_cpp
[ 53%] Built target lio_sam__rosidl_typesupport_fastrtps_c
[ 61%] Built target lio_sam__rosidl_typesupport_cpp
[ 61%] Built target lio_sam
[ 65%] [32mBuilding CXX object CMakeFiles/lio_sam_imuPreintegration.dir/src/imuPreintegration.cpp.o[0m
[ 65%] [32mBuilding CXX object CMakeFiles/lio_sam_mapOptimization.dir/src/mapOptmization.cpp.o[0m
[ 68%] Built target lio_sam__py
[ 72%] [32mBuilding CXX object CMakeFiles/lio_sam_featureExtraction.dir/src/featureExtraction.cpp.o[0m
[ 72%] [32mBuilding CXX object CMakeFiles/lio_sam_imageProjection.dir/src/imageProjection.cpp.o[0m
[35m[1mConsolidate compiler generated dependencies of target lio_sam__rosidl_generator_py[0m
[ 78%] Built target lio_sam__rosidl_generator_py
[35m[1mConsolidate compiler generated dependencies of target lio_sam__rosidl_typesupport_c__pyext[0m
[35m[1mConsolidate compiler generated dependencies of target lio_sam__rosidl_typesupport_introspection_c__pyext[0m
[35m[1mConsolidate compiler generated dependencies of target lio_sam__rosidl_typesupport_fastrtps_c__pyext[0m
[ 87%] Built target lio_sam__rosidl_typesupport_c__pyext
[ 87%] Built target lio_sam__rosidl_typesupport_introspection_c__pyext
[ 91%] Built target lio_sam__rosidl_typesupport_fastrtps_c__pyext
running egg_info
writing lio_sam.egg-info/PKG-INFO
writing dependency_links to lio_sam.egg-info/dependency_links.txt
writing top-level names to lio_sam.egg-info/top_level.txt
reading manifest file 'lio_sam.egg-info/SOURCES.txt'
writing manifest file 'lio_sam.egg-info/SOURCES.txt'
[ 91%] Built target ament_cmake_python_build_lio_sam_egg
[ 93%] [32m[1mLinking CXX executable lio_sam_featureExtraction[0m
[ 93%] Built target lio_sam_featureExtraction
[ 95%] [32m[1mLinking CXX executable lio_sam_imageProjection[0m
[ 95%] Built target lio_sam_imageProjection
[ 97%] [32m[1mLinking CXX executable lio_sam_imuPreintegration[0m
[ 97%] Built target lio_sam_imuPreintegration
[100%] [32m[1mLinking CXX executable lio_sam_mapOptimization[0m
/usr/bin/ld: warning: libtbb.so.2, needed by /usr/lib/x86_64-linux-gnu/libopencv_core.so.4.5.4d, may conflict with libtbb.so.12
[100%] Built target lio_sam_mapOptimization
-- Install configuration: "Release"
-- Execute custom install script
-- Symlinking: /home/rajpurkar/LIO-SAM-COLOR/install/lio_sam/share/ament_index/resource_index/rosidl_interfaces/lio_sam
-- Symlinking: /home/rajpurkar/LIO-SAM-COLOR/install/lio_sam/include/lio_sam/lio_sam/msg/cloud_info.h
-- Symlinking: /home/rajpurkar/LIO-SAM-COLOR/install/lio_sam/include/lio_sam/lio_sam/msg/detail/cloud_info__functions.h
-- Symlinking: /home/rajpurkar/LIO-SAM-COLOR/install/lio_sam/include/lio_sam/lio_sam/msg/detail/cloud_info__struct.h
-- Symlinking: /home/rajpurkar/LIO-SAM-COLOR/install/lio_sam/include/lio_sam/lio_sam/msg/detail/cloud_info__type_support.h
-- Symlinking: /home/rajpurkar/LIO-SAM-COLOR/install/lio_sam/include/lio_sam/lio_sam/msg/rosidl_generator_c__visibility_control.h
-- Symlinking: /home/rajpurkar/LIO-SAM-COLOR/install/lio_sam/include/lio_sam/lio_sam/srv/detail/save_map__functions.h
-- Symlinking: /home/rajpurkar/LIO-SAM-COLOR/install/lio_sam/include/lio_sam/lio_sam/srv/detail/save_map__struct.h
-- Symlinking: /home/rajpurkar/LIO-SAM-COLOR/install/lio_sam/include/lio_sam/lio_sam/srv/detail/save_map__type_support.h
-- Symlinking: /home/rajpurkar/LIO-SAM-COLOR/install/lio_sam/include/lio_sam/lio_sam/srv/save_map.h
-- Symlinking: /home/rajpurkar/LIO-SAM-COLOR/install/lio_sam/share/lio_sam/environment/library_path.sh
-- Symlinking: /home/rajpurkar/LIO-SAM-COLOR/install/lio_sam/share/lio_sam/environment/library_path.dsv
-- Symlinking: /home/rajpurkar/LIO-SAM-COLOR/install/lio_sam/include/lio_sam/lio_sam/msg/detail/cloud_info__rosidl_typesupport_fastrtps_c.h
-- Symlinking: /home/rajpurkar/LIO-SAM-COLOR/install/lio_sam/include/lio_sam/lio_sam/msg/rosidl_typesupport_fastrtps_c__visibility_control.h
-- Symlinking: /home/rajpurkar/LIO-SAM-COLOR/install/lio_sam/include/lio_sam/lio_sam/srv/detail/save_map__rosidl_typesupport_fastrtps_c.h
-- Symlinking: /home/rajpurkar/LIO-SAM-COLOR/install/lio_sam/include/lio_sam/lio_sam/msg/detail/cloud_info__rosidl_typesupport_introspection_c.h
-- Symlinking: /home/rajpurkar/LIO-SAM-COLOR/install/lio_sam/include/lio_sam/lio_sam/msg/rosidl_typesupport_introspection_c__visibility_control.h
-- Symlinking: /home/rajpurkar/LIO-SAM-COLOR/install/lio_sam/include/lio_sam/lio_sam/srv/detail/save_map__rosidl_typesupport_introspection_c.h
-- Symlinking: /home/rajpurkar/LIO-SAM-COLOR/install/lio_sam/include/lio_sam/lio_sam/msg/cloud_info.hpp
-- Symlinking: /home/rajpurkar/LIO-SAM-COLOR/install/lio_sam/include/lio_sam/lio_sam/msg/detail/cloud_info__builder.hpp
-- Symlinking: /home/rajpurkar/LIO-SAM-COLOR/install/lio_sam/include/lio_sam/lio_sam/msg/detail/cloud_info__struct.hpp
-- Symlinking: /home/rajpurkar/LIO-SAM-COLOR/install/lio_sam/include/lio_sam/lio_sam/msg/detail/cloud_info__traits.hpp
-- Symlinking: /home/rajpurkar/LIO-SAM-COLOR/install/lio_sam/include/lio_sam/lio_sam/msg/detail/cloud_info__type_support.hpp
-- Symlinking: /home/rajpurkar/LIO-SAM-COLOR/install/lio_sam/include/lio_sam/lio_sam/msg/rosidl_generator_cpp__visibility_control.hpp
-- Symlinking: /home/rajpurkar/LIO-SAM-COLOR/install/lio_sam/include/lio_sam/lio_sam/srv/detail/save_map__builder.hpp
-- Symlinking: /home/rajpurkar/LIO-SAM-COLOR/install/lio_sam/include/lio_sam/lio_sam/srv/detail/save_map__struct.hpp
-- Symlinking: /home/rajpurkar/LIO-SAM-COLOR/install/lio_sam/include/lio_sam/lio_sam/srv/detail/save_map__traits.hpp
-- Symlinking: /home/rajpurkar/LIO-SAM-COLOR/install/lio_sam/include/lio_sam/lio_sam/srv/detail/save_map__type_support.hpp
-- Symlinking: /home/rajpurkar/LIO-SAM-COLOR/install/lio_sam/include/lio_sam/lio_sam/srv/save_map.hpp
-- Symlinking: /home/rajpurkar/LIO-SAM-COLOR/install/lio_sam/include/lio_sam/lio_sam/msg/detail/cloud_info__rosidl_typesupport_fastrtps_cpp.hpp
-- Symlinking: /home/rajpurkar/LIO-SAM-COLOR/install/lio_sam/include/lio_sam/lio_sam/msg/rosidl_typesupport_fastrtps_cpp__visibility_control.h
-- Symlinking: /home/rajpurkar/LIO-SAM-COLOR/install/lio_sam/include/lio_sam/lio_sam/srv/detail/save_map__rosidl_typesupport_fastrtps_cpp.hpp
-- Symlinking: /home/rajpurkar/LIO-SAM-COLOR/install/lio_sam/include/lio_sam/lio_sam/msg/detail/cloud_info__rosidl_typesupport_introspection_cpp.hpp
-- Symlinking: /home/rajpurkar/LIO-SAM-COLOR/install/lio_sam/include/lio_sam/lio_sam/srv/detail/save_map__rosidl_typesupport_introspection_cpp.hpp
-- Symlinking: /home/rajpurkar/LIO-SAM-COLOR/install/lio_sam/share/lio_sam/environment/pythonpath.sh
-- Symlinking: /home/rajpurkar/LIO-SAM-COLOR/install/lio_sam/share/lio_sam/environment/pythonpath.dsv
-- Symlinking: /home/rajpurkar/LIO-SAM-COLOR/install/lio_sam/local/lib/python3.10/dist-packages/lio_sam-1.0.0-py3.10.egg-info/PKG-INFO
-- Symlinking: /home/rajpurkar/LIO-SAM-COLOR/install/lio_sam/local/lib/python3.10/dist-packages/lio_sam-1.0.0-py3.10.egg-info/SOURCES.txt
-- Symlinking: /home/rajpurkar/LIO-SAM-COLOR/install/lio_sam/local/lib/python3.10/dist-packages/lio_sam-1.0.0-py3.10.egg-info/dependency_links.txt
-- Symlinking: /home/rajpurkar/LIO-SAM-COLOR/install/lio_sam/local/lib/python3.10/dist-packages/lio_sam-1.0.0-py3.10.egg-info/top_level.txt
-- Symlinking: /home/rajpurkar/LIO-SAM-COLOR/install/lio_sam/local/lib/python3.10/dist-packages/lio_sam/__init__.py
-- Symlinking: /home/rajpurkar/LIO-SAM-COLOR/install/lio_sam/local/lib/python3.10/dist-packages/lio_sam/_lio_sam_s.ep.rosidl_typesupport_c.c
-- Symlinking: /home/rajpurkar/LIO-SAM-COLOR/install/lio_sam/local/lib/python3.10/dist-packages/lio_sam/_lio_sam_s.ep.rosidl_typesupport_fastrtps_c.c
-- Symlinking: /home/rajpurkar/LIO-SAM-COLOR/install/lio_sam/local/lib/python3.10/dist-packages/lio_sam/_lio_sam_s.ep.rosidl_typesupport_introspection_c.c
-- Symlinking: /home/rajpurkar/LIO-SAM-COLOR/install/lio_sam/local/lib/python3.10/dist-packages/lio_sam/liblio_sam__rosidl_generator_py.so
-- Symlinking: /home/rajpurkar/LIO-SAM-COLOR/install/lio_sam/local/lib/python3.10/dist-packages/lio_sam/lio_sam_s__rosidl_typesupport_c.cpython-310-x86_64-linux-gnu.so
-- Symlinking: /home/rajpurkar/LIO-SAM-COLOR/install/lio_sam/local/lib/python3.10/dist-packages/lio_sam/lio_sam_s__rosidl_typesupport_fastrtps_c.cpython-310-x86_64-linux-gnu.so
-- Symlinking: /home/rajpurkar/LIO-SAM-COLOR/install/lio_sam/local/lib/python3.10/dist-packages/lio_sam/lio_sam_s__rosidl_typesupport_introspection_c.cpython-310-x86_64-linux-gnu.so
-- Symlinking: /home/rajpurkar/LIO-SAM-COLOR/install/lio_sam/local/lib/python3.10/dist-packages/lio_sam/msg/__init__.py
-- Symlinking: /home/rajpurkar/LIO-SAM-COLOR/install/lio_sam/local/lib/python3.10/dist-packages/lio_sam/msg/_cloud_info.py
-- Symlinking: /home/rajpurkar/LIO-SAM-COLOR/install/lio_sam/local/lib/python3.10/dist-packages/lio_sam/msg/_cloud_info_s.c
-- Symlinking: /home/rajpurkar/LIO-SAM-COLOR/install/lio_sam/local/lib/python3.10/dist-packages/lio_sam/srv/__init__.py
-- Symlinking: /home/rajpurkar/LIO-SAM-COLOR/install/lio_sam/local/lib/python3.10/dist-packages/lio_sam/srv/_save_map.py
-- Symlinking: /home/rajpurkar/LIO-SAM-COLOR/install/lio_sam/local/lib/python3.10/dist-packages/lio_sam/srv/_save_map_s.c
-- Up-to-date symlink: /home/rajpurkar/LIO-SAM-COLOR/install/lio_sam/local/lib/python3.10/dist-packages/lio_sam/lio_sam_s__rosidl_typesupport_fastrtps_c.cpython-310-x86_64-linux-gnu.so
-- Up-to-date symlink: /home/rajpurkar/LIO-SAM-COLOR/install/lio_sam/local/lib/python3.10/dist-packages/lio_sam/lio_sam_s__rosidl_typesupport_introspection_c.cpython-310-x86_64-linux-gnu.so
-- Up-to-date symlink: /home/rajpurkar/LIO-SAM-COLOR/install/lio_sam/local/lib/python3.10/dist-packages/lio_sam/lio_sam_s__rosidl_typesupport_c.cpython-310-x86_64-linux-gnu.so
-- Symlinking: /home/rajpurkar/LIO-SAM-COLOR/install/lio_sam/share/lio_sam/msg/CloudInfo.idl
-- Symlinking: /home/rajpurkar/LIO-SAM-COLOR/install/lio_sam/share/lio_sam/srv/SaveMap.idl
-- Symlinking: /home/rajpurkar/LIO-SAM-COLOR/install/lio_sam/share/lio_sam/msg/CloudInfo.msg
-- Symlinking: /home/rajpurkar/LIO-SAM-COLOR/install/lio_sam/share/lio_sam/srv/SaveMap.srv
-- Symlinking: /home/rajpurkar/LIO-SAM-COLOR/install/lio_sam/share/lio_sam/srv/SaveMap_Request.msg
-- Symlinking: /home/rajpurkar/LIO-SAM-COLOR/install/lio_sam/share/lio_sam/srv/SaveMap_Response.msg
-- Symlinking: /home/rajpurkar/LIO-SAM-COLOR/install/lio_sam/share/lio_sam//launch/run.launch.py
-- Symlinking: /home/rajpurkar/LIO-SAM-COLOR/install/lio_sam/share/lio_sam//config/doc/demo.gif
-- Symlinking: /home/rajpurkar/LIO-SAM-COLOR/install/lio_sam/share/lio_sam//config/doc/demo.png
-- Symlinking: /home/rajpurkar/LIO-SAM-COLOR/install/lio_sam/share/lio_sam//config/doc/device-boat.png
-- Symlinking: /home/rajpurkar/LIO-SAM-COLOR/install/lio_sam/share/lio_sam//config/doc/device-hand-2.png
-- Symlinking: /home/rajpurkar/LIO-SAM-COLOR/install/lio_sam/share/lio_sam//config/doc/device-hand.png
-- Symlinking: /home/rajpurkar/LIO-SAM-COLOR/install/lio_sam/share/lio_sam//config/doc/device-jackal.png
-- Symlinking: /home/rajpurkar/LIO-SAM-COLOR/install/lio_sam/share/lio_sam//config/doc/gps-demo.gif
-- Symlinking: /home/rajpurkar/LIO-SAM-COLOR/install/lio_sam/share/lio_sam//config/doc/imu-debug.gif
-- Symlinking: /home/rajpurkar/LIO-SAM-COLOR/install/lio_sam/share/lio_sam//config/doc/imu-transform.png
-- Symlinking: /home/rajpurkar/LIO-SAM-COLOR/install/lio_sam/share/lio_sam//config/doc/kitti-demo.gif
-- Symlinking: /home/rajpurkar/LIO-SAM-COLOR/install/lio_sam/share/lio_sam//config/doc/kitti-map.png
-- Symlinking: /home/rajpurkar/LIO-SAM-COLOR/install/lio_sam/share/lio_sam//config/doc/kitti2bag/README.md
-- Symlinking: /home/rajpurkar/LIO-SAM-COLOR/install/lio_sam/share/lio_sam//config/doc/kitti2bag/kitti2bag.py
-- Symlinking: /home/rajpurkar/LIO-SAM-COLOR/install/lio_sam/share/lio_sam//config/doc/loop-closure-2.gif
-- Symlinking: /home/rajpurkar/LIO-SAM-COLOR/install/lio_sam/share/lio_sam//config/doc/loop-closure.gif
-- Symlinking: /home/rajpurkar/LIO-SAM-COLOR/install/lio_sam/share/lio_sam//config/doc/ouster-demo.gif
-- Symlinking: /home/rajpurkar/LIO-SAM-COLOR/install/lio_sam/share/lio_sam//config/doc/ouster-device.jpg
-- Symlinking: /home/rajpurkar/LIO-SAM-COLOR/install/lio_sam/share/lio_sam//config/doc/paper.pdf
-- Symlinking: /home/rajpurkar/LIO-SAM-COLOR/install/lio_sam/share/lio_sam//config/doc/system1.png
-- Symlinking: /home/rajpurkar/LIO-SAM-COLOR/install/lio_sam/share/lio_sam//config/params.yaml
-- Symlinking: /home/rajpurkar/LIO-SAM-COLOR/install/lio_sam/share/lio_sam//config/robot.urdf.xacro
-- Symlinking: /home/rajpurkar/LIO-SAM-COLOR/install/lio_sam/share/lio_sam//config/rviz2.rviz
-- Symlinking: /home/rajpurkar/LIO-SAM-COLOR/install/lio_sam/lib/lio_sam/lio_sam_imageProjection
-- Symlinking: /home/rajpurkar/LIO-SAM-COLOR/install/lio_sam/lib/lio_sam/lio_sam_imuPreintegration
-- Symlinking: /home/rajpurkar/LIO-SAM-COLOR/install/lio_sam/lib/lio_sam/lio_sam_featureExtraction
-- Symlinking: /home/rajpurkar/LIO-SAM-COLOR/install/lio_sam/lib/lio_sam/lio_sam_mapOptimization
-- Symlinking: /home/rajpurkar/LIO-SAM-COLOR/install/lio_sam/include/color_cloud/Camera.hpp
-- Symlinking: /home/rajpurkar/LIO-SAM-COLOR/install/lio_sam/include/color_cloud/PointCloudType.hpp
-- Symlinking: /home/rajpurkar/LIO-SAM-COLOR/install/lio_sam/include/color_cloud/TransformeProvider.hpp
-- Symlinking: /home/rajpurkar/LIO-SAM-COLOR/install/lio_sam/include/lio_sam/utility.hpp
-- Symlinking: /home/rajpurkar/LIO-SAM-COLOR/install/lio_sam/share/ament_index/resource_index/package_run_dependencies/lio_sam
-- Symlinking: /home/rajpurkar/LIO-SAM-COLOR/install/lio_sam/share/ament_index/resource_index/parent_prefix_path/lio_sam
-- Symlinking: /home/rajpurkar/LIO-SAM-COLOR/install/lio_sam/share/lio_sam/environment/ament_prefix_path.sh
-- Symlinking: /home/rajpurkar/LIO-SAM-COLOR/install/lio_sam/share/lio_sam/environment/ament_prefix_path.dsv
-- Symlinking: /home/rajpurkar/LIO-SAM-COLOR/install/lio_sam/share/lio_sam/environment/path.sh
-- Symlinking: /home/rajpurkar/LIO-SAM-COLOR/install/lio_sam/share/lio_sam/environment/path.dsv
-- Symlinking: /home/rajpurkar/LIO-SAM-COLOR/install/lio_sam/share/lio_sam/local_setup.bash
-- Symlinking: /home/rajpurkar/LIO-SAM-COLOR/install/lio_sam/share/lio_sam/local_setup.sh
-- Symlinking: /home/rajpurkar/LIO-SAM-COLOR/install/lio_sam/share/lio_sam/local_setup.zsh
-- Symlinking: /home/rajpurkar/LIO-SAM-COLOR/install/lio_sam/share/lio_sam/local_setup.dsv
-- Symlinking: /home/rajpurkar/LIO-SAM-COLOR/install/lio_sam/share/lio_sam/package.dsv
-- Symlinking: /home/rajpurkar/LIO-SAM-COLOR/install/lio_sam/share/ament_index/resource_index/packages/lio_sam
-- Symlinking: /home/rajpurkar/LIO-SAM-COLOR/install/lio_sam/share/lio_sam/cmake/rosidl_cmake-extras.cmake
-- Symlinking: /home/rajpurkar/LIO-SAM-COLOR/install/lio_sam/share/lio_sam/cmake/ament_cmake_export_dependencies-extras.cmake
-- Symlinking: /home/rajpurkar/LIO-SAM-COLOR/install/lio_sam/share/lio_sam/cmake/ament_cmake_export_include_directories-extras.cmake
-- Symlinking: /home/rajpurkar/LIO-SAM-COLOR/install/lio_sam/share/lio_sam/cmake/ament_cmake_export_libraries-extras.cmake
-- Symlinking: /home/rajpurkar/LIO-SAM-COLOR/install/lio_sam/share/lio_sam/cmake/ament_cmake_export_targets-extras.cmake
-- Symlinking: /home/rajpurkar/LIO-SAM-COLOR/install/lio_sam/share/lio_sam/cmake/rosidl_cmake_export_typesupport_targets-extras.cmake
-- Symlinking: /home/rajpurkar/LIO-SAM-COLOR/install/lio_sam/share/lio_sam/cmake/rosidl_cmake_export_typesupport_libraries-extras.cmake
-- Symlinking: /home/rajpurkar/LIO-SAM-COLOR/install/lio_sam/share/lio_sam/cmake/lio_samConfig.cmake
-- Symlinking: /home/rajpurkar/LIO-SAM-COLOR/install/lio_sam/share/lio_sam/cmake/lio_samConfig-version.cmake
-- Symlinking: /home/rajpurkar/LIO-SAM-COLOR/install/lio_sam/share/lio_sam/package.xml
-- Installing: /home/rajpurkar/LIO-SAM-COLOR/install/lio_sam/lib/liblio_sam__rosidl_generator_c.so
-- Set runtime path of "/home/rajpurkar/LIO-SAM-COLOR/install/lio_sam/lib/liblio_sam__rosidl_generator_c.so" to ""
-- Installing: /home/rajpurkar/LIO-SAM-COLOR/install/lio_sam/lib/liblio_sam__rosidl_typesupport_fastrtps_c.so
-- Set runtime path of "/home/rajpurkar/LIO-SAM-COLOR/install/lio_sam/lib/liblio_sam__rosidl_typesupport_fastrtps_c.so" to ""
-- Installing: /home/rajpurkar/LIO-SAM-COLOR/install/lio_sam/lib/liblio_sam__rosidl_typesupport_introspection_c.so
-- Set runtime path of "/home/rajpurkar/LIO-SAM-COLOR/install/lio_sam/lib/liblio_sam__rosidl_typesupport_introspection_c.so" to ""
-- Installing: /home/rajpurkar/LIO-SAM-COLOR/install/lio_sam/lib/liblio_sam__rosidl_typesupport_c.so
-- Set runtime path of "/home/rajpurkar/LIO-SAM-COLOR/install/lio_sam/lib/liblio_sam__rosidl_typesupport_c.so" to ""
-- Installing: /home/rajpurkar/LIO-SAM-COLOR/install/lio_sam/lib/liblio_sam__rosidl_typesupport_fastrtps_cpp.so
-- Set runtime path of "/home/rajpurkar/LIO-SAM-COLOR/install/lio_sam/lib/liblio_sam__rosidl_typesupport_fastrtps_cpp.so" to ""
-- Installing: /home/rajpurkar/LIO-SAM-COLOR/install/lio_sam/lib/liblio_sam__rosidl_typesupport_introspection_cpp.so
-- Set runtime path of "/home/rajpurkar/LIO-SAM-COLOR/install/lio_sam/lib/liblio_sam__rosidl_typesupport_introspection_cpp.so" to ""
-- Installing: /home/rajpurkar/LIO-SAM-COLOR/install/lio_sam/lib/liblio_sam__rosidl_typesupport_cpp.so
-- Set runtime path of "/home/rajpurkar/LIO-SAM-COLOR/install/lio_sam/lib/liblio_sam__rosidl_typesupport_cpp.so" to ""
Listing '/home/rajpurkar/LIO-SAM-COLOR/install/lio_sam/local/lib/python3.10/dist-packages/lio_sam'...
Compiling '/home/rajpurkar/LIO-SAM-COLOR/install/lio_sam/local/lib/python3.10/dist-packages/lio_sam/__init__.py'...
Listing '/home/rajpurkar/LIO-SAM-COLOR/install/lio_sam/local/lib/python3.10/dist-packages/lio_sam/msg'...
Compiling '/home/rajpurkar/LIO-SAM-COLOR/install/lio_sam/local/lib/python3.10/dist-packages/lio_sam/msg/__init__.py'...
Compiling '/home/rajpurkar/LIO-SAM-COLOR/install/lio_sam/local/lib/python3.10/dist-packages/lio_sam/msg/_cloud_info.py'...
Listing '/home/rajpurkar/LIO-SAM-COLOR/install/lio_sam/local/lib/python3.10/dist-packages/lio_sam/srv'...
Compiling '/home/rajpurkar/LIO-SAM-COLOR/install/lio_sam/local/lib/python3.10/dist-packages/lio_sam/srv/__init__.py'...
Compiling '/home/rajpurkar/LIO-SAM-COLOR/install/lio_sam/local/lib/python3.10/dist-packages/lio_sam/srv/_save_map.py'...
-- Installing: /home/rajpurkar/LIO-SAM-COLOR/install/lio_sam/lib/liblio_sam__rosidl_generator_py.so
-- Set runtime path of "/home/rajpurkar/LIO-SAM-COLOR/install/lio_sam/lib/liblio_sam__rosidl_generator_py.so" to ""
-- Installing: /home/rajpurkar/LIO-SAM-COLOR/install/lio_sam/share/lio_sam/cmake/export_lio_sam__rosidl_generator_cExport.cmake
-- Installing: /home/rajpurkar/LIO-SAM-COLOR/install/lio_sam/share/lio_sam/cmake/export_lio_sam__rosidl_generator_cExport-release.cmake
-- Installing: /home/rajpurkar/LIO-SAM-COLOR/install/lio_sam/share/lio_sam/cmake/export_lio_sam__rosidl_typesupport_fastrtps_cExport.cmake
-- Installing: /home/rajpurkar/LIO-SAM-COLOR/install/lio_sam/share/lio_sam/cmake/export_lio_sam__rosidl_typesupport_fastrtps_cExport-release.cmake
-- Installing: /home/rajpurkar/LIO-SAM-COLOR/install/lio_sam/share/lio_sam/cmake/lio_sam__rosidl_typesupport_introspection_cExport.cmake
-- Installing: /home/rajpurkar/LIO-SAM-COLOR/install/lio_sam/share/lio_sam/cmake/lio_sam__rosidl_typesupport_introspection_cExport-release.cmake
-- Installing: /home/rajpurkar/LIO-SAM-COLOR/install/lio_sam/share/lio_sam/cmake/lio_sam__rosidl_typesupport_cExport.cmake
-- Installing: /home/rajpurkar/LIO-SAM-COLOR/install/lio_sam/share/lio_sam/cmake/lio_sam__rosidl_typesupport_cExport-release.cmake
-- Installing: /home/rajpurkar/LIO-SAM-COLOR/install/lio_sam/share/lio_sam/cmake/export_lio_sam__rosidl_generator_cppExport.cmake
-- Installing: /home/rajpurkar/LIO-SAM-COLOR/install/lio_sam/share/lio_sam/cmake/export_lio_sam__rosidl_typesupport_fastrtps_cppExport.cmake
-- Installing: /home/rajpurkar/LIO-SAM-COLOR/install/lio_sam/share/lio_sam/cmake/export_lio_sam__rosidl_typesupport_fastrtps_cppExport-release.cmake
-- Installing: /home/rajpurkar/LIO-SAM-COLOR/install/lio_sam/share/lio_sam/cmake/lio_sam__rosidl_typesupport_introspection_cppExport.cmake
-- Installing: /home/rajpurkar/LIO-SAM-COLOR/install/lio_sam/share/lio_sam/cmake/lio_sam__rosidl_typesupport_introspection_cppExport-release.cmake
-- Installing: /home/rajpurkar/LIO-SAM-COLOR/install/lio_sam/share/lio_sam/cmake/lio_sam__rosidl_typesupport_cppExport.cmake
-- Installing: /home/rajpurkar/LIO-SAM-COLOR/install/lio_sam/share/lio_sam/cmake/lio_sam__rosidl_typesupport_cppExport-release.cmake
-- Installing: /home/rajpurkar/LIO-SAM-COLOR/install/lio_sam/share/lio_sam/cmake/export_lio_sam__rosidl_generator_pyExport.cmake
-- Installing: /home/rajpurkar/LIO-SAM-COLOR/install/lio_sam/share/lio_sam/cmake/export_lio_sam__rosidl_generator_pyExport-release.cmake
