[0.007s] Invoking command in '/home/rajpurkar/CNI_Custom_LIO-SLAM-COLOUR_isaacsim/ros2_ws/build/isaac_sim_pointcloud_tool': CMAKE_PREFIX_PATH=/opt/ros/humble CONDA_PROMPT_MODIFIER=(base) /usr/bin/cmake /home/rajpurkar/CNI_Custom_LIO-SLAM-COLOUR_isaacsim/ros2_ws/src/isaac_sim_pointcloud_tool -DCMAKE_INSTALL_PREFIX=/home/rajpurkar/CNI_Custom_LIO-SLAM-COLOUR_isaacsim/ros2_ws/install/isaac_sim_pointcloud_tool
[0.072s] -- The C compiler identification is GNU 11.4.0
[0.127s] -- The CXX compiler identification is GNU 11.4.0
[0.135s] -- Detecting C compiler ABI info
[0.181s] -- Detecting C compiler ABI info - done
[0.187s] -- Check for working C compiler: /usr/bin/cc - skipped
[0.187s] -- Detecting C compile features
[0.188s] -- Detecting C compile features - done
[0.190s] -- Detecting CXX compiler ABI info
[0.242s] -- Detecting CXX compiler ABI info - done
[0.248s] -- Check for working CXX compiler: /usr/bin/c++ - skipped
[0.248s] -- Detecting CXX compile features
[0.249s] -- Detecting CXX compile features - done
[0.253s] -- Found ament_cmake: 1.3.11 (/opt/ros/humble/share/ament_cmake/cmake)
[0.509s] -- Found Python3: /home/rajpurkar/miniconda3/bin/python3 (found version "3.13.5") found components: Interpreter 
[0.599s] -- Found rclcpp: 16.0.12 (/opt/ros/humble/share/rclcpp/cmake)
[0.642s] -- Found rosidl_generator_c: 3.1.6 (/opt/ros/humble/share/rosidl_generator_c/cmake)
[0.647s] -- Found rosidl_adapter: 3.1.6 (/opt/ros/humble/share/rosidl_adapter/cmake)
[0.656s] -- Found rosidl_generator_cpp: 3.1.6 (/opt/ros/humble/share/rosidl_generator_cpp/cmake)
[0.669s] -- Using all available rosidl_typesupport_c: rosidl_typesupport_fastrtps_c;rosidl_typesupport_introspection_c
[0.685s] -- Using all available rosidl_typesupport_cpp: rosidl_typesupport_fastrtps_cpp;rosidl_typesupport_introspection_cpp
[0.729s] -- Found rmw_implementation_cmake: 6.1.2 (/opt/ros/humble/share/rmw_implementation_cmake/cmake)
[0.732s] -- Found rmw_fastrtps_cpp: 6.2.7 (/opt/ros/humble/share/rmw_fastrtps_cpp/cmake)
[0.796s] -- Found OpenSSL: /usr/lib/x86_64-linux-gnu/libcrypto.so (found version "3.0.2")  
[0.815s] -- Found FastRTPS: /opt/ros/humble/include  
[0.845s] -- Using RMW implementation 'rmw_fastrtps_cpp' as default
[0.853s] -- Looking for pthread.h
[0.902s] -- Looking for pthread.h - found
[0.903s] -- Performing Test CMAKE_HAVE_LIBC_PTHREAD
[0.950s] -- Performing Test CMAKE_HAVE_LIBC_PTHREAD - Success
[0.950s] -- Found Threads: TRUE  
[1.007s] -- Found sensor_msgs: 4.8.0 (/opt/ros/humble/share/sensor_msgs/cmake)
[1.045s] -- Checking for module 'eigen3'
[1.052s] --   Found eigen3, version 3.4.0
[1.070s] -- Found Eigen: /usr/include/eigen3 (Required is at least version "3.1") 
[1.070s] -- Eigen found (include: /usr/include/eigen3, version: 3.4.0)
[1.091s] -- Found Boost: /usr/lib/x86_64-linux-gnu/cmake/Boost-1.74.0/BoostConfig.cmake (found suitable version "1.74.0", minimum required is "1.65.0") found components: system filesystem date_time iostreams serialization 
[1.102s] -- Checking for module 'flann'
[1.109s] --   Found flann, version 1.9.1
[1.133s] -- Found FLANN: /usr/lib/x86_64-linux-gnu/libflann_cpp.so  
[1.133s] -- FLANN found (include: /usr/include, lib: /usr/lib/x86_64-linux-gnu/libflann_cpp.so)
[1.160s] -- Found GLEW: /usr/lib/x86_64-linux-gnu/libGLEW.so  
[1.164s] -- Found OpenGL: /usr/lib/x86_64-linux-gnu/libOpenGL.so  found components: OpenGL GLX 
[1.262s] -- Found MPI_C: /usr/lib/x86_64-linux-gnu/libmpi.so (found version "3.1") 
[1.262s] -- Found MPI: TRUE (found version "3.1") found components: C 
[1.264s] -- Found JsonCpp: /usr/lib/x86_64-linux-gnu/libjsoncpp.so (found suitable version "1.9.5", minimum required is "0.7.0") 
[1.271s] -- Found ZLIB: /usr/lib/x86_64-linux-gnu/libz.so (found version "1.2.11") 
[1.284s] -- Found PNG: /usr/lib/x86_64-linux-gnu/libpng.so (found version "1.6.37") 
[1.299s] -- Found Eigen3: /usr/include/eigen3 (found version "3.4.0") 
[1.353s] -- Found X11: /usr/include   
[1.353s] -- Looking for XOpenDisplay in /usr/lib/x86_64-linux-gnu/libX11.so;/usr/lib/x86_64-linux-gnu/libXext.so
[1.400s] -- Looking for XOpenDisplay in /usr/lib/x86_64-linux-gnu/libX11.so;/usr/lib/x86_64-linux-gnu/libXext.so - found
[1.401s] -- Looking for gethostbyname
[1.444s] -- Looking for gethostbyname - found
[1.444s] -- Looking for connect
[1.487s] -- Looking for connect - found
[1.488s] -- Looking for remove
[1.531s] -- Looking for remove - found
[1.531s] -- Looking for shmat
[1.574s] -- Looking for shmat - found
[1.574s] -- Looking for IceConnectionNumber in ICE
[1.618s] -- Looking for IceConnectionNumber in ICE - found
[1.667s] -- Found EXPAT: /usr/lib/x86_64-linux-gnu/libexpat.so (found version "2.4.7") 
[1.668s] -- Found double-conversion: /usr/lib/x86_64-linux-gnu/libdouble-conversion.so  
[1.670s] -- Found LZ4: /usr/lib/x86_64-linux-gnu/liblz4.so (found version "1.9.3") 
[1.671s] -- Found LZMA: /usr/lib/x86_64-linux-gnu/liblzma.so (found version "5.2.5") 
[1.680s] -- Found JPEG: /usr/lib/x86_64-linux-gnu/libjpeg.so (found version "80") 
[1.684s] -- Found TIFF: /usr/lib/x86_64-linux-gnu/libtiff.so (found version "4.3.0")  
[1.687s] -- Found Freetype: /usr/lib/x86_64-linux-gnu/libfreetype.so (found version "2.11.1") 
[1.691s] -- Found utf8cpp: /usr/include/utf8cpp  
[1.739s] -- Checking for module 'libusb-1.0'
[1.746s] --   Found libusb-1.0, version 1.0.25
[1.766s] -- Found libusb: /usr/lib/x86_64-linux-gnu/libusb-1.0.so  
[1.766s] -- Found OpenNI: /usr/lib/libOpenNI.so;libusb::libusb (found version "1.5.4.0") 
[1.766s] -- OpenNI found (version: 1.5.4.0, include: /usr/include/ni, lib: /usr/lib/libOpenNI.so;libusb::libusb)
[1.797s] -- Found OpenNI2: /usr/lib/x86_64-linux-gnu/libOpenNI2.so;libusb::libusb (found version "2.2.0.33") 
[1.797s] -- OpenNI2 found (version: 2.2.0.33, include: /usr/include/openni2, lib: /usr/lib/x86_64-linux-gnu/libOpenNI2.so;libusb::libusb)
[1.797s] [0m** WARNING ** io features related to pcap will be disabled[0m
[1.901s] -- Eigen found (include: /usr/include/eigen3, version: 3.4.0)
[1.904s] -- OpenNI found (version: 1.5.4.0, include: /usr/include/ni, lib: /usr/lib/libOpenNI.so;libusb::libusb)
[1.908s] -- OpenNI2 found (version: 2.2.0.33, include: /usr/include/openni2, lib: /usr/lib/x86_64-linux-gnu/libOpenNI2.so;libusb::libusb)
[2.018s] -- Found Qhull version 8.0.2
[2.119s] -- OpenNI found (version: 1.5.4.0, include: /usr/include/ni, lib: /usr/lib/libOpenNI.so;libusb::libusb)
[2.215s] -- looking for PCL_COMMON
[2.216s] -- Found PCL_COMMON: /usr/lib/x86_64-linux-gnu/libpcl_common.so  
[2.216s] -- looking for PCL_KDTREE
[2.216s] -- Found PCL_KDTREE: /usr/lib/x86_64-linux-gnu/libpcl_kdtree.so  
[2.217s] -- looking for PCL_OCTREE
[2.217s] -- Found PCL_OCTREE: /usr/lib/x86_64-linux-gnu/libpcl_octree.so  
[2.217s] -- looking for PCL_SEARCH
[2.218s] -- Found PCL_SEARCH: /usr/lib/x86_64-linux-gnu/libpcl_search.so  
[2.218s] -- looking for PCL_SAMPLE_CONSENSUS
[2.219s] -- Found PCL_SAMPLE_CONSENSUS: /usr/lib/x86_64-linux-gnu/libpcl_sample_consensus.so  
[2.219s] -- looking for PCL_FILTERS
[2.219s] -- Found PCL_FILTERS: /usr/lib/x86_64-linux-gnu/libpcl_filters.so  
[2.219s] -- looking for PCL_2D
[2.219s] -- Found PCL_2D: /usr/include/pcl-1.12  
[2.220s] -- looking for PCL_GEOMETRY
[2.220s] -- Found PCL_GEOMETRY: /usr/include/pcl-1.12  
[2.220s] -- looking for PCL_IO
[2.220s] -- Found PCL_IO: /usr/lib/x86_64-linux-gnu/libpcl_io.so  
[2.221s] -- looking for PCL_FEATURES
[2.221s] -- Found PCL_FEATURES: /usr/lib/x86_64-linux-gnu/libpcl_features.so  
[2.221s] -- looking for PCL_ML
[2.222s] -- Found PCL_ML: /usr/lib/x86_64-linux-gnu/libpcl_ml.so  
[2.222s] -- looking for PCL_SEGMENTATION
[2.223s] -- Found PCL_SEGMENTATION: /usr/lib/x86_64-linux-gnu/libpcl_segmentation.so  
[2.223s] -- looking for PCL_VISUALIZATION
[2.223s] -- Found PCL_VISUALIZATION: /usr/lib/x86_64-linux-gnu/libpcl_visualization.so  
[2.224s] -- looking for PCL_SURFACE
[2.224s] -- Found PCL_SURFACE: /usr/lib/x86_64-linux-gnu/libpcl_surface.so  
[2.224s] -- looking for PCL_REGISTRATION
[2.225s] -- Found PCL_REGISTRATION: /usr/lib/x86_64-linux-gnu/libpcl_registration.so  
[2.225s] -- looking for PCL_KEYPOINTS
[2.226s] -- Found PCL_KEYPOINTS: /usr/lib/x86_64-linux-gnu/libpcl_keypoints.so  
[2.226s] -- looking for PCL_TRACKING
[2.226s] -- Found PCL_TRACKING: /usr/lib/x86_64-linux-gnu/libpcl_tracking.so  
[2.227s] -- looking for PCL_RECOGNITION
[2.227s] -- Found PCL_RECOGNITION: /usr/lib/x86_64-linux-gnu/libpcl_recognition.so  
[2.227s] -- looking for PCL_STEREO
[2.228s] -- Found PCL_STEREO: /usr/lib/x86_64-linux-gnu/libpcl_stereo.so  
[2.228s] -- looking for PCL_APPS
[2.229s] -- Found PCL_APPS: /usr/lib/x86_64-linux-gnu/libpcl_apps.so  
[2.229s] -- looking for PCL_IN_HAND_SCANNER
[2.229s] -- Found PCL_IN_HAND_SCANNER: /usr/include/pcl-1.12  
[2.229s] -- looking for PCL_MODELER
[2.230s] -- Found PCL_MODELER: /usr/include/pcl-1.12  
[2.230s] -- looking for PCL_POINT_CLOUD_EDITOR
[2.230s] -- Found PCL_POINT_CLOUD_EDITOR: /usr/include/pcl-1.12  
[2.230s] -- looking for PCL_OUTOFCORE
[2.231s] -- Found PCL_OUTOFCORE: /usr/lib/x86_64-linux-gnu/libpcl_outofcore.so  
[2.231s] -- looking for PCL_PEOPLE
[2.232s] -- Found PCL_PEOPLE: /usr/lib/x86_64-linux-gnu/libpcl_people.so  
[2.232s] -- Found PCL: pcl_common;pcl_kdtree;pcl_octree;pcl_search;pcl_sample_consensus;pcl_filters;pcl_io;pcl_features;pcl_ml;pcl_segmentation;pcl_visualization;pcl_surface;pcl_registration;pcl_keypoints;pcl_tracking;pcl_recognition;pcl_stereo;pcl_apps;pcl_outofcore;pcl_people;Boost::system;Boost::filesystem;Boost::date_time;Boost::iostreams;Boost::serialization;/usr/lib/libOpenNI.so;libusb::libusb;/usr/lib/x86_64-linux-gnu/libOpenNI2.so;libusb::libusb;VTK::ChartsCore;VTK::CommonColor;VTK::CommonComputationalGeometry;VTK::CommonCore;VTK::CommonDataModel;VTK::CommonExecutionModel;VTK::CommonMath;VTK::CommonMisc;VTK::CommonTransforms;VTK::FiltersCore;VTK::FiltersExtraction;VTK::FiltersGeneral;VTK::FiltersGeometry;VTK::FiltersModeling;VTK::FiltersSources;VTK::ImagingCore;VTK::ImagingSources;VTK::InteractionImage;VTK::InteractionStyle;VTK::InteractionWidgets;VTK::IOCore;VTK::IOGeometry;VTK::IOImage;VTK::IOLegacy;VTK::IOPLY;VTK::RenderingAnnotation;VTK::RenderingCore;VTK::RenderingContext2D;VTK::RenderingLOD;VTK::RenderingFreeType;VTK::ViewsCore;VTK::ViewsContext2D;VTK::RenderingOpenGL2;VTK::GUISupportQt;FLANN::FLANN;QHULL::QHULL  
[2.241s] -- Found pcl_conversions: 2.4.5 (/opt/ros/humble/share/pcl_conversions/cmake)
[2.339s] -- Configuring done
[2.383s] [33mCMake Warning at CMakeLists.txt:19 (add_executable):
[2.383s]   Cannot generate a safe runtime search path for target converter because
[2.383s]   files in some directories may conflict with libraries in implicit
[2.383s]   directories:
[2.383s] 
[2.383s]     runtime library [libz.so.1] in /usr/lib/x86_64-linux-gnu may be hidden by files in:
[2.383s]       /home/rajpurkar/miniconda3/lib
[2.383s]     runtime library [libX11.so.6] in /usr/lib/x86_64-linux-gnu may be hidden by files in:
[2.383s]       /home/rajpurkar/miniconda3/lib
[2.383s] 
[2.383s]   Some of these libraries may not be found correctly.
[2.383s] 
[2.383s] [0m
[2.384s] -- Generating done
[2.390s] -- Build files have been written to: /home/rajpurkar/CNI_Custom_LIO-SLAM-COLOUR_isaacsim/ros2_ws/build/isaac_sim_pointcloud_tool
[2.401s] Invoked command in '/home/rajpurkar/CNI_Custom_LIO-SLAM-COLOUR_isaacsim/ros2_ws/build/isaac_sim_pointcloud_tool' returned '0': CMAKE_PREFIX_PATH=/opt/ros/humble CONDA_PROMPT_MODIFIER=(base) /usr/bin/cmake /home/rajpurkar/CNI_Custom_LIO-SLAM-COLOUR_isaacsim/ros2_ws/src/isaac_sim_pointcloud_tool -DCMAKE_INSTALL_PREFIX=/home/rajpurkar/CNI_Custom_LIO-SLAM-COLOUR_isaacsim/ros2_ws/install/isaac_sim_pointcloud_tool
[2.404s] Invoking command in '/home/rajpurkar/CNI_Custom_LIO-SLAM-COLOUR_isaacsim/ros2_ws/build/isaac_sim_pointcloud_tool': CMAKE_PREFIX_PATH=/opt/ros/humble CONDA_PROMPT_MODIFIER=(base) /usr/bin/cmake --build /home/rajpurkar/CNI_Custom_LIO-SLAM-COLOUR_isaacsim/ros2_ws/build/isaac_sim_pointcloud_tool -- -j16 -l16
[2.436s] [ 50%] [32mBuilding CXX object CMakeFiles/converter.dir/src/converter.cpp.o[0m
[10.717s] [100%] [32m[1mLinking CXX executable converter[0m
[11.257s] [100%] Built target converter
[11.267s] Invoked command in '/home/rajpurkar/CNI_Custom_LIO-SLAM-COLOUR_isaacsim/ros2_ws/build/isaac_sim_pointcloud_tool' returned '0': CMAKE_PREFIX_PATH=/opt/ros/humble CONDA_PROMPT_MODIFIER=(base) /usr/bin/cmake --build /home/rajpurkar/CNI_Custom_LIO-SLAM-COLOUR_isaacsim/ros2_ws/build/isaac_sim_pointcloud_tool -- -j16 -l16
[11.273s] Invoking command in '/home/rajpurkar/CNI_Custom_LIO-SLAM-COLOUR_isaacsim/ros2_ws/build/isaac_sim_pointcloud_tool': CMAKE_PREFIX_PATH=/opt/ros/humble CONDA_PROMPT_MODIFIER=(base) /usr/bin/cmake --install /home/rajpurkar/CNI_Custom_LIO-SLAM-COLOUR_isaacsim/ros2_ws/build/isaac_sim_pointcloud_tool
[11.277s] -- Install configuration: ""
[11.277s] -- Installing: /home/rajpurkar/CNI_Custom_LIO-SLAM-COLOUR_isaacsim/ros2_ws/install/isaac_sim_pointcloud_tool/lib/isaac_sim_pointcloud_tool/converter
[11.279s] -- Set runtime path of "/home/rajpurkar/CNI_Custom_LIO-SLAM-COLOUR_isaacsim/ros2_ws/install/isaac_sim_pointcloud_tool/lib/isaac_sim_pointcloud_tool/converter" to ""
[11.279s] -- Installing: /home/rajpurkar/CNI_Custom_LIO-SLAM-COLOUR_isaacsim/ros2_ws/install/isaac_sim_pointcloud_tool/share/ament_index/resource_index/package_run_dependencies/isaac_sim_pointcloud_tool
[11.279s] -- Installing: /home/rajpurkar/CNI_Custom_LIO-SLAM-COLOUR_isaacsim/ros2_ws/install/isaac_sim_pointcloud_tool/share/ament_index/resource_index/parent_prefix_path/isaac_sim_pointcloud_tool
[11.279s] -- Installing: /home/rajpurkar/CNI_Custom_LIO-SLAM-COLOUR_isaacsim/ros2_ws/install/isaac_sim_pointcloud_tool/share/isaac_sim_pointcloud_tool/environment/ament_prefix_path.sh
[11.279s] -- Installing: /home/rajpurkar/CNI_Custom_LIO-SLAM-COLOUR_isaacsim/ros2_ws/install/isaac_sim_pointcloud_tool/share/isaac_sim_pointcloud_tool/environment/ament_prefix_path.dsv
[11.279s] -- Installing: /home/rajpurkar/CNI_Custom_LIO-SLAM-COLOUR_isaacsim/ros2_ws/install/isaac_sim_pointcloud_tool/share/isaac_sim_pointcloud_tool/environment/path.sh
[11.279s] -- Installing: /home/rajpurkar/CNI_Custom_LIO-SLAM-COLOUR_isaacsim/ros2_ws/install/isaac_sim_pointcloud_tool/share/isaac_sim_pointcloud_tool/environment/path.dsv
[11.280s] -- Installing: /home/rajpurkar/CNI_Custom_LIO-SLAM-COLOUR_isaacsim/ros2_ws/install/isaac_sim_pointcloud_tool/share/isaac_sim_pointcloud_tool/local_setup.bash
[11.280s] -- Installing: /home/rajpurkar/CNI_Custom_LIO-SLAM-COLOUR_isaacsim/ros2_ws/install/isaac_sim_pointcloud_tool/share/isaac_sim_pointcloud_tool/local_setup.sh
[11.280s] -- Installing: /home/rajpurkar/CNI_Custom_LIO-SLAM-COLOUR_isaacsim/ros2_ws/install/isaac_sim_pointcloud_tool/share/isaac_sim_pointcloud_tool/local_setup.zsh
[11.280s] -- Installing: /home/rajpurkar/CNI_Custom_LIO-SLAM-COLOUR_isaacsim/ros2_ws/install/isaac_sim_pointcloud_tool/share/isaac_sim_pointcloud_tool/local_setup.dsv
[11.280s] -- Installing: /home/rajpurkar/CNI_Custom_LIO-SLAM-COLOUR_isaacsim/ros2_ws/install/isaac_sim_pointcloud_tool/share/isaac_sim_pointcloud_tool/package.dsv
[11.280s] -- Installing: /home/rajpurkar/CNI_Custom_LIO-SLAM-COLOUR_isaacsim/ros2_ws/install/isaac_sim_pointcloud_tool/share/ament_index/resource_index/packages/isaac_sim_pointcloud_tool
[11.280s] -- Installing: /home/rajpurkar/CNI_Custom_LIO-SLAM-COLOUR_isaacsim/ros2_ws/install/isaac_sim_pointcloud_tool/share/isaac_sim_pointcloud_tool/cmake/isaac_sim_pointcloud_toolConfig.cmake
[11.280s] -- Installing: /home/rajpurkar/CNI_Custom_LIO-SLAM-COLOUR_isaacsim/ros2_ws/install/isaac_sim_pointcloud_tool/share/isaac_sim_pointcloud_tool/cmake/isaac_sim_pointcloud_toolConfig-version.cmake
[11.280s] -- Installing: /home/rajpurkar/CNI_Custom_LIO-SLAM-COLOUR_isaacsim/ros2_ws/install/isaac_sim_pointcloud_tool/share/isaac_sim_pointcloud_tool/package.xml
[11.281s] Invoked command in '/home/rajpurkar/CNI_Custom_LIO-SLAM-COLOUR_isaacsim/ros2_ws/build/isaac_sim_pointcloud_tool' returned '0': CMAKE_PREFIX_PATH=/opt/ros/humble CONDA_PROMPT_MODIFIER=(base) /usr/bin/cmake --install /home/rajpurkar/CNI_Custom_LIO-SLAM-COLOUR_isaacsim/ros2_ws/build/isaac_sim_pointcloud_tool
